Change Component Designator: Old Designator=C38 New Designator=C1
Change Component Designator: Old Designator=C39 New Designator=C2
Change Component Designator: Old Designator=C40 New Designator=C3
Change Component Designator: Old Designator=C41 New Designator=C4
Change Component Designator: Old Designator=C42 New Designator=C5
Change Component Designator: Old Designator=C43 New Designator=C6
Change Component Designator: Old Designator=C44 New Designator=C7
Change Component Designator: Old Designator=C45 New Designator=C8
Change Component Designator: Old Designator=C46 New Designator=C9
Change Component Designator: Old Designator=C47 New Designator=C10
Change Component Designator: Old Designator=C48 New Designator=C11
Change Component Designator: Old Designator=C49 New Designator=C12
Change Component Designator: Old Designator=C50 New Designator=C13
Change Component Designator: Old Designator=C51 New Designator=C14
Change Component Designator: Old Designator=C52 New Designator=C15
Change Component Designator: Old Designator=C53 New Designator=C16
Change Component Designator: Old Designator=C54 New Designator=C17
Change Component Designator: Old Designator=C55 New Designator=C18
Change Component Designator: Old Designator=C56 New Designator=C19
Change Component Designator: Old Designator=C57 New Designator=C21
Change Component Designator: Old Designator=C58 New Designator=C22
Change Component Designator: Old Designator=C59 New Designator=C23
Change Component Designator: Old Designator=C60 New Designator=C20
Change Component Designator: Old Designator=C61 New Designator=C24
Change Component Designator: Old Designator=C63 New Designator=C25
Change Component Designator: Old Designator=C64 New Designator=C26
Change Component Designator: Old Designator=D5 New Designator=D1
Change Component Designator: Old Designator=D6 New Designator=D2
Change Component Designator: Old Designator=D7 New Designator=D3
Change Component Designator: Old Designator=D8 New Designator=D4
Change Component Designator: Old Designator=D9 New Designator=D5
Change Component Designator: Old Designator=D10 New Designator=D6
Change Component Designator: Old Designator=D11 New Designator=D7
Change Component Designator: Old Designator=D12 New Designator=D8
Change Component Designator: Old Designator=D13 New Designator=D9
Change Component Designator: Old Designator=R17 New Designator=R1
Change Component Designator: Old Designator=R18 New Designator=R2
Change Component Designator: Old Designator=R19 New Designator=R3
Change Component Designator: Old Designator=R20 New Designator=R4
Change Component Designator: Old Designator=R21 New Designator=R5
Change Component Designator: Old Designator=R22 New Designator=R6
Change Component Designator: Old Designator=R23 New Designator=R7
Change Component Designator: Old Designator=R24 New Designator=R8
Change Component Designator: Old Designator=R25 New Designator=R9
Change Component Designator: Old Designator=R26 New Designator=R10
Change Component Designator: Old Designator=R27 New Designator=R11
Change Component Designator: Old Designator=R28 New Designator=R12
Change Component Designator: Old Designator=R29 New Designator=R13
Change Component Designator: Old Designator=R30 New Designator=R14
Change Component Designator: Old Designator=R31 New Designator=R15
Change Component Designator: Old Designator=R32 New Designator=R16
Change Component Designator: Old Designator=R33 New Designator=R17
Change Component Designator: Old Designator=R34 New Designator=R18
Change Component Designator: Old Designator=R35 New Designator=R19
Change Component Designator: Old Designator=TP19 New Designator=TP1
Change Component Designator: Old Designator=TP20 New Designator=TP2
Change Component Designator: Old Designator=TP21 New Designator=TP3
Change Component Designator: Old Designator=TP22 New Designator=TP4
Change Component Designator: Old Designator=TP23 New Designator=TP5
Change Component Designator: Old Designator=TP24 New Designator=TP6
Change Component Designator: Old Designator=U10 New Designator=U1
Change Component Designator: Old Designator=U10 New Designator=U1
Change Component Designator: Old Designator=U10 New Designator=U1
Change Component Designator: Old Designator=U10 New Designator=U1
Change Component Designator: Old Designator=U11 New Designator=U2
Change Component Designator: Old Designator=U11 New Designator=U2
Change Component Designator: Old Designator=U11 New Designator=U4
Change Component Part ID : Designator=U4 Old Part ID =3 New Part ID =1
Change Component Designator: Old Designator=U11 New Designator=U4
Change Component Designator: Old Designator=U12 New Designator=U3
Change Component Designator: Old Designator=U12 New Designator=U3
Change Component Designator: Old Designator=U12 New Designator=U3
Change Component Designator: Old Designator=U12 New Designator=U3
Change Component Designator: Old Designator=U13 New Designator=U2
Change Component Part ID : Designator=U2 Old Part ID =1 New Part ID =3
Change Component Designator: Old Designator=U13 New Designator=U2
Change Component Part ID : Designator=U2 Old Part ID =2 New Part ID =4
Change Component Designator: Old Designator=U13 New Designator=U4
Change Component Part ID : Designator=U4 Old Part ID =3 New Part ID =2
Change Component Designator: Old Designator=U13 New Designator=U4
Change Component Part ID : Designator=U4 Old Part ID =4 New Part ID =3
Change Component Designator: Old Designator=U14 New Designator=U5
Change Component Designator: Old Designator=U14 New Designator=U5
Change Component Designator: Old Designator=U14 New Designator=U5
Change Component Designator: Old Designator=U14 New Designator=U5
