Removed Member From Class: ClassName=CUK_3Ph_Power_Supplys Member=TP5
Removed Member From Class: ClassName=CUK_3Ph_Power_Supplys Member=TP7
Added Component: Designator=C27(Capacitor 0805)
Add component. Clean all parameters for all variants
Add component (AddParameter): Name = "LatestRevisionDate"; Value = "17-Jul-2002"; VariantName = "[No Variations]"
Add component (AddParameter): Name = "LatestRevisionNote"; Value = "Re-released for DXP Platform."; VariantName = "[No Variations]"
Add component (AddParameter): Name = "PackageReference"; Value = "RAD-0.3"; VariantName = "[No Variations]"
Add component (AddParameter): Name = "Published"; Value = "8-Jun-2000"; VariantName = "[No Variations]"
Add component (AddParameter): Name = "Publisher"; Value = "Altium Limited"; VariantName = "[No Variations]"
Add component (AddParameter): Name = "Value"; Value = "470nF"; VariantName = "[No Variations]"
Added Component: Designator=C28(Capacitor 0805)
Add component. Clean all parameters for all variants
Add component (AddParameter): Name = "LatestRevisionDate"; Value = "17-Jul-2002"; VariantName = "[No Variations]"
Add component (AddParameter): Name = "LatestRevisionNote"; Value = "Re-released for DXP Platform."; VariantName = "[No Variations]"
Add component (AddParameter): Name = "PackageReference"; Value = "RAD-0.3"; VariantName = "[No Variations]"
Add component (AddParameter): Name = "Published"; Value = "8-Jun-2000"; VariantName = "[No Variations]"
Add component (AddParameter): Name = "Publisher"; Value = "Altium Limited"; VariantName = "[No Variations]"
Add component (AddParameter): Name = "Value"; Value = "470nF"; VariantName = "[No Variations]"
Added Component: Designator=R36(0805 RES)
Add component. Clean all parameters for all variants
Add component (AddParameter): Name = "Published"; Value = "8-Jun-2000"; VariantName = "[No Variations]"
Add component (AddParameter): Name = "Publisher"; Value = "Altium Limited"; VariantName = "[No Variations]"
Add component (AddParameter): Name = "Revision"; Value = "July-2002: Re-released for DXP Platform."; VariantName = "[No Variations]"
Add component (AddParameter): Name = "Value"; Value = "10k"; VariantName = "[No Variations]"
Added Pin To Net: NetName=DSP_3V3 Pin=C27-1
Added Pin To Net: NetName=DSPGND Pin=C27-2
Added Pin To Net: NetName=P5V Pin=C28-1
Added Pin To Net: NetName=GND Pin=C28-2
Added Pin To Net: NetName=NetDigital ISO1_12 Pin=P1-23
Added Pin To Net: NetName=NetDigital ISO1_12 Pin=P1-24
Added Pin To Net: NetName=P5V Pin=R36-1
Added Pin To Net: NetName=NetOPT3_10 Pin=R36-2
Added Member To Class: ClassName=CUK_3Ph_dig_iso_interface Member=Component C27 Cap
Added Member To Class: ClassName=CUK_3Ph_dig_iso_interface Member=Component C28 Cap
Added Member To Class: ClassName=CUK_3Ph_dig_iso_interface Member=Component P1 Header 15X2
Added Member To Class: ClassName=CUK_3Ph_dig_iso_interface Member=Component R36 Res1
