Removed Pin From Net: NetName=NetC38_2 Pin=U11-1
Removed Pin From Net: NetName=NetC38_1 Pin=U11-2
Removed Pin From Net: NetName=DSPGND Pin=U11-5
Removed Pin From Net: NetName=NetC44_1 Pin=U11-6
Removed Pin From Net: NetName=NetC44_2 Pin=U11-7
Removed Pin From Net: NetName=NetC50_2 Pin=U11-8
Removed Pin From Net: NetName=NetC50_1 Pin=U11-9
Removed Pin From Net: NetName=DSP_5V Pin=U13-4
Removed Pin From Net: NetName=DSPGND Pin=U13-11
Removed Pin From Net: NetName=DSPGND Pin=U13-12
Removed Pin From Net: NetName=NetC53_1 Pin=U13-13
Removed Pin From Net: NetName=NetC53_2 Pin=U13-14
Removed Member From Class: ClassName=DAC Member=C
Removed Member From Class: ClassName=DAC Member=R41
Removed Member From Class: ClassName=CUK_3Ph_dig_iso_interface Member=TP17
Removed Member From Class: ClassName=CUK_3Ph_Analog_Isolation Member=U13
Change Component Designator: OldDesignator=B NewDesignator=B1
Change Component Designator: OldDesignator=C1 NewDesignator=C31
Change Component Designator: OldDesignator=C2 NewDesignator=C32
Change Component Designator: OldDesignator=C3 NewDesignator=C33
Change Component Designator: OldDesignator=C4 NewDesignator=C34
Change Component Designator: OldDesignator=C8 NewDesignator=C35
Change Component Designator: OldDesignator=C9 NewDesignator=C36
Change Component Designator: OldDesignator=C10 NewDesignator=C37
Change Component Designator: OldDesignator=C11 NewDesignator=C38
Change Component Designator: OldDesignator=C12 NewDesignator=C39
Change Component Designator: OldDesignator=C13 NewDesignator=C40
Change Component Designator: OldDesignator=C15 NewDesignator=C41
Change Component Designator: OldDesignator=C18 NewDesignator=C42
Change Component Designator: OldDesignator=C19 NewDesignator=C43
Change Component Designator: OldDesignator=C20 NewDesignator=C44
Change Component Designator: OldDesignator=C21 NewDesignator=C45
Change Component Designator: OldDesignator=C22 NewDesignator=C46
Change Component Designator: OldDesignator=C23 NewDesignator=C47
Change Component Designator: OldDesignator=C24 NewDesignator=C48
Change Component Designator: OldDesignator=C25 NewDesignator=C49
Change Component Designator: OldDesignator=C26 NewDesignator=C50
Change Component Designator: OldDesignator=C27 NewDesignator=C28
Change Component Designator: OldDesignator=C28 NewDesignator=C27
Change Component Designator: OldDesignator=C33 NewDesignator=C51
Change Component Designator: OldDesignator=C34 NewDesignator=C52
Change Component Designator: OldDesignator=C35 NewDesignator=C53
Change Component Designator: OldDesignator=C36 NewDesignator=C54
Change Component Designator: OldDesignator=C37 NewDesignator=C55
Change Component Designator: OldDesignator=C38 NewDesignator=C1
Change Component Designator: OldDesignator=C39 NewDesignator=C2
Change Component Designator: OldDesignator=C40 NewDesignator=C3
Change Component Designator: OldDesignator=C41 NewDesignator=C4
Change Component Designator: OldDesignator=C42 NewDesignator=C5
Change Component Designator: OldDesignator=C43 NewDesignator=C6
Change Component Designator: OldDesignator=C44 NewDesignator=C7
Change Component Designator: OldDesignator=C45 NewDesignator=C8
Change Component Designator: OldDesignator=C46 NewDesignator=C9
Change Component Designator: OldDesignator=C47 NewDesignator=C10
Change Component Designator: OldDesignator=C48 NewDesignator=C11
Change Component Designator: OldDesignator=C49 NewDesignator=C12
Change Component Designator: OldDesignator=C50 NewDesignator=C13
Change Component Designator: OldDesignator=C51 NewDesignator=C14
Change Component Designator: OldDesignator=C52 NewDesignator=C15
Change Component Designator: OldDesignator=C53 NewDesignator=C16
Change Component Designator: OldDesignator=C54 NewDesignator=C17
Change Component Designator: OldDesignator=C55 NewDesignator=C18
Change Component Designator: OldDesignator=C56 NewDesignator=C19
Change Component Designator: OldDesignator=C57 NewDesignator=C21
Change Component Designator: OldDesignator=C58 NewDesignator=C22
Change Component Designator: OldDesignator=C59 NewDesignator=C23
Change Component Designator: OldDesignator=C60 NewDesignator=C20
Change Component Designator: OldDesignator=C61 NewDesignator=C24
Change Component Designator: OldDesignator=C63 NewDesignator=C25
Change Component Designator: OldDesignator=C64 NewDesignator=C26
Change Component Designator: OldDesignator=C67 NewDesignator=C56
Change Component Designator: OldDesignator=C68 NewDesignator=C57
Change Component Designator: OldDesignator=C69 NewDesignator=C58
Change Component Designator: OldDesignator=C71 NewDesignator=C59
Change Component Designator: OldDesignator=C72 NewDesignator=C60
Change Component Designator: OldDesignator=C73 NewDesignator=C61
Change Component Designator: OldDesignator=C74 NewDesignator=C62
Change Component Designator: OldDesignator=C75 NewDesignator=C63
Change Component Designator: OldDesignator=C76 NewDesignator=C64
Change Component Designator: OldDesignator=C77 NewDesignator=C65
Change Component Designator: OldDesignator=D1 NewDesignator=D10
Change Component Designator: OldDesignator=D2 NewDesignator=D11
Change Component Designator: OldDesignator=D3 NewDesignator=D12
Change Component Designator: OldDesignator=D4 NewDesignator=D13
Change Component Designator: OldDesignator=D5 NewDesignator=D1
Change Component Designator: OldDesignator=D6 NewDesignator=D2
Change Component Designator: OldDesignator=D7 NewDesignator=D3
Change Component Designator: OldDesignator=D8 NewDesignator=D4
Change Component Designator: OldDesignator=D9 NewDesignator=D5
Change Component Designator: OldDesignator=D10 NewDesignator=D6
Change Component Designator: OldDesignator=D11 NewDesignator=D7
Change Component Designator: OldDesignator=D12 NewDesignator=D8
Change Component Designator: OldDesignator=D13 NewDesignator=D9
Change Component Designator: OldDesignator=D NewDesignator=D14
Change Component Designator: OldDesignator=E NewDesignator=E1
Change Component Designator: OldDesignator=F NewDesignator=F1
Change Component Designator: OldDesignator=G NewDesignator=G1
Change Component Designator: OldDesignator=H NewDesignator=H1
Change Component Designator: OldDesignator=OPT3 NewDesignator=OPT1
Change Component Designator: OldDesignator=R1 NewDesignator=R37
Change Component Designator: OldDesignator=R2 NewDesignator=R27
Change Component Designator: OldDesignator=R3 NewDesignator=R38
Change Component Designator: OldDesignator=R4 NewDesignator=R28
Change Component Designator: OldDesignator=R5 NewDesignator=R20
Change Component Designator: OldDesignator=R6 NewDesignator=R21
Change Component Designator: OldDesignator=R7 NewDesignator=R22
Change Component Designator: OldDesignator=R8 NewDesignator=R23
Change Component Designator: OldDesignator=R9 NewDesignator=R29
Change Component Designator: OldDesignator=R10 NewDesignator=R30
Change Component Designator: OldDesignator=R11 NewDesignator=R31
Change Component Designator: OldDesignator=R12 NewDesignator=R32
Change Component Designator: OldDesignator=R13 NewDesignator=R33
Change Component Designator: OldDesignator=R14 NewDesignator=R34
Change Component Designator: OldDesignator=R15 NewDesignator=R35
Change Component Designator: OldDesignator=R16 NewDesignator=R36
Change Component Designator: OldDesignator=R17 NewDesignator=R1
Change Component Designator: OldDesignator=R18 NewDesignator=R2
Change Component Designator: OldDesignator=R19 NewDesignator=R3
Change Component Designator: OldDesignator=R20 NewDesignator=R4
Change Component Designator: OldDesignator=R21 NewDesignator=R5
Change Component Designator: OldDesignator=R22 NewDesignator=R6
Change Component Designator: OldDesignator=R23 NewDesignator=R7
Change Component Designator: OldDesignator=R24 NewDesignator=R8
Change Component Designator: OldDesignator=R25 NewDesignator=R9
Change Component Designator: OldDesignator=R26 NewDesignator=R10
Change Component Designator: OldDesignator=R27 NewDesignator=R11
Change Component Designator: OldDesignator=R28 NewDesignator=R12
Change Component Designator: OldDesignator=R29 NewDesignator=R13
Change Component Designator: OldDesignator=R30 NewDesignator=R14
Change Component Designator: OldDesignator=R31 NewDesignator=R15
Change Component Designator: OldDesignator=R32 NewDesignator=R16
Change Component Designator: OldDesignator=R33 NewDesignator=R17
Change Component Designator: OldDesignator=R34 NewDesignator=R18
Change Component Designator: OldDesignator=R35 NewDesignator=R19
Change Component Designator: OldDesignator=R36 NewDesignator=R24
Change Component Designator: OldDesignator=R37 NewDesignator=R39
Change Component Designator: OldDesignator=R38 NewDesignator=R40
Change Component Designator: OldDesignator=R39 NewDesignator=R41
Change Component Designator: OldDesignator=R40 NewDesignator=R42
Change Component Designator: OldDesignator=R42 NewDesignator=R43
Change Component Designator: OldDesignator=R43 NewDesignator=R44
Change Component Designator: OldDesignator=R44 NewDesignator=R45
Change Component Designator: OldDesignator=R45 NewDesignator=R25
Change Component Designator: OldDesignator=R46 NewDesignator=R26
Change Component Designator: OldDesignator=TP1 NewDesignator=TP15
Change Component Designator: OldDesignator=TP2 NewDesignator=TP11
Change Component Designator: OldDesignator=TP3 NewDesignator=TP16
Change Component Designator: OldDesignator=TP4 NewDesignator=TP17
Change Component Designator: OldDesignator=TP5 NewDesignator=TP12
Change Component Designator: OldDesignator=TP6 NewDesignator=TP18
Change Component Designator: OldDesignator=TP7 NewDesignator=TP13
Change Component Designator: OldDesignator=TP8 NewDesignator=TP19
Change Component Designator: OldDesignator=TP9 NewDesignator=TP14
Change Component Designator: OldDesignator=TP10 NewDesignator=TP20
Change Component Designator: OldDesignator=TP11 NewDesignator=TP21
Change Component Designator: OldDesignator=TP12 NewDesignator=TP22
Change Component Designator: OldDesignator=TP13 NewDesignator=TP7
Change Component Designator: OldDesignator=TP14 NewDesignator=TP8
Change Component Designator: OldDesignator=TP17 NewDesignator=TP9
Change Component Designator: OldDesignator=TP18 NewDesignator=TP10
Change Component Designator: OldDesignator=TP19 NewDesignator=TP1
Change Component Designator: OldDesignator=TP20 NewDesignator=TP2
Change Component Designator: OldDesignator=TP21 NewDesignator=TP3
Change Component Designator: OldDesignator=TP22 NewDesignator=TP4
Change Component Designator: OldDesignator=TP23 NewDesignator=TP5
Change Component Designator: OldDesignator=TP24 NewDesignator=TP6
Change Component Designator: OldDesignator=TP26 NewDesignator=TP23
Change Component Designator: OldDesignator=U1 NewDesignator=U6
Change Component Designator: OldDesignator=U3 NewDesignator=U7
Change Component Designator: OldDesignator=U4 NewDesignator=U8
Change Component Designator: OldDesignator=U6 NewDesignator=U9
Change Component Designator: OldDesignator=U7 NewDesignator=U10
Change Component Designator: OldDesignator=U8 NewDesignator=U11
Change Component Designator: OldDesignator=U9 NewDesignator=U12
Change Component Designator: OldDesignator=U10 NewDesignator=U1
Change Component Designator: OldDesignator=U11 NewDesignator=U4
Change Component Designator: OldDesignator=U12 NewDesignator=U3
Change Component Designator: OldDesignator=U14 NewDesignator=U5
Added Component: Designator=1(AD8056)
Add component. Clean all parameters for all variants
Added Component: Designator=ATEST1(Test Point)
Add component. Clean all parameters for all variants
Added Component: Designator=ATESTIN1(Test Point)
Add component. Clean all parameters for all variants
Added Component: Designator=C66(Capacitor 0805)
Add component. Clean all parameters for all variants
Add component (AddParameter): Name = "LatestRevisionDate"; Value = "17-Jul-2002"; VariantName = "[No Variations]"
Add component (AddParameter): Name = "LatestRevisionNote"; Value = "Re-released for DXP Platform."; VariantName = "[No Variations]"
Add component (AddParameter): Name = "PackageReference"; Value = "RAD-0.3"; VariantName = "[No Variations]"
Add component (AddParameter): Name = "Published"; Value = "8-Jun-2000"; VariantName = "[No Variations]"
Add component (AddParameter): Name = "Publisher"; Value = "Altium Limited"; VariantName = "[No Variations]"
Add component (AddParameter): Name = "Value"; Value = "0.01u"; VariantName = "[No Variations]"
Added Component: Designator=C67(Capacitor 0805)
Add component. Clean all parameters for all variants
Add component (AddParameter): Name = "LatestRevisionDate"; Value = "17-Jul-2002"; VariantName = "[No Variations]"
Add component (AddParameter): Name = "LatestRevisionNote"; Value = "Re-released for DXP Platform."; VariantName = "[No Variations]"
Add component (AddParameter): Name = "PackageReference"; Value = "RAD-0.3"; VariantName = "[No Variations]"
Add component (AddParameter): Name = "Published"; Value = "8-Jun-2000"; VariantName = "[No Variations]"
Add component (AddParameter): Name = "Publisher"; Value = "Altium Limited"; VariantName = "[No Variations]"
Add component (AddParameter): Name = "Value"; Value = "10u"; VariantName = "[No Variations]"
Added Component: Designator=C68(Capacitor 0805)
Add component. Clean all parameters for all variants
Add component (AddParameter): Name = "LatestRevisionDate"; Value = "17-Jul-2002"; VariantName = "[No Variations]"
Add component (AddParameter): Name = "LatestRevisionNote"; Value = "Re-released for DXP Platform."; VariantName = "[No Variations]"
Add component (AddParameter): Name = "PackageReference"; Value = "RAD-0.3"; VariantName = "[No Variations]"
Add component (AddParameter): Name = "Published"; Value = "8-Jun-2000"; VariantName = "[No Variations]"
Add component (AddParameter): Name = "Publisher"; Value = "Altium Limited"; VariantName = "[No Variations]"
Add component (AddParameter): Name = "Value"; Value = "100pF"; VariantName = "[No Variations]"
Added Component: Designator=C69(Capacitor 0805)
Add component. Clean all parameters for all variants
Add component (AddParameter): Name = "LatestRevisionDate"; Value = "17-Jul-2002"; VariantName = "[No Variations]"
Add component (AddParameter): Name = "LatestRevisionNote"; Value = "Re-released for DXP Platform."; VariantName = "[No Variations]"
Add component (AddParameter): Name = "PackageReference"; Value = "RAD-0.3"; VariantName = "[No Variations]"
Add component (AddParameter): Name = "Published"; Value = "8-Jun-2000"; VariantName = "[No Variations]"
Add component (AddParameter): Name = "Publisher"; Value = "Altium Limited"; VariantName = "[No Variations]"
Add component (AddParameter): Name = "Value"; Value = "100pF"; VariantName = "[No Variations]"
Added Component: Designator=CTEST1(Test Point)
Add component. Clean all parameters for all variants
Added Component: Designator=CTESTIN1(Test Point)
Add component. Clean all parameters for all variants
Added Component: Designator=R46(0805 RES)
Add component. Clean all parameters for all variants
Add component (AddParameter): Name = "Published"; Value = "8-Jun-2000"; VariantName = "[No Variations]"
Add component (AddParameter): Name = "Publisher"; Value = "Altium Limited"; VariantName = "[No Variations]"
Add component (AddParameter): Name = "Revision"; Value = "July-2002: Re-released for DXP Platform."; VariantName = "[No Variations]"
Add component (AddParameter): Name = "Value"; Value = "220"; VariantName = "[No Variations]"
Added Component: Designator=R47(0805 RES)
Add component. Clean all parameters for all variants
Add component (AddParameter): Name = "Published"; Value = "8-Jun-2000"; VariantName = "[No Variations]"
Add component (AddParameter): Name = "Publisher"; Value = "Altium Limited"; VariantName = "[No Variations]"
Add component (AddParameter): Name = "Revision"; Value = "July-2002: Re-released for DXP Platform."; VariantName = "[No Variations]"
Add component (AddParameter): Name = "Value"; Value = "220"; VariantName = "[No Variations]"
Added Component: Designator=R48(0805 RES)
Add component. Clean all parameters for all variants
Add component (AddParameter): Name = "Published"; Value = "8-Jun-2000"; VariantName = "[No Variations]"
Add component (AddParameter): Name = "Publisher"; Value = "Altium Limited"; VariantName = "[No Variations]"
Add component (AddParameter): Name = "Revision"; Value = "July-2002: Re-released for DXP Platform."; VariantName = "[No Variations]"
Add component (AddParameter): Name = "Value"; Value = "220"; VariantName = "[No Variations]"
Added Component: Designator=R49(0805 RES)
Add component. Clean all parameters for all variants
Add component (AddParameter): Name = "Published"; Value = "8-Jun-2000"; VariantName = "[No Variations]"
Add component (AddParameter): Name = "Publisher"; Value = "Altium Limited"; VariantName = "[No Variations]"
Add component (AddParameter): Name = "Revision"; Value = "July-2002: Re-released for DXP Platform."; VariantName = "[No Variations]"
Add component (AddParameter): Name = "Value"; Value = "220"; VariantName = "[No Variations]"
Added Component: Designator=R50(0805 RES)
Add component. Clean all parameters for all variants
Add component (AddParameter): Name = "Published"; Value = "8-Jun-2000"; VariantName = "[No Variations]"
Add component (AddParameter): Name = "Publisher"; Value = "Altium Limited"; VariantName = "[No Variations]"
Add component (AddParameter): Name = "Revision"; Value = "July-2002: Re-released for DXP Platform."; VariantName = "[No Variations]"
Add component (AddParameter): Name = "Value"; Value = "220"; VariantName = "[No Variations]"
Added Component: Designator=R51(0805 RES)
Add component. Clean all parameters for all variants
Add component (AddParameter): Name = "Published"; Value = "8-Jun-2000"; VariantName = "[No Variations]"
Add component (AddParameter): Name = "Publisher"; Value = "Altium Limited"; VariantName = "[No Variations]"
Add component (AddParameter): Name = "Revision"; Value = "July-2002: Re-released for DXP Platform."; VariantName = "[No Variations]"
Add component (AddParameter): Name = "Value"; Value = "220"; VariantName = "[No Variations]"
Added Component: Designator=R52(0805 RES)
Add component. Clean all parameters for all variants
Add component (AddParameter): Name = "Published"; Value = "8-Jun-2000"; VariantName = "[No Variations]"
Add component (AddParameter): Name = "Publisher"; Value = "Altium Limited"; VariantName = "[No Variations]"
Add component (AddParameter): Name = "Revision"; Value = "July-2002: Re-released for DXP Platform."; VariantName = "[No Variations]"
Add component (AddParameter): Name = "Value"; Value = "220"; VariantName = "[No Variations]"
Added Component: Designator=R53(0805 RES)
Add component. Clean all parameters for all variants
Add component (AddParameter): Name = "Published"; Value = "8-Jun-2000"; VariantName = "[No Variations]"
Add component (AddParameter): Name = "Publisher"; Value = "Altium Limited"; VariantName = "[No Variations]"
Add component (AddParameter): Name = "Revision"; Value = "July-2002: Re-released for DXP Platform."; VariantName = "[No Variations]"
Add component (AddParameter): Name = "Value"; Value = "220"; VariantName = "[No Variations]"
Added Component: Designator=U2(SOIC14)
Add component. Clean all parameters for all variants
Add component (AddParameter): Name = "Code_IPC"; Value = "SOIC127P600-14"; VariantName = "[No Variations]"
Add component (AddParameter): Name = "ComponentLink1Description"; Value = "Manufacturer Link"; VariantName = "[No Variations]"
Add component (AddParameter): Name = "ComponentLink1URL"; Value = "http://www.st.com/"; VariantName = "[No Variations]"
Add component (AddParameter): Name = "ComponentLink2Description"; Value = "Datasheet"; VariantName = "[No Variations]"
Add component (AddParameter): Name = "ComponentLink2URL"; Value = "http://www.st.com/stonline/products/literature/ds/2305/ts27l4.pdf"; VariantName = "[No Variations]"
Add component (AddParameter): Name = "DatasheetVersion"; Value = "Nov-1998"; VariantName = "[No Variations]"
Add component (AddParameter): Name = "LatestRevisionDate"; Value = "13-Apr-2006"; VariantName = "[No Variations]"
Add component (AddParameter): Name = "LatestRevisionNote"; Value = "IPC-7351 Footprint Added."; VariantName = "[No Variations]"
Add component (AddParameter): Name = "PackageDescription"; Value = "14-Pin Small Outline Integrated Circuit 1.27 mm Pitch"; VariantName = "[No Variations]"
Add component (AddParameter): Name = "PackageReference"; Value = "SO14"; VariantName = "[No Variations]"
Add component (AddParameter): Name = "PackageVersion"; Value = "Sep-1998"; VariantName = "[No Variations]"
Add component (AddParameter): Name = "Published"; Value = "24-Aug-2001"; VariantName = "[No Variations]"
Add component (AddParameter): Name = "Publisher"; Value = "Altium Limited"; VariantName = "[No Variations]"
Added Pin To Net: NetName=DSPGND Pin=1-4
Added Pin To Net: NetName=DSP_5V Pin=1-8
Added Pin To Net: NetName=DSP_5V Pin=C66-1
Added Pin To Net: NetName=DSPGND Pin=C66-2
Added Pin To Net: NetName=DSP_5V Pin=C67-1
Added Pin To Net: NetName=DSPGND Pin=C67-2
Added Pin To Net: NetName=DSPGND Pin=R47-1
Added Pin To Net: NetName=DSPGND Pin=R51-2
Added Pin To Net: NetName=NetC38_2 Pin=U2-1
Added Pin To Net: NetName=NetC38_1 Pin=U2-2
Added Pin To Net: NetName=DSPGND Pin=U2-3
Added Pin To Net: NetName=DSP_5V Pin=U2-4
Added Pin To Net: NetName=DSPGND Pin=U2-5
Added Pin To Net: NetName=NetC44_1 Pin=U2-6
Added Pin To Net: NetName=NetC44_2 Pin=U2-7
Added Pin To Net: NetName=DSPGND Pin=U2-11
Added Pin To Net: NetName=NetC50_2 Pin=U4-1
Added Pin To Net: NetName=NetC50_1 Pin=U4-2
Added Pin To Net: NetName=NetC53_2 Pin=U4-8
Added Pin To Net: NetName=NetC53_1 Pin=U4-9
Change Net Name : Old Net Name=NetB_1 New Net Name=NetB1_1
Change Net Name : Old Net Name=NetC1_1 New Net Name=NetC31_1
Change Net Name : Old Net Name=NetC10_2 New Net Name=NetC37_2
Change Net Name : Old Net Name=NetC11_1 New Net Name=NetC38_1
Change Net Name : Old Net Name=NetC23_1 New Net Name=NetC47_1
Change Net Name : Old Net Name=NetC34_2 New Net Name=NetC52_2
Change Net Name : Old Net Name=NetC35_2 New Net Name=NetC53_2
Change Net Name : Old Net Name=NetC36_2 New Net Name=NetC54_2
Change Net Name : Old Net Name=NetC37_2 New Net Name=NetC55_2
Change Net Name : Old Net Name=NetC38_1 New Net Name=NetC1_1
Change Net Name : Old Net Name=NetC38_2 New Net Name=NetC1_2
Change Net Name : Old Net Name=NetC40_1 New Net Name=NetC3_1
Change Net Name : Old Net Name=NetC40_2 New Net Name=NetC3_2
Change Net Name : Old Net Name=NetC41_1 New Net Name=NetC4_1
Change Net Name : Old Net Name=NetC43_1 New Net Name=NetC6_1
Change Net Name : Old Net Name=NetC43_2 New Net Name=NetC6_2
Change Net Name : Old Net Name=NetC44_1 New Net Name=NetC7_1
Change Net Name : Old Net Name=NetC44_2 New Net Name=NetC7_2
Change Net Name : Old Net Name=NetC47_1 New Net Name=NetC10_1
Change Net Name : Old Net Name=NetC49_1 New Net Name=NetC12_1
Change Net Name : Old Net Name=NetC49_2 New Net Name=NetC12_2
Change Net Name : Old Net Name=NetC50_1 New Net Name=NetC13_1
Change Net Name : Old Net Name=NetC50_2 New Net Name=NetC13_2
Change Net Name : Old Net Name=NetC51_1 New Net Name=NetC14_1
Change Net Name : Old Net Name=NetC52_1 New Net Name=NetC15_1
Change Net Name : Old Net Name=NetC52_2 New Net Name=NetC15_2
Change Net Name : Old Net Name=NetC53_1 New Net Name=NetC16_1
Change Net Name : Old Net Name=NetC53_2 New Net Name=NetC16_2
Change Net Name : Old Net Name=NetC54_1 New Net Name=NetC17_1
Change Net Name : Old Net Name=NetC54_2 New Net Name=NetC17_2
Change Net Name : Old Net Name=NetC57_1 New Net Name=NetC21_1
Change Net Name : Old Net Name=NetC58_1 New Net Name=NetC22_1
Change Net Name : Old Net Name=NetC58_2 New Net Name=NetC22_2
Change Net Name : Old Net Name=NetC59_1 New Net Name=NetC23_1
Change Net Name : Old Net Name=NetC59_2 New Net Name=NetC23_2
Change Net Name : Old Net Name=NetC61_1 New Net Name=NetC24_1
Change Net Name : Old Net Name=NetC67_1 New Net Name=NetC56_1
Change Net Name : Old Net Name=NetC68_1 New Net Name=NetC57_1
Change Net Name : Old Net Name=NetC71_1 New Net Name=NetC59_1
Change Net Name : Old Net Name=NetC73_1 New Net Name=NetC61_1
Change Net Name : Old Net Name=NetC74_1 New Net Name=NetC62_1
Change Net Name : Old Net Name=NetC75_1 New Net Name=NetC63_1
Change Net Name : Old Net Name=NetD1_2 New Net Name=NetD10_2
Change Net Name : Old Net Name=NetD2_2 New Net Name=NetD11_2
Change Net Name : Old Net Name=NetD3_2 New Net Name=NetD12_2
Change Net Name : Old Net Name=NetD4_2 New Net Name=NetD13_2
Change Net Name : Old Net Name=NetOPT3_2 New Net Name=NetOPT1_2
Change Net Name : Old Net Name=NetOPT3_3 New Net Name=NetOPT1_3
Change Net Name : Old Net Name=NetOPT3_4 New Net Name=NetOPT1_4
Change Net Name : Old Net Name=NetOPT3_5 New Net Name=NetOPT1_5
Change Net Name : Old Net Name=NetOPT3_6 New Net Name=NetOPT1_6
Change Net Name : Old Net Name=NetOPT3_10 New Net Name=NetOPT1_10
Change Net Name : Old Net Name=NetOPT3_11 New Net Name=NetOPT1_11
Change Net Name : Old Net Name=NetOPT3_12 New Net Name=NetOPT1_12
Change Net Name : Old Net Name=NetOPT3_13 New Net Name=NetOPT1_13
Change Net Name : Old Net Name=NetOPT3_14 New Net Name=NetOPT1_14
Change Net Name : Old Net Name=NetOPT3_15 New Net Name=NetOPT1_15
Change Net Name : Old Net Name=NetR18_1 New Net Name=NetR2_1
Change Net Name : Old Net Name=NetR21_1 New Net Name=NetR5_1
Change Net Name : Old Net Name=NetR23_1 New Net Name=NetR7_1
Change Net Name : Old Net Name=NetR28_1 New Net Name=NetR12_1
Change Net Name : Old Net Name=NetR33_1 New Net Name=NetR17_1
Change Net Name : Old Net Name=NetR35_2 New Net Name=NetR19_2
Added Pin To Net: NetName=A_out Pin=ATESTIN1-1
Added Pin To Net: NetName=A_out Pin=DAC1-12
Added Pin To Net: NetName=A_out Pin=R49-1
Added Net: Name=A_out
Added Pin To Net: NetName=C_out Pin=CTESTIN1-1
Added Pin To Net: NetName=C_out Pin=DAC1-14
Added Pin To Net: NetName=C_out Pin=R53-2
Added Net: Name=C_out
Added Pin To Net: NetName=Net1_1 Pin=1-1
Added Pin To Net: NetName=Net1_1 Pin=ATEST1-1
Added Pin To Net: NetName=Net1_1 Pin=C68-1
Added Pin To Net: NetName=Net1_1 Pin=R46-2
Added Net: Name=Net1_1
Added Pin To Net: NetName=Net1_2 Pin=1-2
Added Pin To Net: NetName=Net1_2 Pin=R46-1
Added Pin To Net: NetName=Net1_2 Pin=R47-2
Added Net: Name=Net1_2
Added Pin To Net: NetName=Net1_3 Pin=1-3
Added Pin To Net: NetName=Net1_3 Pin=C70-1
Added Pin To Net: NetName=Net1_3 Pin=R50-2
Added Net: Name=Net1_3
Added Pin To Net: NetName=Net1_5 Pin=1-5
Added Pin To Net: NetName=Net1_5 Pin=R52-1
Added Net: Name=Net1_5
Added Pin To Net: NetName=Net1_6 Pin=1-6
Added Pin To Net: NetName=Net1_6 Pin=R48-1
Added Pin To Net: NetName=Net1_6 Pin=R51-1
Added Net: Name=Net1_6
Added Pin To Net: NetName=Net1_7 Pin=1-7
Added Pin To Net: NetName=Net1_7 Pin=C69-1
Added Pin To Net: NetName=Net1_7 Pin=CTEST1-1
Added Pin To Net: NetName=Net1_7 Pin=R48-2
Added Net: Name=Net1_7
Added Pin To Net: NetName=NetC68_2 Pin=C68-2
Added Pin To Net: NetName=NetC68_2 Pin=R49-2
Added Pin To Net: NetName=NetC68_2 Pin=R50-1
Added Net: Name=NetC68_2
Added Pin To Net: NetName=NetC69_2 Pin=C69-2
Added Pin To Net: NetName=NetC69_2 Pin=R52-2
Added Pin To Net: NetName=NetC69_2 Pin=R53-1
Added Net: Name=NetC69_2
Added Member To Class: ClassName=DAC Member=Component 1 TLC2272 SOIC-8
Added Member To Class: ClassName=DAC Member=Component ATEST1 Test point
Added Member To Class: ClassName=DAC Member=Component ATESTIN1 Test point
Added Member To Class: ClassName=DAC Member=Component C66 Cap
Added Member To Class: ClassName=DAC Member=Component C67 Cap
Added Member To Class: ClassName=DAC Member=Component C68 Cap
Added Member To Class: ClassName=DAC Member=Component C69 Cap
Added Member To Class: ClassName=DAC Member=Component CTEST1 Test point
Added Member To Class: ClassName=DAC Member=Component CTESTIN1 Test point
Added Member To Class: ClassName=DAC Member=Component R46 Res1
Added Member To Class: ClassName=DAC Member=Component R47 Res1
Added Member To Class: ClassName=DAC Member=Component R48 Res1
Added Member To Class: ClassName=DAC Member=Component R49 Res1
Added Member To Class: ClassName=DAC Member=Component R50 Res1
Added Member To Class: ClassName=DAC Member=Component R51 Res1
Added Member To Class: ClassName=DAC Member=Component R52 Res1
Added Member To Class: ClassName=DAC Member=Component R53 Res1
Added Member To Class: ClassName=CUK_3Ph_dig_iso_interface Member=Component TP14 Test point
Added Member To Class: ClassName=CUK_3Ph_Analog_Isolation Member=Component U2 TLC2274ACD
