Removed Pin From Net: NetName=DSP_3V3 Pin=Dig_opto_L1-1
Removed Pin From Net: NetName=DSPGND Pin=Dig_opto_L1-2
Removed Pin From Net: NetName=DSP_3V3 Pin=Dig_opto_L1-7
Removed Pin From Net: NetName=DSPGND Pin=Dig_opto_L1-8
Removed Pin From Net: NetName=GND Pin=Dig_opto_L1-9
Removed Pin From Net: NetName=P5V Pin=Dig_opto_L1-10
Removed Pin From Net: NetName=NetDig_opto_L1_11 Pin=Dig_opto_L1-11
Removed Pin From Net: NetName=NetDig_opto_L1_12 Pin=Dig_opto_L1-12
Removed Pin From Net: NetName=NetDig_opto_L1_13 Pin=Dig_opto_L1-13
Removed Pin From Net: NetName=NetDig_opto_L1_14 Pin=Dig_opto_L1-14
Removed Pin From Net: NetName=GND Pin=Dig_opto_L1-15
Removed Pin From Net: NetName=P5V Pin=Dig_opto_L1-16
Removed Member From Class: ClassName=CUK_3Ph_dig_iso_interface Member=Dig_opto_L1
Added Component: Designator=OPT3(SOIC16pin)
Add component. Clean all parameters for all variants
Added Component: Designator=R36(0805 RES)
Add component. Clean all parameters for all variants
Add component (AddParameter): Name = "Published"; Value = "8-Jun-2000"; VariantName = "[No Variations]"
Add component (AddParameter): Name = "Publisher"; Value = "Altium Limited"; VariantName = "[No Variations]"
Add component (AddParameter): Name = "Revision"; Value = "July-2002: Re-released for DXP Platform."; VariantName = "[No Variations]"
Add component (AddParameter): Name = "Value"; Value = "10k"; VariantName = "[No Variations]"
Added Component: Designator=TP25(Test Point)
Add component. Clean all parameters for all variants
Added Pin To Net: NetName=DSP_3V3 Pin=OPT3-1
Added Pin To Net: NetName=DSPGND Pin=OPT3-8
Added Pin To Net: NetName=GND Pin=OPT3-9
Added Pin To Net: NetName=NetDig_opto_L1_11 Pin=OPT3-12
Added Pin To Net: NetName=NetDig_opto_L1_12 Pin=OPT3-13
Added Pin To Net: NetName=NetDig_opto_L1_13 Pin=OPT3-14
Added Pin To Net: NetName=NetDig_opto_L1_14 Pin=OPT3-15
Added Pin To Net: NetName=P5V Pin=OPT3-16
Added Pin To Net: NetName=GND Pin=P1-25
Added Pin To Net: NetName=GND Pin=P1-26
Added Pin To Net: NetName=P5V Pin=R36-2
Change Net Name : Old Net Name=NetDig_opto_L1_11 New Net Name=NetOPT3_12
Change Net Name : Old Net Name=NetDig_opto_L1_12 New Net Name=NetOPT3_13
Change Net Name : Old Net Name=NetDig_opto_L1_13 New Net Name=NetOPT3_14
Change Net Name : Old Net Name=NetDig_opto_L1_14 New Net Name=NetOPT3_15
Added Pin To Net: NetName=NetOPT3_2 Pin=OPT3-2
Added Pin To Net: NetName=NetOPT3_2 Pin=P3-9
Added Net: Name=NetOPT3_2
Added Pin To Net: NetName=NetOPT3_3 Pin=OPT3-3
Added Pin To Net: NetName=NetOPT3_3 Pin=P3-11
Added Net: Name=NetOPT3_3
Added Pin To Net: NetName=NetOPT3_4 Pin=OPT3-4
Added Pin To Net: NetName=NetOPT3_4 Pin=P3-23
Added Net: Name=NetOPT3_4
Added Pin To Net: NetName=NetOPT3_5 Pin=OPT3-5
Added Pin To Net: NetName=NetOPT3_5 Pin=P3-25
Added Net: Name=NetOPT3_5
Added Pin To Net: NetName=NetOPT3_6 Pin=OPT3-6
Added Pin To Net: NetName=NetOPT3_6 Pin=P3-13
Added Pin To Net: NetName=NetOPT3_6 Pin=P3-14
Added Net: Name=NetOPT3_6
Added Pin To Net: NetName=NetOPT3_10 Pin=OPT3-10
Added Pin To Net: NetName=NetOPT3_10 Pin=R36-1
Added Net: Name=NetOPT3_10
Added Pin To Net: NetName=NetOPT3_11 Pin=OPT3-11
Added Pin To Net: NetName=NetOPT3_11 Pin=P1-27
Added Pin To Net: NetName=NetOPT3_11 Pin=P1-28
Added Pin To Net: NetName=NetOPT3_11 Pin=TP25-1
Added Net: Name=NetOPT3_11
Added Member To Class: ClassName=CUK_3Ph_Analog_Isolation Member=Component C44 Cap
Added Member To Class: ClassName=CUK_3Ph_Analog_Isolation Member=Component C60 Cap
Added Member To Class: ClassName=CUK_3Ph_dig_iso_interface Member=Component OPT3 SI8650EC-B-IS1
Added Member To Class: ClassName=CUK_3Ph_dig_iso_interface Member=Component P2 Header 16X2
Added Member To Class: ClassName=DAC Member=Component R1 Res1
Added Member To Class: ClassName=DAC Member=Component R3 Res1
Added Member To Class: ClassName=CUK_3Ph_Analog_Isolation Member=Component R20 Res1
Added Member To Class: ClassName=CUK_3Ph_dig_iso_interface Member=Component R36 Res1
Added Member To Class: ClassName=CUK_3Ph_dig_iso_interface Member=Component TP25 Test point
Added Member To Class: ClassName=CUK_3Ph_Analog_Isolation Member=Component U13 TLC2274ACD
