Change Component Designator: Old Designator=ATEST New Designator=ATEST1
Change Component Designator: Old Designator=ATESTIN New Designator=ATESTIN1
Change Component Designator: Old Designator=B New Designator=B1
Change Component Designator: Old Designator=C67 New Designator=C56
Change Component Designator: Old Designator=C68 New Designator=C57
Change Component Designator: Old Designator=C69 New Designator=C58
Change Component Designator: Old Designator=C71 New Designator=C59
Change Component Designator: Old Designator=C72 New Designator=C60
Change Component Designator: Old Designator=C73 New Designator=C61
Change Component Designator: Old Designator=C74 New Designator=C62
Change Component Designator: Old Designator=C74 New Designator=C66
Change Component Designator: Old Designator=C74 New Designator=C67
Change Component Designator: Old Designator=C74 New Designator=C68
Change Component Designator: Old Designator=C74 New Designator=C69
Change Component Designator: Old Designator=C74 New Designator=C70
Change Component Designator: Old Designator=C75 New Designator=C63
Change Component Designator: Old Designator=C76 New Designator=C64
Change Component Designator: Old Designator=C77 New Designator=C65
Change Component Designator: Old Designator=CTEST New Designator=CTEST1
Change Component Designator: Old Designator=CTESTIN New Designator=CTESTIN1
Change Component Designator: Old Designator=D New Designator=D14
Change Component Designator: Old Designator=E New Designator=E1
Change Component Designator: Old Designator=F New Designator=F1
Change Component Designator: Old Designator=G New Designator=G1
Change Component Designator: Old Designator=H New Designator=H1
Change Component Designator: Old Designator=R1 New Designator=R37
Change Component Designator: Old Designator=R3 New Designator=R38
Change Component Designator: Old Designator=R37 New Designator=R39
Change Component Designator: Old Designator=R38 New Designator=R40
Change Component Designator: Old Designator=R39 New Designator=R41
Change Component Designator: Old Designator=R40 New Designator=R42
Change Component Designator: Old Designator=R41 New Designator=R46
Change Component Designator: Old Designator=R42 New Designator=R43
Change Component Designator: Old Designator=R43 New Designator=R44
Change Component Designator: Old Designator=R44 New Designator=R45
Change Component Designator: Old Designator=TP26 New Designator=TP23
