Change Component Designator: Old Designator=C37 New Designator=C?
Change Component Designator: Old Designator=C38 New Designator=C?
Change Component Designator: Old Designator=C39 New Designator=C?
Change Component Designator: Old Designator=C40 New Designator=C?
Change Component Designator: Old Designator=C41 New Designator=C?
Change Component Designator: Old Designator=C42 New Designator=C?
Change Component Designator: Old Designator=C43 New Designator=C?
Change Component Designator: Old Designator=C44 New Designator=C?
Change Component Designator: Old Designator=C45 New Designator=C?
Change Component Designator: Old Designator=C46 New Designator=C?
Change Component Designator: Old Designator=C47 New Designator=C?
Change Component Designator: Old Designator=C48 New Designator=C?
Change Component Designator: Old Designator=C49 New Designator=C?
Change Component Designator: Old Designator=C50 New Designator=C?
Change Component Designator: Old Designator=C51 New Designator=C?
Change Component Designator: Old Designator=C52 New Designator=C?
Change Component Designator: Old Designator=Con1 New Designator=Con?
Change Component Designator: Old Designator=Con2 New Designator=Con?
Change Component Designator: Old Designator=Con3 New Designator=Con?
Change Component Designator: Old Designator=Con4 New Designator=Con?
Change Component Designator: Old Designator=Con5 New Designator=Con?
Change Component Designator: Old Designator=Con6 New Designator=Con?
Change Component Designator: Old Designator=Con7 New Designator=Con?
Change Component Designator: Old Designator=Con8 New Designator=Con?
Change Component Designator: Old Designator=D5 New Designator=D?
Change Component Designator: Old Designator=D6 New Designator=D?
Change Component Designator: Old Designator=D7 New Designator=D?
Change Component Designator: Old Designator=D8 New Designator=D?
Change Component Designator: Old Designator=D9 New Designator=D?
Change Component Designator: Old Designator=D10 New Designator=D?
Change Component Designator: Old Designator=D11 New Designator=D?
Change Component Designator: Old Designator=D12 New Designator=D?
Change Component Designator: Old Designator=FB1 New Designator=FB?
Change Component Designator: Old Designator=FB2 New Designator=FB?
Change Component Designator: Old Designator=FB3 New Designator=FB?
Change Component Designator: Old Designator=FB4 New Designator=FB?
Change Component Designator: Old Designator=FB5 New Designator=FB?
Change Component Designator: Old Designator=FB6 New Designator=FB?
Change Component Designator: Old Designator=FB7 New Designator=FB?
Change Component Designator: Old Designator=FB8 New Designator=FB?
Change Component Designator: Old Designator=Gate_Driver1 New Designator=Gate_Driver?
Change Component Designator: Old Designator=Gate_Driver2 New Designator=Gate_Driver?
Change Component Designator: Old Designator=Gate_Driver3 New Designator=Gate_Driver?
Change Component Designator: Old Designator=Gate_Driver4 New Designator=Gate_Driver?
Change Component Designator: Old Designator=OPT1 New Designator=OPT?
Change Component Designator: Old Designator=OPT2 New Designator=OPT?
Change Component Designator: Old Designator=R21 New Designator=R?
Change Component Designator: Old Designator=R22 New Designator=R?
Change Component Designator: Old Designator=R23 New Designator=R?
Change Component Designator: Old Designator=R24 New Designator=R?
Change Component Designator: Old Designator=R25 New Designator=R?
Change Component Designator: Old Designator=R26 New Designator=R?
Change Component Designator: Old Designator=R27 New Designator=R?
Change Component Designator: Old Designator=R28 New Designator=R?
Change Component Designator: Old Designator=R29 New Designator=R?
Change Component Designator: Old Designator=R30 New Designator=R?
Change Component Designator: Old Designator=R31 New Designator=R?
Change Component Designator: Old Designator=R32 New Designator=R?
Change Component Designator: Old Designator=R33 New Designator=R?
Change Component Designator: Old Designator=R34 New Designator=R?
Change Component Designator: Old Designator=R35 New Designator=R?
Change Component Designator: Old Designator=R36 New Designator=R?
Change Component Designator: Old Designator=R37 New Designator=R?
Change Component Designator: Old Designator=R38 New Designator=R?
Change Component Designator: Old Designator=R39 New Designator=R?
Change Component Designator: Old Designator=R40 New Designator=R?
Change Component Designator: Old Designator=Rdis1 New Designator=Rdis?
Change Component Designator: Old Designator=Rdis2 New Designator=Rdis?
Change Component Designator: Old Designator=Rdis3 New Designator=Rdis?
Change Component Designator: Old Designator=Rdis4 New Designator=Rdis?
Change Component Designator: Old Designator=Rdis5 New Designator=Rdis?
Change Component Designator: Old Designator=Rdis6 New Designator=Rdis?
Change Component Designator: Old Designator=Rdis7 New Designator=Rdis?
Change Component Designator: Old Designator=Rdis8 New Designator=Rdis?
Change Component Designator: Old Designator=TP20 New Designator=TP?
Change Component Designator: Old Designator=TP21 New Designator=TP?
Change Component Designator: Old Designator=TP22 New Designator=TP?
Change Component Designator: Old Designator=TP23 New Designator=TP?
Change Component Designator: Old Designator=TP24 New Designator=TP?
Change Component Designator: Old Designator=TP25 New Designator=TP?
Change Component Designator: Old Designator=TP26 New Designator=TP?
Change Component Designator: Old Designator=TP27 New Designator=TP?
Change Component Designator: Old Designator=TP28 New Designator=TP?
Change Component Designator: Old Designator=TP29 New Designator=TP?
Change Component Designator: Old Designator=ZD1 New Designator=ZD?
Change Component Designator: Old Designator=ZD2 New Designator=ZD?
Change Component Designator: Old Designator=ZD3 New Designator=ZD?
Change Component Designator: Old Designator=ZD4 New Designator=ZD?
Change Component Designator: Old Designator=ZD5 New Designator=ZD?
Change Component Designator: Old Designator=ZD6 New Designator=ZD?
Change Component Designator: Old Designator=ZD7 New Designator=ZD?
Change Component Designator: Old Designator=ZD8 New Designator=ZD?
