Change Component Designator: Old Designator=C18 New Designator=C34
Change Component Designator: Old Designator=C20 New Designator=C35
Change Component Designator: Old Designator=C21 New Designator=C38
Change Component Designator: Old Designator=C23 New Designator=C39
Change Component Designator: Old Designator=C24 New Designator=C42
Change Component Designator: Old Designator=C26 New Designator=C43
Change Component Designator: Old Designator=C27 New Designator=C45
Change Component Designator: Old Designator=C29 New Designator=C46
Change Component Designator: Old Designator=C61 New Designator=C36
Change Component Designator: Old Designator=C62 New Designator=C40
Change Component Designator: Old Designator=C63 New Designator=C44
Change Component Designator: Old Designator=C64 New Designator=C47
Change Component Designator: Old Designator=C77 New Designator=C37
Change Component Designator: Old Designator=C78 New Designator=C41
Change Component Designator: Old Designator=Con2 New Designator=Con4
Change Component Designator: Old Designator=Con3 New Designator=Con5
Change Component Designator: Old Designator=Con4 New Designator=Con8
Change Component Designator: Old Designator=Con5 New Designator=Con2
Change Component Designator: Old Designator=Con7 New Designator=Con3
Change Component Designator: Old Designator=Con8 New Designator=Con7
Change Component Designator: Old Designator=D6 New Designator=D7
Change Component Designator: Old Designator=D7 New Designator=D9
Change Component Designator: Old Designator=D8 New Designator=D11
Change Component Designator: Old Designator=D9 New Designator=D6
Change Component Designator: Old Designator=D13 New Designator=D8
Change Component Designator: Old Designator=D14 New Designator=D12
Change Component Designator: Old Designator=FB2 New Designator=FB3
Change Component Designator: Old Designator=FB3 New Designator=FB5
Change Component Designator: Old Designator=FB4 New Designator=FB7
Change Component Designator: Old Designator=FB5 New Designator=FB2
Change Component Designator: Old Designator=FB7 New Designator=FB4
Change Component Designator: Old Designator=R11 New Designator=R22
Change Component Designator: Old Designator=R12 New Designator=R24
Change Component Designator: Old Designator=R13 New Designator=R27
Change Component Designator: Old Designator=R14 New Designator=R29
Change Component Designator: Old Designator=R15 New Designator=R32
Change Component Designator: Old Designator=R16 New Designator=R35
Change Component Designator: Old Designator=R17 New Designator=R37
Change Component Designator: Old Designator=R18 New Designator=R39
Change Component Designator: Old Designator=R27 New Designator=R23
Change Component Designator: Old Designator=R28 New Designator=R25
Change Component Designator: Old Designator=R29 New Designator=R33
Change Component Designator: Old Designator=R30 New Designator=R34
Change Component Designator: Old Designator=R35 New Designator=R28
Change Component Designator: Old Designator=R36 New Designator=R30
Change Component Designator: Old Designator=R37 New Designator=R38
Change Component Designator: Old Designator=R38 New Designator=R40
Change Component Designator: Old Designator=R48 New Designator=R21
Change Component Designator: Old Designator=R49 New Designator=R26
Change Component Designator: Old Designator=R50 New Designator=R31
Change Component Designator: Old Designator=R51 New Designator=R36
Change Component Designator: Old Designator=Rdis2 New Designator=Rdis3
Change Component Designator: Old Designator=Rdis3 New Designator=Rdis5
Change Component Designator: Old Designator=Rdis4 New Designator=Rdis7
Change Component Designator: Old Designator=Rdis5 New Designator=Rdis2
Change Component Designator: Old Designator=Rdis7 New Designator=Rdis4
Change Component Designator: Old Designator=TP17 New Designator=TP22
Change Component Designator: Old Designator=TP18 New Designator=TP23
Change Component Designator: Old Designator=TP20 New Designator=TP24
Change Component Designator: Old Designator=TP21 New Designator=TP25
Change Component Designator: Old Designator=TP23 New Designator=TP26
Change Component Designator: Old Designator=TP24 New Designator=TP27
Change Component Designator: Old Designator=TP26 New Designator=TP28
Change Component Designator: Old Designator=TP27 New Designator=TP29
Change Component Designator: Old Designator=ZD4 New Designator=ZD3
Change Component Designator: Old Designator=ZD5 New Designator=ZD4
Change Component Designator: Old Designator=ZD6 New Designator=ZD5
Change Component Designator: Old Designator=ZD7 New Designator=ZD6
Change Component Designator: Old Designator=ZD9 New Designator=ZD7
Change Component Designator: Old Designator=ZD10 New Designator=ZD8
