Change Component Designator: Old Designator=5 New Designator=2
Change Component Designator: Old Designator=6 New Designator=3
Change Component Designator: Old Designator=7 New Designator=4
Change Component Designator: Old Designator=8 New Designator=5
Change Component Designator: Old Designator=C41 New Designator=C36
Change Component Designator: Old Designator=C41 New Designator=C39
Change Component Designator: Old Designator=C41 New Designator=C44
Change Component Designator: Old Designator=C41 New Designator=C46
Change Component Designator: Old Designator=C41 New Designator=C49
Change Component Designator: Old Designator=C41 New Designator=C51
Change Component Designator: Old Designator=C41 New Designator=C54
Change Component Designator: Old Designator=C42 New Designator=C37
Change Component Designator: Old Designator=C42 New Designator=C40
Change Component Designator: Old Designator=C42 New Designator=C45
Change Component Designator: Old Designator=C42 New Designator=C47
Change Component Designator: Old Designator=C42 New Designator=C50
Change Component Designator: Old Designator=C42 New Designator=C52
Change Component Designator: Old Designator=C42 New Designator=C55
Change Component Designator: Old Designator=C43 New Designator=C38
Change Component Designator: Old Designator=C43 New Designator=C48
Change Component Designator: Old Designator=C43 New Designator=C53
Change Component Designator: Old Designator=Con1 New Designator=Con3
Change Component Designator: Old Designator=Con1 New Designator=Con5
Change Component Designator: Old Designator=Con1 New Designator=Con7
Change Component Designator: Old Designator=Con2 New Designator=Con4
Change Component Designator: Old Designator=Con2 New Designator=Con6
Change Component Designator: Old Designator=Con2 New Designator=Con8
Change Component Designator: Old Designator=FB1 New Designator=FB3
Change Component Designator: Old Designator=FB1 New Designator=FB5
Change Component Designator: Old Designator=FB1 New Designator=FB7
Change Component Designator: Old Designator=FB2 New Designator=FB4
Change Component Designator: Old Designator=FB2 New Designator=FB6
Change Component Designator: Old Designator=FB2 New Designator=FB8
Change Component Designator: Old Designator=R21 New Designator=R26
Change Component Designator: Old Designator=R21 New Designator=R31
Change Component Designator: Old Designator=R21 New Designator=R36
Change Component Designator: Old Designator=R22 New Designator=R27
Change Component Designator: Old Designator=R22 New Designator=R32
Change Component Designator: Old Designator=R22 New Designator=R37
Change Component Designator: Old Designator=R23 New Designator=R28
Change Component Designator: Old Designator=R23 New Designator=R33
Change Component Designator: Old Designator=R23 New Designator=R38
Change Component Designator: Old Designator=R24 New Designator=R25
Change Component Designator: Old Designator=R24 New Designator=R30
Change Component Designator: Old Designator=R24 New Designator=R35
Change Component Designator: Old Designator=R24 New Designator=R40
Change Component Designator: Old Designator=R25 New Designator=R24
Change Component Designator: Old Designator=R25 New Designator=R29
Change Component Designator: Old Designator=R25 New Designator=R34
Change Component Designator: Old Designator=R25 New Designator=R39
Change Component Designator: Old Designator=Rdis1 New Designator=Rdis3
Change Component Designator: Old Designator=Rdis1 New Designator=Rdis5
Change Component Designator: Old Designator=Rdis1 New Designator=Rdis7
Change Component Designator: Old Designator=Rdis2 New Designator=Rdis4
Change Component Designator: Old Designator=Rdis2 New Designator=Rdis6
Change Component Designator: Old Designator=Rdis2 New Designator=Rdis8
Change Component Designator: Old Designator=TP20 New Designator=TP21
Change Component Designator: Old Designator=TP20 New Designator=TP22
Change Component Designator: Old Designator=TP20 New Designator=TP23
Change Component Designator: Old Designator=ZD1 New Designator=ZD3
Change Component Designator: Old Designator=ZD1 New Designator=ZD5
Change Component Designator: Old Designator=ZD1 New Designator=ZD7
Change Component Designator: Old Designator=ZD2 New Designator=ZD4
Change Component Designator: Old Designator=ZD2 New Designator=ZD6
Change Component Designator: Old Designator=ZD2 New Designator=ZD8
