Change Component Designator: Old Designator=C? New Designator=C36
Change Component Designator: Old Designator=C? New Designator=C37
Change Component Designator: Old Designator=C? New Designator=C38
Change Component Designator: Old Designator=C? New Designator=C39
Change Component Designator: Old Designator=C? New Designator=C40
Change Component Designator: Old Designator=C? New Designator=C41
Change Component Designator: Old Designator=C? New Designator=C42
Change Component Designator: Old Designator=C? New Designator=C43
Change Component Designator: Old Designator=C? New Designator=C44
Change Component Designator: Old Designator=C? New Designator=C45
Change Component Designator: Old Designator=C? New Designator=C46
Change Component Designator: Old Designator=C? New Designator=C47
Change Component Designator: Old Designator=C? New Designator=C48
Change Component Designator: Old Designator=C? New Designator=C49
Change Component Designator: Old Designator=C? New Designator=C50
Change Component Designator: Old Designator=C? New Designator=C51
Change Component Designator: Old Designator=C? New Designator=C52
Change Component Designator: Old Designator=C? New Designator=C53
Change Component Designator: Old Designator=C? New Designator=C54
Change Component Designator: Old Designator=C? New Designator=C55
Change Component Designator: Old Designator=C? New Designator=C56
Change Component Designator: Old Designator=C? New Designator=C57
Change Component Designator: Old Designator=Con? New Designator=Con1
Change Component Designator: Old Designator=Con? New Designator=Con2
Change Component Designator: Old Designator=Con? New Designator=Con3
Change Component Designator: Old Designator=Con? New Designator=Con4
Change Component Designator: Old Designator=Con? New Designator=Con5
Change Component Designator: Old Designator=Con? New Designator=Con6
Change Component Designator: Old Designator=Con? New Designator=Con7
Change Component Designator: Old Designator=Con? New Designator=Con8
Change Component Designator: Old Designator=D? New Designator=D5
Change Component Designator: Old Designator=D? New Designator=D6
Change Component Designator: Old Designator=D? New Designator=D7
Change Component Designator: Old Designator=D? New Designator=D8
Change Component Designator: Old Designator=D? New Designator=D9
Change Component Designator: Old Designator=D? New Designator=D10
Change Component Designator: Old Designator=D? New Designator=D11
Change Component Designator: Old Designator=D? New Designator=D12
Change Component Designator: Old Designator=digitalopt? New Designator=digitalopt1
Change Component Designator: Old Designator=digitalopt? New Designator=digitalopt2
Change Component Designator: Old Designator=FB? New Designator=FB1
Change Component Designator: Old Designator=FB? New Designator=FB2
Change Component Designator: Old Designator=FB? New Designator=FB3
Change Component Designator: Old Designator=FB? New Designator=FB4
Change Component Designator: Old Designator=FB? New Designator=FB5
Change Component Designator: Old Designator=FB? New Designator=FB6
Change Component Designator: Old Designator=FB? New Designator=FB7
Change Component Designator: Old Designator=FB? New Designator=FB8
Change Component Designator: Old Designator=Gate_Driver? New Designator=Gate_Driver1
Change Component Designator: Old Designator=Gate_Driver? New Designator=Gate_Driver2
Change Component Designator: Old Designator=Gate_Driver? New Designator=Gate_Driver3
Change Component Designator: Old Designator=Gate_Driver? New Designator=Gate_Driver4
Change Component Designator: Old Designator=R? New Designator=R21
Change Component Designator: Old Designator=R? New Designator=R22
Change Component Designator: Old Designator=R? New Designator=R23
Change Component Designator: Old Designator=R? New Designator=R24
Change Component Designator: Old Designator=R? New Designator=R25
Change Component Designator: Old Designator=R? New Designator=R26
Change Component Designator: Old Designator=R? New Designator=R27
Change Component Designator: Old Designator=R? New Designator=R28
Change Component Designator: Old Designator=R? New Designator=R29
Change Component Designator: Old Designator=R? New Designator=R30
Change Component Designator: Old Designator=R? New Designator=R31
Change Component Designator: Old Designator=R? New Designator=R32
Change Component Designator: Old Designator=R? New Designator=R33
Change Component Designator: Old Designator=R? New Designator=R34
Change Component Designator: Old Designator=R? New Designator=R35
Change Component Designator: Old Designator=R? New Designator=R36
Change Component Designator: Old Designator=R? New Designator=R37
Change Component Designator: Old Designator=R? New Designator=R38
Change Component Designator: Old Designator=R? New Designator=R39
Change Component Designator: Old Designator=R? New Designator=R40
Change Component Designator: Old Designator=Rdis? New Designator=Rdis1
Change Component Designator: Old Designator=Rdis? New Designator=Rdis2
Change Component Designator: Old Designator=Rdis? New Designator=Rdis3
Change Component Designator: Old Designator=Rdis? New Designator=Rdis4
Change Component Designator: Old Designator=Rdis? New Designator=Rdis5
Change Component Designator: Old Designator=Rdis? New Designator=Rdis6
Change Component Designator: Old Designator=Rdis? New Designator=Rdis7
Change Component Designator: Old Designator=Rdis? New Designator=Rdis8
Change Component Designator: Old Designator=TP? New Designator=TP20
Change Component Designator: Old Designator=TP? New Designator=TP21
Change Component Designator: Old Designator=TP? New Designator=TP22
Change Component Designator: Old Designator=TP? New Designator=TP23
Change Component Designator: Old Designator=ZD? New Designator=ZD1
Change Component Designator: Old Designator=ZD? New Designator=ZD2
Change Component Designator: Old Designator=ZD? New Designator=ZD3
Change Component Designator: Old Designator=ZD? New Designator=ZD4
Change Component Designator: Old Designator=ZD? New Designator=ZD5
Change Component Designator: Old Designator=ZD? New Designator=ZD6
Change Component Designator: Old Designator=ZD? New Designator=ZD7
Change Component Designator: Old Designator=ZD? New Designator=ZD8
