Change Component Designator: Old Designator=Con? New Designator=Con9
Change Component Designator: Old Designator=Con? New Designator=Con10
Change Component Designator: Old Designator=D? New Designator=D11
Change Component Designator: Old Designator=D? New Designator=D12
Change Component Designator: Old Designator=FB? New Designator=FB9
Change Component Designator: Old Designator=FB? New Designator=FB10
Change Component Designator: Old Designator=R? New Designator=R19
Change Component Designator: Old Designator=R? New Designator=R20
Change Component Designator: Old Designator=R? New Designator=R21
Change Component Designator: Old Designator=R? New Designator=R22
Change Component Designator: Old Designator=Rdis? New Designator=Rdis9
Change Component Designator: Old Designator=Rdis? New Designator=Rdis10
Change Component Designator: Old Designator=ZD? New Designator=ZD1
Change Component Designator: Old Designator=ZD? New Designator=ZD2
Change Component Designator: Old Designator=ZD? New Designator=ZD3
Change Component Designator: Old Designator=ZD? New Designator=ZD4
Change Component Designator: Old Designator=ZD? New Designator=ZD5
Change Component Designator: Old Designator=ZD? New Designator=ZD6
Change Component Designator: Old Designator=ZD? New Designator=ZD7
Change Component Designator: Old Designator=ZD? New Designator=ZD8
Change Component Designator: Old Designator=ZD? New Designator=ZD9
Change Component Designator: Old Designator=ZD? New Designator=ZD10
