Change Component Designator: Old Designator=C58 New Designator=C?
Change Component Designator: Old Designator=C59 New Designator=C?
Change Component Designator: Old Designator=C60 New Designator=C?
Change Component Designator: Old Designator=C61 New Designator=C?
Change Component Designator: Old Designator=C62 New Designator=C?
Change Component Designator: Old Designator=C63 New Designator=C?
Change Component Designator: Old Designator=C64 New Designator=C?
Change Component Designator: Old Designator=C65 New Designator=C?
Change Component Designator: Old Designator=C66 New Designator=C?
Change Component Designator: Old Designator=C67 New Designator=C?
Change Component Designator: Old Designator=C68 New Designator=C?
Change Component Designator: Old Designator=C69 New Designator=C?
Change Component Designator: Old Designator=C70 New Designator=C?
Change Component Designator: Old Designator=C71 New Designator=C?
Change Component Designator: Old Designator=C72 New Designator=C?
Change Component Designator: Old Designator=CM1 New Designator=CM?
Change Component Designator: Old Designator=CM2 New Designator=CM?
Change Component Designator: Old Designator=MEJ1 New Designator=MEJ?
Change Component Designator: Old Designator=MEJ2 New Designator=MEJ?
Change Component Designator: Old Designator=Power1 New Designator=Power?
Change Component Designator: Old Designator=R41 New Designator=R?
Change Component Designator: Old Designator=R42 New Designator=R?
Change Component Designator: Old Designator=R43 New Designator=R?
Change Component Designator: Old Designator=R44 New Designator=R?
Change Component Designator: Old Designator=R45 New Designator=R?
Change Component Designator: Old Designator=R46 New Designator=R?
Change Component Designator: Old Designator=R47 New Designator=R?
Change Component Designator: Old Designator=R48 New Designator=R?
Change Component Designator: Old Designator=TP24 New Designator=TP?
Change Component Designator: Old Designator=TP25 New Designator=TP?
Change Component Designator: Old Designator=TP26 New Designator=TP?
Change Component Designator: Old Designator=TP27 New Designator=TP?
Change Component Designator: Old Designator=TP28 New Designator=TP?
Change Component Designator: Old Designator=TP29 New Designator=TP?
Change Component Designator: Old Designator=XC1 New Designator=XC?
Change Component Designator: Old Designator=XC2 New Designator=XC?
Change Component Designator: Old Designator=XC3 New Designator=XC?
