Removed Pin From Net: NetName=NetC68_1 Pin=FB9-1
Removed Pin From Net: NetName=NetDZ1_1 Pin=FB10-2
Removed Pin From Net: NetName=NetDZ2_1 Pin=FB11-2
Removed Pin From Net: NetName=Net2_2 Pin=FB12-2
Removed Pin From Net: NetName=Net3_4 Pin=FB13-2
Removed Pin From Net: NetName=Net3_5 Pin=FB14-2
Removed Pin From Net: NetName=Net3_9 Pin=FB15-2
Removed Pin From Net: NetName=NetDZ4_1 Pin=FB16-2
Removed Pin From Net: NetName=NetDZ9_1 Pin=FB17-2
Removed Pin From Net: NetName=NetC85_1 Pin=FB18-1
Removed Member From Class: ClassName=Power_Board Member=C57
Removed Member From Class: ClassName=Power_Board Member=C58
Removed Member From Class: ClassName=Power_Board Member=R32
Change Component Footprint: Designator=FB9 Old Footprint=J1-0603 New Footprint=res_smd
Change Component Footprint: Designator=FB10 Old Footprint=J1-0603 New Footprint=res_smd
Change Component Footprint: Designator=FB11 Old Footprint=J1-0603 New Footprint=res_smd
Change Component Footprint: Designator=FB12 Old Footprint=J1-0603 New Footprint=res_smd
Change Component Footprint: Designator=FB13 Old Footprint=J1-0603 New Footprint=res_smd
Change Component Footprint: Designator=FB14 Old Footprint=J1-0603 New Footprint=res_smd
Change Component Footprint: Designator=FB15 Old Footprint=J1-0603 New Footprint=res_smd
Change Component Footprint: Designator=FB16 Old Footprint=J1-0603 New Footprint=res_smd
Change Component Footprint: Designator=FB17 Old Footprint=J1-0603 New Footprint=res_smd
Change Component Footprint: Designator=FB18 Old Footprint=J1-0603 New Footprint=res_smd
Change Component Comment : Designator=FB9 Old Comment=Res3 New Comment=res_smd
Change Component Comment : Designator=FB10 Old Comment=Res3 New Comment=res_smd
Change Component Comment : Designator=FB11 Old Comment=Res3 New Comment=res_smd
Change Component Comment : Designator=FB12 Old Comment=Res3 New Comment=res_smd
Change Component Comment : Designator=FB13 Old Comment=Res3 New Comment=res_smd
Change Component Comment : Designator=FB14 Old Comment=Res3 New Comment=res_smd
Change Component Comment : Designator=FB15 Old Comment=Res3 New Comment=res_smd
Change Component Comment : Designator=FB16 Old Comment=Res3 New Comment=res_smd
Change Component Comment : Designator=FB17 Old Comment=Res3 New Comment=res_smd
Change Component Comment : Designator=FB18 Old Comment=Res3 New Comment=res_smd
Change component parameters: Designator = "FB9"; Footprint = "res_smd"; UniqueID = "\NVXOCCIK"
Change component parameters. Clean all parameters for all variants
Change component parameters (AddParameter): Name = ""; Value = "0"; VariantName = "[No Variations]"
Change component parameters: Designator = "FB10"; Footprint = "res_smd"; UniqueID = "\GDGLEWRR"
Change component parameters. Clean all parameters for all variants
Change component parameters (AddParameter): Name = ""; Value = "0ohm"; VariantName = "[No Variations]"
Change component parameters: Designator = "FB11"; Footprint = "res_smd"; UniqueID = "\MVUVKHUK"
Change component parameters. Clean all parameters for all variants
Change component parameters (AddParameter): Name = ""; Value = "0ohm"; VariantName = "[No Variations]"
Change component parameters: Designator = "FB12"; Footprint = "res_smd"; UniqueID = "\SSLVITDF"
Change component parameters. Clean all parameters for all variants
Change component parameters (AddParameter): Name = ""; Value = "0ohm"; VariantName = "[No Variations]"
Change component parameters: Designator = "FB13"; Footprint = "res_smd"; UniqueID = "\GEXRCEVH"
Change component parameters. Clean all parameters for all variants
Change component parameters (AddParameter): Name = ""; Value = "0ohm"; VariantName = "[No Variations]"
Change component parameters: Designator = "FB14"; Footprint = "res_smd"; UniqueID = "\KJSWXBLR"
Change component parameters. Clean all parameters for all variants
Change component parameters (AddParameter): Name = ""; Value = "0ohm"; VariantName = "[No Variations]"
Change component parameters: Designator = "FB15"; Footprint = "res_smd"; UniqueID = "\LSNHVGSF"
Change component parameters. Clean all parameters for all variants
Change component parameters (AddParameter): Name = ""; Value = "0ohm"; VariantName = "[No Variations]"
Change component parameters: Designator = "FB16"; Footprint = "res_smd"; UniqueID = "\EGJIAAXQ"
Change component parameters. Clean all parameters for all variants
Change component parameters (AddParameter): Name = ""; Value = "0ohm"; VariantName = "[No Variations]"
Change component parameters: Designator = "FB17"; Footprint = "res_smd"; UniqueID = "\BUBHBFII"
Change component parameters. Clean all parameters for all variants
Change component parameters (AddParameter): Name = ""; Value = "0ohm"; VariantName = "[No Variations]"
Change component parameters: Designator = "FB18"; Footprint = "res_smd"; UniqueID = "\FEMNMADY"
Change component parameters. Clean all parameters for all variants
Change component parameters (AddParameter): Name = ""; Value = "0ohm"; VariantName = "[No Variations]"
Added Component: Designator=2(2inputor)
Add component. Clean all parameters for all variants
Added Component: Designator=3(2inputor)
Add component. Clean all parameters for all variants
Added Component: Designator=C69(C0805)
Add component. Clean all parameters for all variants
Add component (AddParameter): Name = "LatestRevisionDate"; Value = "29-May-2009"; VariantName = "[No Variations]"
Add component (AddParameter): Name = "LatestRevisionNote"; Value = "IPC-7351 Footprint Added."; VariantName = "[No Variations]"
Add component (AddParameter): Name = "PackageDescription"; Value = "Chip Capacitor"; VariantName = "[No Variations]"
Add component (AddParameter): Name = "PackageReference"; Value = "C0805"; VariantName = "[No Variations]"
Add component (AddParameter): Name = "Published"; Value = "8-Jun-2000"; VariantName = "[No Variations]"
Add component (AddParameter): Name = "Publisher"; Value = "Altium Limited"; VariantName = "[No Variations]"
Add component (AddParameter): Name = "Value"; Value = "0.1uF/ 16V"; VariantName = "[No Variations]"
Added Component: Designator=TP48(Test Point)
Add component. Clean all parameters for all variants
Added Component: Designator=TP64(Test Point)
Add component. Clean all parameters for all variants
Added Pin To Net: NetName=Net2_2 Pin=2-2
Added Pin To Net: NetName=Net2_3 Pin=2-3
Added Pin To Net: NetName=Net2_4 Pin=2-4
Added Pin To Net: NetName=Net2_5 Pin=2-5
Added Pin To Net: NetName=Net2_6 Pin=2-6
Added Pin To Net: NetName=GND Pin=2-7
Added Pin To Net: NetName=Net2_14 Pin=2-14
Added Pin To Net: NetName=Net3_4 Pin=3-4
Added Pin To Net: NetName=Net3_5 Pin=3-5
Added Pin To Net: NetName=Net3_6 Pin=3-6
Added Pin To Net: NetName=GND Pin=3-7
Added Pin To Net: NetName=Net3_8 Pin=3-8
Added Pin To Net: NetName=Net3_9 Pin=3-9
Added Pin To Net: NetName=Net3_10 Pin=3-10
Added Pin To Net: NetName=Net2_14 Pin=3-14
Added Pin To Net: NetName=Net2_14 Pin=C69-1
Added Pin To Net: NetName=GND Pin=C69-2
Added Pin To Net: NetName=NetC68_1 Pin=FB9-2
Added Pin To Net: NetName=NetDZ1_1 Pin=FB10-1
Added Pin To Net: NetName=NetDZ2_1 Pin=FB11-1
Added Pin To Net: NetName=Net2_2 Pin=FB12-1
Added Pin To Net: NetName=Net3_4 Pin=FB13-1
Added Pin To Net: NetName=Net3_5 Pin=FB14-1
Added Pin To Net: NetName=Net3_9 Pin=FB15-1
Added Pin To Net: NetName=NetDZ4_1 Pin=FB16-1
Added Pin To Net: NetName=NetDZ9_1 Pin=FB17-1
Added Pin To Net: NetName=NetC85_1 Pin=FB18-2
Added Pin To Net: NetName=NetC81_1 Pin=TP48-1
Added Pin To Net: NetName=NetC87_1 Pin=TP64-1
Added Pin To Net: NetName=NetFB9_1 Pin=FB9-1
Added Pin To Net: NetName=NetFB9_1 Pin=Max2-1
Added Pin To Net: NetName=NetFB9_1 Pin=TP38-1
Added Net: Name=NetFB9_1
Added Pin To Net: NetName=NetFB10_2 Pin=FB10-2
Added Pin To Net: NetName=NetFB10_2 Pin=R58-1
Added Net: Name=NetFB10_2
Added Pin To Net: NetName=NetFB11_2 Pin=FB11-2
Added Pin To Net: NetName=NetFB11_2 Pin=R59-1
Added Net: Name=NetFB11_2
Added Pin To Net: NetName=NetFB12_2 Pin=FB12-2
Added Pin To Net: NetName=NetFB12_2 Pin=R60-1
Added Net: Name=NetFB12_2
Added Pin To Net: NetName=NetFB13_2 Pin=FB13-2
Added Pin To Net: NetName=NetFB13_2 Pin=R61-1
Added Net: Name=NetFB13_2
Added Pin To Net: NetName=NetFB14_2 Pin=FB14-2
Added Pin To Net: NetName=NetFB14_2 Pin=R63-1
Added Net: Name=NetFB14_2
Added Pin To Net: NetName=NetFB15_2 Pin=FB15-2
Added Pin To Net: NetName=NetFB15_2 Pin=R65-1
Added Net: Name=NetFB15_2
Added Pin To Net: NetName=NetFB16_2 Pin=FB16-2
Added Pin To Net: NetName=NetFB16_2 Pin=R70-1
Added Net: Name=NetFB16_2
Added Pin To Net: NetName=NetFB17_2 Pin=FB17-2
Added Pin To Net: NetName=NetFB17_2 Pin=R87-1
Added Net: Name=NetFB17_2
Added Pin To Net: NetName=NetFB18_1 Pin=FB18-1
Added Pin To Net: NetName=NetFB18_1 Pin=Max5-1
Added Pin To Net: NetName=NetFB18_1 Pin=TP57-1
Added Net: Name=NetFB18_1
Added Member To Class: ClassName=Protection_logic Member=Component 2 2input or595-SN74AS32DR
Added Member To Class: ClassName=Protection_logic Member=Component 3 2input or595-SN74AS32DR
Added Member To Class: ClassName=Protection_logic Member=Component C69 Cap Pol3
Added Member To Class: ClassName=Power_Board Member=Component Rsense2 Sense Resistor
Added Member To Class: ClassName=Protection_logic Member=Component TP48 Test Point
Added Member To Class: ClassName=Power_Supply2 Member=Component TP64 Test Point
