Change Component Designator: Old Designator= New Designator=1
Change Component Designator: Old Designator=C1 New Designator=C14
Change Component Designator: Old Designator=C2 New Designator=C15
Change Component Designator: Old Designator=C3 New Designator=C20
Change Component Designator: Old Designator=C4 New Designator=C21
Change Component Designator: Old Designator=C5 New Designator=C1
Change Component Designator: Old Designator=C6 New Designator=C2
Change Component Designator: Old Designator=C7 New Designator=C5
Change Component Designator: Old Designator=C8 New Designator=C6
Change Component Designator: Old Designator=C9 New Designator=C3
Change Component Designator: Old Designator=C10 New Designator=C4
Change Component Designator: Old Designator=C11 New Designator=C7
Change Component Designator: Old Designator=C12 New Designator=C8
Change Component Designator: Old Designator=C13 New Designator=C26
Change Component Designator: Old Designator=C14 New Designator=C27
Change Component Designator: Old Designator=C15 New Designator=C9
Change Component Designator: Old Designator=C16 New Designator=C33
Change Component Designator: Old Designator=C17 New Designator=C32
Change Component Designator: Old Designator=C47 New Designator=C16
Change Component Designator: Old Designator=C48 New Designator=C17
Change Component Designator: Old Designator=C49 New Designator=C18
Change Component Designator: Old Designator=C50 New Designator=C19
Change Component Designator: Old Designator=C51 New Designator=C28
Change Component Designator: Old Designator=C52 New Designator=C29
Change Component Designator: Old Designator=C53 New Designator=C30
Change Component Designator: Old Designator=C54 New Designator=C31
Change Component Designator: Old Designator=C55 New Designator=C10
Change Component Designator: Old Designator=C55 New Designator=C12
Change Component Designator: Old Designator=C55 New Designator=C22
Change Component Designator: Old Designator=C56 New Designator=C11
Change Component Designator: Old Designator=C56 New Designator=C13
Change Component Designator: Old Designator=C56 New Designator=C23
Change Component Designator: Old Designator=C57 New Designator=C24
Change Component Designator: Old Designator=C58 New Designator=C25
Change Component Designator: Old Designator=Cs1 New Designator=Cs2
Change Component Designator: Old Designator=Cs2 New Designator=Cs1
Change Component Designator: Old Designator=Current_Sense1 New Designator=Current_Sense3
Change Component Designator: Old Designator=Current_Sense2 New Designator=Current_Sense6
Change Component Designator: Old Designator=Current_Sense3 New Designator=Current_Sense1
Change Component Designator: Old Designator=Current_Sense3 New Designator=Current_Sense2
Change Component Designator: Old Designator=Current_Sense3 New Designator=Current_Sense4
Change Component Designator: Old Designator=Current_Sense4 New Designator=Current_Sense5
Change Component Designator: Old Designator=Grid New Designator=Grid1
Change Component Designator: Old Designator=Logic supply New Designator=Logic supply1
Change Component Designator: Old Designator=R1 New Designator=R13
Change Component Designator: Old Designator=R2 New Designator=R14
Change Component Designator: Old Designator=R3 New Designator=R15
Change Component Designator: Old Designator=R4 New Designator=R16
Change Component Designator: Old Designator=R5 New Designator=R1
Change Component Designator: Old Designator=R7 New Designator=R17
Change Component Designator: Old Designator=R8 New Designator=R18
Change Component Designator: Old Designator=R9 New Designator=R19
Change Component Designator: Old Designator=R10 New Designator=R20
Change Component Designator: Old Designator=R31 New Designator=R10
Change Component Designator: Old Designator=R32 New Designator=R12
Change Component Designator: Old Designator=R39 New Designator=R2
Change Component Designator: Old Designator=R40 New Designator=R3
Change Component Designator: Old Designator=R41 New Designator=R4
Change Component Designator: Old Designator=R42 New Designator=R5
Change Component Designator: Old Designator=R44 New Designator=R7
Change Component Designator: Old Designator=R45 New Designator=R8
Change Component Designator: Old Designator=R46 New Designator=R9
Change Component Designator: Old Designator=R47 New Designator=R11
Change Component Designator: Old Designator=TP1 New Designator=TP7
Change Component Designator: Old Designator=TP2 New Designator=TP8
Change Component Designator: Old Designator=TP3 New Designator=TP9
Change Component Designator: Old Designator=TP4 New Designator=TP10
Change Component Designator: Old Designator=TP5 New Designator=TP11
Change Component Designator: Old Designator=TP6 New Designator=TP12
Change Component Designator: Old Designator=TP7 New Designator=TP13
Change Component Designator: Old Designator=TP8 New Designator=TP1
Change Component Designator: Old Designator=TP9 New Designator=TP2
Change Component Designator: Old Designator=TP10 New Designator=TP16
Change Component Designator: Old Designator=TP11 New Designator=TP17
Change Component Designator: Old Designator=TP12 New Designator=TP18
Change Component Designator: Old Designator=TP13 New Designator=TP19
Change Component Designator: Old Designator=TP14 New Designator=TP20
Change Component Designator: Old Designator=TP15 New Designator=TP21
Change Component Designator: Old Designator=TP33 New Designator=TP3
Change Component Designator: Old Designator=TP34 New Designator=TP4
Change Component Designator: Old Designator=TP35 New Designator=TP5
Change Component Designator: Old Designator=TP35 New Designator=TP6
Change Component Designator: Old Designator=TP35 New Designator=TP14
Change Component Designator: Old Designator=TP36 New Designator=TP15
