Removed Member From Class: ClassName=Protection_logic Member=R91
Removed Member From Class: ClassName=Power_Supply Member=TP25
Removed Member From Class: ClassName=Protection_logic Member=TP26
Removed Member From Class: ClassName=Protection_logic Member=TP29
Removed Member From Class: ClassName=Protection_logic Member=TP31
Removed Member From Class: ClassName=Power_Supply2 Member=TP59
Removed Member From Class: ClassName=Protection_logic Member=ZD1
Removed Member From Class: ClassName=Gate_Drivers Member=ZD9
Added Component: Designator=GaN5(GS66508B)
Add component. Clean all parameters for all variants
Added Component: Designator=GaN6(GS66508B)
Add component. Clean all parameters for all variants
Added Component: Designator=GaN7(GS66508B)
Add component. Clean all parameters for all variants
Added Component: Designator=GaN8(GS66508B)
Add component. Clean all parameters for all variants
Added Pin To Net: NetName=NetC30_1 Pin=GaN5-D
Added Pin To Net: NetName=NetFB5_2 Pin=GaN5-G
Added Pin To Net: NetName=GND_2 Pin=GaN5-SS
Added Pin To Net: NetName=NetGaN5_S Pin=GaN5-S
Added Pin To Net: NetName=NetC30_1 Pin=GaN6-D
Added Pin To Net: NetName=NetFB5_2 Pin=GaN6-G
Added Pin To Net: NetName=GND_2 Pin=GaN6-SS
Added Pin To Net: NetName=NetGaN5_S Pin=GaN6-S
Added Pin To Net: NetName=NetC31_2 Pin=GaN7-D
Added Pin To Net: NetName=NetFB7_2 Pin=GaN7-G
Added Pin To Net: NetName=GND_SS2 Pin=GaN7-SS
Added Pin To Net: NetName=NetGaN7_S Pin=GaN7-S
Added Pin To Net: NetName=NetC31_2 Pin=GaN8-D
Added Pin To Net: NetName=NetFB7_2 Pin=GaN8-G
Added Pin To Net: NetName=GND_SS2 Pin=GaN8-SS
Added Pin To Net: NetName=NetGaN7_S Pin=GaN8-S
Added Member To Class: ClassName=Power_Board Member=Component C35 Output_cap
Added Member To Class: ClassName=Power_Board Member=Component GaN5 GS66508B
Added Member To Class: ClassName=Power_Board Member=Component GaN6 GS66508B
Added Member To Class: ClassName=Power_Board Member=Component GaN7 GS66508B
Added Member To Class: ClassName=Power_Board Member=Component GaN8 GS66508B
Added Member To Class: ClassName=Power_Supply Member=Component TP28 Test Point
Added Member To Class: ClassName=Protection_logic Member=Component TP33 Test Point
Added Member To Class: ClassName=Protection_logic Member=Component TP34 Test Point
Added Member To Class: ClassName=Protection_logic Member=Component TP35 Test Point
Added Member To Class: ClassName=Power_Supply2 Member=Component TP63 Test point
Added Member To Class: ClassName=Gate_Drivers Member=Component ZD1 8.2 v
Added Room: Name=Power_Board
