Removed Pin From Net: NetName=VIN Pin=C7-+
Removed Pin From Net: NetName=GND Pin=C7--
Removed Pin From Net: NetName=VIN Pin=C8-+
Removed Pin From Net: NetName=GND Pin=C8--
Removed Pin From Net: NetName=VIN Pin=C11-1
Removed Pin From Net: NetName=GND Pin=C11-2
Removed Pin From Net: NetName=VIN Pin=C12-1
Removed Pin From Net: NetName=GND Pin=C12-2
Removed Pin From Net: NetName=VIN Pin=D1-2
Removed Pin From Net: NetName=VIN Pin=D3-2
Removed Pin From Net: NetName=VIN Pin=L1-1
Removed Pin From Net: NetName=VIN Pin=L2-1
Removed Pin From Net: NetName=NetP2_19 Pin=R5-1
Removed Pin From Net: NetName=NetP2_19 Pin=R6-2
Removed Pin From Net: NetName=NetC47_2 Pin=T1-1
Removed Pin From Net: NetName=GND Pin=T1-2
Removed Pin From Net: NetName=GND_SS1 Pin=T1-3
Removed Pin From Net: NetName=NetC48_1 Pin=T1-4
Removed Pin From Net: NetName=NetC51_2 Pin=T2-1
Removed Pin From Net: NetName=GND Pin=T2-2
Removed Pin From Net: NetName=GND_SS2 Pin=T2-3
Removed Pin From Net: NetName=NetC52_1 Pin=T2-4
Removed Pin From Net: NetName=VIN Pin=U2-1
Removed Pin From Net: NetName=VIN Pin=U2-1
Removed Pin From Net: NetName=GND Pin=U2-2
Removed Pin From Net: NetName=GND Pin=U2-2
Removed Member From Class: ClassName=Power_Board Member=C7
Removed Member From Class: ClassName=Power_Board Member=C8
Removed Member From Class: ClassName=Power_Board Member=C11
Removed Member From Class: ClassName=Power_Board Member=C12
Removed Member From Class: ClassName=Power_Board Member=T1
Removed Member From Class: ClassName=Power_Board Member=T2
Removed Member From Class: ClassName=Power_Board Member=U2
Change Component Comment : Designator=Cs2 Old Comment=Cap cdv16ff101j03 New Comment=10nF
Change Component Comment : Designator=Cs1 Old Comment=Cap cdv16ff101j03 New Comment=560p
Change Component Comment : Designator=Cs3 Old Comment=Cap cdv16ff101j03 New Comment=560pF
Change component parameters: Designator = "Csnub1"; Footprint = "Cap-Csnub"; UniqueID = "\RGUROTFG"
Change component parameters. Clean all parameters for all variants
Change component parameters (AddParameter): Name = ""; Value = "10nF"; VariantName = "[No Variations]"
Change component parameters: Designator = "Csnub2"; Footprint = "Cap-Csnub"; UniqueID = "\HWFMSQCD"
Change component parameters. Clean all parameters for all variants
Change component parameters (AddParameter): Name = ""; Value = "10nF"; VariantName = "[No Variations]"
Change component parameters: Designator = "L_snub2"; Footprint = "Inductor surface mount"; UniqueID = "\KHIGNWVG"
Change component parameters. Clean all parameters for all variants
Change component parameters (AddParameter): Name = ""; Value = "2.5uH"; VariantName = "[No Variations]"
Change component parameters: Designator = "R3"; Footprint = "Res_Snub"; UniqueID = "\MMSEGAJJ"
Change component parameters. Clean all parameters for all variants
Change component parameters (AddParameter): Name = ""; Value = "5 ohm"; VariantName = "[No Variations]"
Change component parameters: Designator = "R4"; Footprint = "Res_Snub"; UniqueID = "\PREESXGL"
Change component parameters. Clean all parameters for all variants
Change component parameters (AddParameter): Name = ""; Value = "5 ohm"; VariantName = "[No Variations]"
Change component parameters: Designator = "R6"; Footprint = "res_smd"; UniqueID = "\VGOSIHSQ"
Change component parameters. Clean all parameters for all variants
Change component parameters (AddParameter): Name = ""; Value = "5K"; VariantName = "[No Variations]"
Change component parameters: Designator = "R8"; Footprint = "Res_Snub"; UniqueID = "\CKMVKOIO"
Change component parameters. Clean all parameters for all variants
Change component parameters (AddParameter): Name = ""; Value = "5ohm"; VariantName = "[No Variations]"
Change component parameters: Designator = "RSP1"; Footprint = "Res-RS"; UniqueID = "\RKJWGVHD"
Change component parameters. Clean all parameters for all variants
Change component parameters (AddParameter): Name = ""; Value = "5ohm"; VariantName = "[No Variations]"
Added Component: Designator=C?(Output cap)
Add component. Clean all parameters for all variants
Add component (AddParameter): Name = ""; Value = "10uF/100v"; VariantName = "[No Variations]"
Added Component: Designator=C?(Output cap)
Add component. Clean all parameters for all variants
Add component (AddParameter): Name = ""; Value = "10uF/100v"; VariantName = "[No Variations]"
Added Component: Designator=C?(Cap_3300uF)
Add component. Clean all parameters for all variants
Added Component: Designator=C?(Cap_3300uF)
Add component. Clean all parameters for all variants
Added Component: Designator=C?(Cap_SMD)
Add component. Clean all parameters for all variants
Add component (AddParameter): Name = ""; Value = "100nF"; VariantName = "[No Variations]"
Added Component: Designator=C?(Cap_SMD)
Add component. Clean all parameters for all variants
Add component (AddParameter): Name = ""; Value = "100nF"; VariantName = "[No Variations]"
Added Component: Designator=C?(Cap_SMD)
Add component. Clean all parameters for all variants
Add component (AddParameter): Name = ""; Value = "100nF"; VariantName = "[No Variations]"
Added Component: Designator=C?(Cap_SMD)
Add component. Clean all parameters for all variants
Add component (AddParameter): Name = ""; Value = "100nF"; VariantName = "[No Variations]"
Added Component: Designator=Current_Sense?(SOIC-8)
Add component. Clean all parameters for all variants
Added Component: Designator=Current_Sense?(SOIC-8)
Add component. Clean all parameters for all variants
Added Component: Designator=R?(res_smd)
Add component. Clean all parameters for all variants
Add component (AddParameter): Name = ""; Value = "5K"; VariantName = "[No Variations]"
Added Component: Designator=R?(res_smd)
Add component. Clean all parameters for all variants
Add component (AddParameter): Name = ""; Value = "180K"; VariantName = "[No Variations]"
Added Component: Designator=T?(Transformer)
Add component. Clean all parameters for all variants
Added Component: Designator=T?(Transformer)
Add component. Clean all parameters for all variants
Added Component: Designator=TP?(Test Point)
Add component. Clean all parameters for all variants
Added Component: Designator=TP?(Test Point)
Add component. Clean all parameters for all variants
Added Component: Designator=TP?(Test Point)
Add component. Clean all parameters for all variants
Added Component: Designator=U?(P-Terminal 2)
Add component. Clean all parameters for all variants
Added Component: Designator=U?(P-terminal 3)
Add component. Clean all parameters for all variants
Added Pin To Net: NetName=DSP_5V Pin=C?-1
Added Pin To Net: NetName=DSP_5V Pin=C?-1
Added Pin To Net: NetName=DSP_GND Pin=C?-2
Added Pin To Net: NetName=DSP_GND Pin=C?-2
Added Pin To Net: NetName=DSP_GND Pin=C?-2
Added Pin To Net: NetName=DSP_GND Pin=C?-2
Added Pin To Net: NetName=GND Pin=C?-2
Added Pin To Net: NetName=GND Pin=C?-2
Added Pin To Net: NetName=GND Pin=C?--
Added Pin To Net: NetName=GND Pin=C?--
Added Pin To Net: NetName=VIN Pin=Current_Sense?-1
Added Pin To Net: NetName=VIN Pin=Current_Sense?-2
Added Pin To Net: NetName=DSP_GND Pin=Current_Sense?-5
Added Pin To Net: NetName=DSP_GND Pin=Current_Sense?-5
Added Pin To Net: NetName=DSP_5V Pin=Current_Sense?-8
Added Pin To Net: NetName=DSP_5V Pin=Current_Sense?-8
Added Pin To Net: NetName=GND Pin=R?-1
Added Pin To Net: NetName=NetC47_2 Pin=T?-1
Added Pin To Net: NetName=NetC51_2 Pin=T?-1
Added Pin To Net: NetName=GND Pin=T?-2
Added Pin To Net: NetName=GND Pin=T?-2
Added Pin To Net: NetName=GND_SS1 Pin=T?-3
Added Pin To Net: NetName=GND_SS2 Pin=T?-3
Added Pin To Net: NetName=NetC48_1 Pin=T?-4
Added Pin To Net: NetName=NetC52_1 Pin=T?-4
Added Pin To Net: NetName=VIN Pin=U?-1
Added Pin To Net: NetName=VIN Pin=U?-1
Added Pin To Net: NetName=GND Pin=U?-2
Change Net Name : Old Net Name=VIN New Net Name=Vin1
Added Pin To Net: NetName=NetC?_1 Pin=C?-1
Added Pin To Net: NetName=NetC?_1 Pin=Current_Sense?-6
Added Net: Name=NetC?_1
Added Pin To Net: NetName=NetCurrent_Sense?_3 Pin=Current_Sense?-3
Added Pin To Net: NetName=NetCurrent_Sense?_3 Pin=Current_Sense?-4
Added Pin To Net: NetName=NetCurrent_Sense?_3 Pin=D1-2
Added Pin To Net: NetName=NetCurrent_Sense?_3 Pin=L1-1
Added Net: Name=NetCurrent_Sense?_3
Added Pin To Net: NetName=NetCurrent_Sense?_7 Pin=Current_Sense?-7
Added Pin To Net: NetName=NetCurrent_Sense?_7 Pin=TP?-1
Added Net: Name=NetCurrent_Sense?_7
Added Pin To Net: NetName=NetR5_1 Pin=R5-1
Added Pin To Net: NetName=NetR5_1 Pin=R6-2
Added Net: Name=NetR5_1
Added Pin To Net: NetName=NetR?_1 Pin=R?-1
Added Pin To Net: NetName=NetR?_1 Pin=R?-2
Added Net: Name=NetR?_1
Added Pin To Net: NetName=Vin2 Pin=C?-1
Added Pin To Net: NetName=Vin2 Pin=C?-1
Added Pin To Net: NetName=Vin2 Pin=C?-+
Added Pin To Net: NetName=Vin2 Pin=C?-+
Added Pin To Net: NetName=Vin2 Pin=Current_Sense?-1
Added Pin To Net: NetName=Vin2 Pin=Current_Sense?-2
Added Pin To Net: NetName=Vin2 Pin=R?-2
Added Pin To Net: NetName=Vin2 Pin=TP?-1
Added Pin To Net: NetName=Vin2 Pin=U?-2
Added Pin To Net: NetName=Vin2 Pin=U?-3
Added Net: Name=Vin2
Added Member To Class: ClassName=Power_Board Member=Component C? Output_cap
Added Member To Class: ClassName=Power_Board Member=Component C? Output_cap
Added Member To Class: ClassName=Power_Board Member=Component C? 3300uF
Added Member To Class: ClassName=Power_Board Member=Component C? 3300uF
Added Member To Class: ClassName=Power_Board Member=Component C? 100nF
Added Member To Class: ClassName=Power_Board Member=Component C? 100nF
Added Member To Class: ClassName=Power_Board Member=Component C? 100nF
Added Member To Class: ClassName=Power_Board Member=Component C? 100nF
Added Member To Class: ClassName=Power_Board Member=Component Current_Sense? ACS712-05
Added Member To Class: ClassName=Power_Board Member=Component Current_Sense? ACS712-05
Added Member To Class: ClassName=Power_Board Member=Component GaN? GS66508B
Added Member To Class: ClassName=Power_Board Member=Component R? res_smd
Added Member To Class: ClassName=Power_Board Member=Component R? res_smd
Added Member To Class: ClassName=Power_Board Member=Component T? Transformer
Added Member To Class: ClassName=Power_Board Member=Component T? Transformer
Added Member To Class: ClassName=Power_Board Member=Component TP? Test Point
Added Member To Class: ClassName=Power_Board Member=Component TP? Test Point
Added Member To Class: ClassName=Power_Board Member=Component TP? Test Point
Added Member To Class: ClassName=Power_Board Member=Component U? Jumper Vin
Added Member To Class: ClassName=Power_Board Member=Component U? DC Input
