Removed Member From Class: ClassName=Protection_logic Member=ZD1
Added Component: Designator=CP1(Cap_cp)
Add component. Clean all parameters for all variants
Added Component: Designator=CP2(Cap_cp)
Add component. Clean all parameters for all variants
Added Component: Designator=CP3(Cap_cp)
Add component. Clean all parameters for all variants
Added Component: Designator=CP4(Cap_cp)
Add component. Clean all parameters for all variants
Added Pin To Net: NetName=NetC20_1 Pin=CP1-1
Added Pin To Net: NetName=NetC20_2 Pin=CP1-2
Added Pin To Net: NetName=NetC21_1 Pin=CP2-1
Added Pin To Net: NetName=NetC21_2 Pin=CP2-2
Added Pin To Net: NetName=NetC30_1 Pin=CP3-1
Added Pin To Net: NetName=NetC30_2 Pin=CP3-2
Added Pin To Net: NetName=NetC31_1 Pin=CP4-1
Added Pin To Net: NetName=NetC31_2 Pin=CP4-2
Added Member To Class: ClassName=Power_Board Member=Component CP1 Cap_CP
Added Member To Class: ClassName=Power_Board Member=Component CP2 Cap_CP
Added Member To Class: ClassName=Power_Board Member=Component CP3 Cap_CP
Added Member To Class: ClassName=Power_Board Member=Component CP4 Cap_CP
