Removed Pin From Net: NetName=GND Pin=3-7
Removed Pin From Net: NetName=Net3_8 Pin=3-8
Removed Pin From Net: NetName=Net3_9 Pin=3-9
Removed Pin From Net: NetName=Net2_14 Pin=3-14
Removed Pin From Net: NetName=DSP_3V3 Pin=C36-1
Removed Pin From Net: NetName=DSP_3V3 Pin=C41-1
Removed Pin From Net: NetName=Net2_14 Pin=C71-1
Removed Pin From Net: NetName=GND Pin=C71-2
Removed Pin From Net: NetName=Net2_14 Pin=C81-1
Removed Pin From Net: NetName=Net2_14 Pin=C82-1
Removed Pin From Net: NetName=GND Pin=C82-2
Removed Pin From Net: NetName=Net2_14 Pin=C83-1
Removed Pin From Net: NetName=GND Pin=C83-2
Removed Pin From Net: NetName=NetC52_1 Pin=C86-1
Removed Pin From Net: NetName=GND Pin=C86-2
Removed Pin From Net: NetName=NetC38_1 Pin=C90-1
Removed Pin From Net: NetName=NetC52_1 Pin=C94-1
Removed Pin From Net: NetName=GND Pin=C94-2
Removed Pin From Net: NetName=NetC52_1 Pin=CM3-1
Removed Pin From Net: NetName=GND Pin=CM3-4
Removed Pin From Net: NetName=NetC52_1 Pin=CM4-1
Removed Pin From Net: NetName=GND Pin=CM4-4
Removed Pin From Net: NetName=GND Pin=DZ3-2
Removed Pin From Net: NetName=GND Pin=DZ4-2
Removed Pin From Net: NetName=Net3_6 Pin=DZ6-1
Removed Pin From Net: NetName=GND Pin=DZ6-2
Removed Pin From Net: NetName=GND Pin=DZ7-2
Removed Pin From Net: NetName=GND_SS1 Pin=Gate_Driver2-3
Removed Pin From Net: NetName=GND_SS2 Pin=Gate_Driver4-3
Removed Pin From Net: NetName=GND Pin=Max2-3
Removed Pin From Net: NetName=GND Pin=Max2-4
Removed Pin From Net: NetName=Net2_14 Pin=Max2-8
Removed Pin From Net: NetName=GND Pin=Max2-9
Removed Pin From Net: NetName=GND Pin=Max4-4
Removed Pin From Net: NetName=Net2_14 Pin=Max4-8
Removed Pin From Net: NetName=GND Pin=Max5-3
Removed Pin From Net: NetName=GND Pin=Max5-4
Removed Pin From Net: NetName=Net2_14 Pin=Max5-8
Removed Pin From Net: NetName=GND Pin=Max5-9
Removed Pin From Net: NetName=DSP_3V3 Pin=OPT1-1
Removed Pin From Net: NetName=DSP_3V3 Pin=OPT2-1
Removed Pin From Net: NetName=GND Pin=Pot4-3
Removed Pin From Net: NetName=GND Pin=Pot5-2
Removed Pin From Net: NetName=Net2_14 Pin=R53-2
Removed Pin From Net: NetName=GND Pin=R56-1
Removed Pin From Net: NetName=Net3_6 Pin=R79-2
Removed Pin From Net: NetName=GND Pin=R82-2
Removed Pin From Net: NetName=Net2_14 Pin=R83-2
Removed Pin From Net: NetName=Net2_14 Pin=R85-2
Removed Pin From Net: NetName=Net3_6 Pin=R86-2
Removed Pin From Net: NetName=GND Pin=R87-1
Removed Pin From Net: NetName=GND Pin=R89-1
Removed Pin From Net: NetName=NetC38_1 Pin=R91-1
Removed Pin From Net: NetName=GND Pin=Rsense2-2
Removed Pin From Net: NetName=Net3_6 Pin=TP49-1
Removed Member From Class: ClassName=Protection_logic Member=C82
Removed Member From Class: ClassName=Protection_logic Member=C83
Removed Member From Class: ClassName=Protection_logic Member=C85
Removed Member From Class: ClassName=Power_Supply2 Member=C86
Removed Member From Class: ClassName=Power_Supply2 Member=C87
Removed Member From Class: ClassName=Power_Supply2 Member=C88
Removed Member From Class: ClassName=Power_Supply2 Member=C89
Removed Member From Class: ClassName=Power_Supply2 Member=C90
Removed Member From Class: ClassName=Power_Supply2 Member=C91
Removed Member From Class: ClassName=Power_Supply2 Member=C92
Removed Member From Class: ClassName=Power_Supply2 Member=C93
Removed Member From Class: ClassName=Power_Supply2 Member=C94
Removed Member From Class: ClassName=Power_Supply2 Member=C95
Removed Member From Class: ClassName=Power_Supply2 Member=CM3
Removed Member From Class: ClassName=Power_Supply2 Member=CM4
Removed Member From Class: ClassName=Protection_logic Member=DZ4
Removed Member From Class: ClassName=Protection_logic Member=DZ5
Removed Member From Class: ClassName=Protection_logic Member=DZ6
Removed Member From Class: ClassName=Protection_logic Member=DZ7
Removed Member From Class: ClassName=Protection_logic Member=FB16
Removed Member From Class: ClassName=Protection_logic Member=FB17
Removed Member From Class: ClassName=Protection_logic Member=FB18
Removed Member From Class: ClassName=Protection_logic Member=Max3
Removed Member From Class: ClassName=Protection_logic Member=Max4
Removed Member From Class: ClassName=Protection_logic Member=Max5
Removed Member From Class: ClassName=Power_Supply2 Member=MEJ3
Removed Member From Class: ClassName=Power_Supply2 Member=MEJ4
Removed Member From Class: ClassName=Gate_Drivers Member=OPT1
Removed Member From Class: ClassName=Gate_Drivers Member=OPT2
Removed Member From Class: ClassName=Protection_logic Member=Pot4
Removed Member From Class: ClassName=Protection_logic Member=Pot5
Removed Member From Class: ClassName=Protection_logic Member=R73
Removed Member From Class: ClassName=Protection_logic Member=R76
Removed Member From Class: ClassName=Protection_logic Member=R85
Removed Member From Class: ClassName=Protection_logic Member=R86
Removed Member From Class: ClassName=Protection_logic Member=R87
Removed Member From Class: ClassName=Protection_logic Member=R88
Removed Member From Class: ClassName=Protection_logic Member=R89
Removed Member From Class: ClassName=Protection_logic Member=R90
Removed Member From Class: ClassName=Power_Supply2 Member=R91
Removed Member From Class: ClassName=Power_Supply2 Member=R92
Removed Member From Class: ClassName=Power_Supply2 Member=R93
Removed Member From Class: ClassName=Power_Supply2 Member=R94
Removed Member From Class: ClassName=Power_Supply2 Member=R95
Removed Member From Class: ClassName=Power_Supply2 Member=R96
Removed Member From Class: ClassName=Power_Board Member=Rsense2
Removed Member From Class: ClassName=Gate_Drivers Member=TP24
Removed Member From Class: ClassName=Gate_Drivers Member=TP25
Removed Member From Class: ClassName=Protection_logic Member=TP48
Removed Member From Class: ClassName=Protection_logic Member=TP49
Removed Member From Class: ClassName=Protection_logic Member=TP50
Removed Member From Class: ClassName=Protection_logic Member=TP51
Removed Member From Class: ClassName=Protection_logic Member=TP52
Removed Member From Class: ClassName=Protection_logic Member=TP53
Removed Member From Class: ClassName=Protection_logic Member=TP54
Removed Member From Class: ClassName=Protection_logic Member=TP55
Removed Member From Class: ClassName=Protection_logic Member=TP56
Removed Member From Class: ClassName=Protection_logic Member=TP57
Removed Member From Class: ClassName=Protection_logic Member=TP58
Removed Member From Class: ClassName=Protection_logic Member=TP59
Removed Member From Class: ClassName=Power_Supply2 Member=TP60
Removed Member From Class: ClassName=Power_Supply2 Member=TP61
Removed Member From Class: ClassName=Power_Supply2 Member=TP62
Removed Member From Class: ClassName=Power_Supply2 Member=TP63
Removed Member From Class: ClassName=Power_Supply2 Member=TP64
Removed Member From Class: ClassName=Power_Supply2 Member=TP65
Removed Member From Class: ClassName=Power_Supply2 Member=TP66
Removed Member From Class: ClassName=Power_Supply2 Member=TP68
Removed Member From Class: ClassName=Power_Supply2 Member=XC3
Removed Member From Class: ClassName=Power_Supply2 Member=XC4
Removed Member From Class: ClassName=Protection_logic Member=ZD1
Change Component Footprint: Designator=3 Old Footprint=2inputor New Footprint=INA240
Change Component Footprint: Designator=C94 Old Footprint=1812 New Footprint=C1206
Change Component Footprint: Designator=C95 Old Footprint=1812 New Footprint=C1206
Change Component Footprint: Designator=C81 Old Footprint=C0805 New Footprint=Cap_SMD
Change Component Footprint: Designator=C98 Old Footprint=C0805 New Footprint=Cap Tantal 3216
Change Component Footprint: Designator=C84 Old Footprint=C1206 New Footprint=C0805
Change Component Footprint: Designator=C89 Old Footprint=C1206 New Footprint=C0805
Change Component Footprint: Designator=C96 Old Footprint=C1206 New Footprint=Capacitor 0805
Change Component Footprint: Designator=C97 Old Footprint=C1206 New Footprint=Capacitor 0805
Change Component Footprint: Designator=C93 Old Footprint=Capacitor 0805 New Footprint=C1206
Change Component Footprint: Designator=C36 Old Footprint=Capacitor 0805 New Footprint=Cap_SMD
Change Component Footprint: Designator=C37 Old Footprint=Capacitor 0805 New Footprint=Cap_SMD
Change Component Footprint: Designator=C99 Old Footprint=Capacitor 0805 New Footprint=Cap Tantal 3216
Change Component Footprint: Designator=C92 Old Footprint=Cap Tantal 3216 New Footprint=C1206
Change Component Footprint: Designator=C100 Old Footprint=Cap Tantal 3216 New Footprint=Capacitor 0805
Change Component Comment : Designator=3 Old Comment=2input or595-SN74AS32DR New Comment=INA240A1
Change Component Comment : Designator=C84 Old Comment=16V New Comment=Cap Pol3
Change Component Comment : Designator=C93 Old Comment=Cap New Comment=16V
Change Component Comment : Designator=C36 Old Comment=Cap New Comment=100nF
Change Component Comment : Designator=C37 Old Comment=Cap New Comment=100nF
Change Component Comment : Designator=C99 Old Comment=Cap New Comment=Tantalium/T520A226M006ATE090
Change Component Comment : Designator=C94 Old Comment=Cap Pol3 New Comment=16V
Change Component Comment : Designator=C95 Old Comment=Cap Pol3 New Comment=16V
Change Component Comment : Designator=C81 Old Comment=Cap Pol3 New Comment=100nF
Change Component Comment : Designator=C98 Old Comment=Cap Pol3 New Comment=Tantalium/T520A226M006ATE090
Change Component Comment : Designator=C96 Old Comment=Cap Semi New Comment=Cap
Change Component Comment : Designator=C97 Old Comment=Cap Semi New Comment=Cap
Change Component Comment : Designator=C89 Old Comment=Cap Semi New Comment=Cap Pol3
Change Component Comment : Designator=Gate_Driver1 Old Comment=IXDN609SI New Comment=IXDD609SI
Change Component Comment : Designator=Gate_Driver2 Old Comment=IXDN609SI New Comment=IXDD609SI
Change Component Comment : Designator=Gate_Driver3 Old Comment=IXDN609SI New Comment=IXDD609SI
Change Component Comment : Designator=Gate_Driver4 Old Comment=IXDN609SI New Comment=IXDD609SI
Change Component Comment : Designator=C92 Old Comment=Tantalium/T520A226M006ATE090 New Comment=16V
Change Component Comment : Designator=C100 Old Comment=Tantalium/T520A226M006ATE090 New Comment=Cap
Change Component Designator: OldDesignator=C38 NewDesignator=C41
Change Component Designator: OldDesignator=C39 NewDesignator=C42
Change Component Designator: OldDesignator=C40 NewDesignator=C43
Change Component Designator: OldDesignator=C43 NewDesignator=C47
Change Component Designator: OldDesignator=C44 NewDesignator=C48
Change Component Designator: OldDesignator=C45 NewDesignator=C49
Change Component Designator: OldDesignator=C46 NewDesignator=C52
Change Component Designator: OldDesignator=C47 NewDesignator=C53
Change Component Designator: OldDesignator=C48 NewDesignator=C54
Change Component Designator: OldDesignator=C49 NewDesignator=C55
Change Component Designator: OldDesignator=C50 NewDesignator=C56
Change Component Designator: OldDesignator=C51 NewDesignator=C57
Change Component Designator: OldDesignator=C52 NewDesignator=C58
Change Component Designator: OldDesignator=C53 NewDesignator=C59
Change Component Designator: OldDesignator=C54 NewDesignator=C60
Change Component Designator: OldDesignator=C55 NewDesignator=C61
Change Component Designator: OldDesignator=C56 NewDesignator=C62
Change Component Designator: OldDesignator=C57 NewDesignator=C63
Change Component Designator: OldDesignator=C58 NewDesignator=C64
Change Component Designator: OldDesignator=C59 NewDesignator=C65
Change Component Designator: OldDesignator=C60 NewDesignator=C66
Change Component Designator: OldDesignator=C61 NewDesignator=C67
Change Component Designator: OldDesignator=C62 NewDesignator=C70
Change Component Designator: OldDesignator=C63 NewDesignator=C71
Change Component Designator: OldDesignator=C64 NewDesignator=C72
Change Component Designator: OldDesignator=C65 NewDesignator=C88
Change Component Designator: OldDesignator=C66 NewDesignator=C73
Change Component Designator: OldDesignator=C67 NewDesignator=C90
Change Component Designator: OldDesignator=C68 NewDesignator=C87
Change Component Designator: OldDesignator=C69 NewDesignator=C75
Change Component Designator: OldDesignator=C70 NewDesignator=C76
Change Component Designator: OldDesignator=C71 NewDesignator=C91
Change Component Designator: OldDesignator=C72 NewDesignator=C77
Change Component Designator: OldDesignator=C73 NewDesignator=C80
Change Component Designator: OldDesignator=C75 NewDesignator=C78
Change Component Designator: OldDesignator=C76 NewDesignator=C79
Change Component Designator: OldDesignator=C77 NewDesignator=C82
Change Component Designator: OldDesignator=C78 NewDesignator=C86
Change Component Designator: OldDesignator=C79 NewDesignator=C85
Change Component Designator: OldDesignator=C80 NewDesignator=C83
Change Component Designator: OldDesignator=C101 NewDesignator=C102
Change Component Designator: OldDesignator=digitalopt1 NewDesignator=digitalopt3
Change Component Designator: OldDesignator=DZ5 NewDesignator=DZ3
Change Component Designator: OldDesignator=FB9 NewDesignator=FB13
Change Component Designator: OldDesignator=FB10 NewDesignator=FB15
Change Component Designator: OldDesignator=FB11 NewDesignator=FB9
Change Component Designator: OldDesignator=FB12 NewDesignator=FB10
Change Component Designator: OldDesignator=FB15 NewDesignator=FB12
Change Component Designator: OldDesignator=FB16 NewDesignator=FB11
Change Component Designator: OldDesignator=Max1 NewDesignator=Max2
Change Component Designator: OldDesignator=Max3 NewDesignator=Max1
Change Component Designator: OldDesignator=Pot1 NewDesignator=Pot2
Change Component Designator: OldDesignator=Pot2 NewDesignator=Pot3
Change Component Designator: OldDesignator=Pot3 NewDesignator=Pot1
Change Component Designator: OldDesignator=R47 NewDesignator=R76
Change Component Designator: OldDesignator=R48 NewDesignator=R73
Change Component Designator: OldDesignator=R50 NewDesignator=R74
Change Component Designator: OldDesignator=R51 NewDesignator=R50
Change Component Designator: OldDesignator=R52 NewDesignator=R78
Change Component Designator: OldDesignator=R54 NewDesignator=R51
Change Component Designator: OldDesignator=R55 NewDesignator=R54
Change Component Designator: OldDesignator=R57 NewDesignator=R83
Change Component Designator: OldDesignator=R58 NewDesignator=R82
Change Component Designator: OldDesignator=R59 NewDesignator=R56
Change Component Designator: OldDesignator=R60 NewDesignator=R66
Change Component Designator: OldDesignator=R62 NewDesignator=R52
Change Component Designator: OldDesignator=R63 NewDesignator=R53
Change Component Designator: OldDesignator=R65 NewDesignator=R55
Change Component Designator: OldDesignator=R66 NewDesignator=R68
Change Component Designator: OldDesignator=R67 NewDesignator=R57
Change Component Designator: OldDesignator=R68 NewDesignator=R58
Change Component Designator: OldDesignator=R69 NewDesignator=R59
Change Component Designator: OldDesignator=R70 NewDesignator=R60
Change Component Designator: OldDesignator=R71 NewDesignator=R61
Change Component Designator: OldDesignator=R72 NewDesignator=R62
Change Component Designator: OldDesignator=R73 NewDesignator=R63
Change Component Designator: OldDesignator=R74 NewDesignator=R64
Change Component Designator: OldDesignator=R75 NewDesignator=R65
Change Component Designator: OldDesignator=R76 NewDesignator=R70
Change Component Designator: OldDesignator=R77 NewDesignator=R67
Change Component Designator: OldDesignator=R78 NewDesignator=R71
Change Component Designator: OldDesignator=R80 NewDesignator=R72
Change Component Designator: OldDesignator=TP22 NewDesignator=TP21
Change Component Designator: OldDesignator=TP24 NewDesignator=TP22
Change Component Designator: OldDesignator=TP25 NewDesignator=TP23
Change Component Designator: OldDesignator=TP26 NewDesignator=TP24
Change Component Designator: OldDesignator=TP27 NewDesignator=TP25
Change Component Designator: OldDesignator=TP28 NewDesignator=TP26
Change Component Designator: OldDesignator=TP29 NewDesignator=TP27
Change Component Designator: OldDesignator=TP30 NewDesignator=TP28
Change Component Designator: OldDesignator=TP31 NewDesignator=TP29
Change Component Designator: OldDesignator=TP32 NewDesignator=TP41
Change Component Designator: OldDesignator=TP33 NewDesignator=TP30
Change Component Designator: OldDesignator=TP34 NewDesignator=TP40
Change Component Designator: OldDesignator=TP35 NewDesignator=TP43
Change Component Designator: OldDesignator=TP36 NewDesignator=TP42
Change Component Designator: OldDesignator=TP37 NewDesignator=TP44
Change Component Designator: OldDesignator=TP38 NewDesignator=TP45
Change Component Designator: OldDesignator=TP39 NewDesignator=TP47
Change Component Designator: OldDesignator=TP40 NewDesignator=TP31
Change Component Designator: OldDesignator=TP41 NewDesignator=TP32
Change Component Designator: OldDesignator=TP43 NewDesignator=TP33
Change Component Designator: OldDesignator=TP45 NewDesignator=TP34
Change Component Designator: OldDesignator=TP46 NewDesignator=TP35
Change Component Designator: OldDesignator=TP47 NewDesignator=TP36
Change Component Designator: OldDesignator=TP48 NewDesignator=TP37
Change Component Designator: OldDesignator=TP51 NewDesignator=TP38
Change Component Designator: OldDesignator=TP52 NewDesignator=TP39
Change Component Designator: OldDesignator=TP67 NewDesignator=TP52
Change Component Designator: OldDesignator=TP69 NewDesignator=TP53
Change Component Designator: OldDesignator=TP70 NewDesignator=TP54
Change Component Designator: OldDesignator=ZD9 NewDesignator=ZD14
Change component parameters: Designator = "FB14"; Footprint = "res_smd"; UniqueID = "\PBJNWHFF"
Change component parameters. Clean all parameters for all variants
Change component parameters (AddParameter): Name = ""; Value = "0"; VariantName = "[No Variations]"
Change component parameters: Designator = "R76"; Footprint = "res_smd"; UniqueID = "\LYPOWSXY"
Change component parameters. Clean all parameters for all variants
Change component parameters (AddParameter): Name = ""; Value = "10"; VariantName = "[No Variations]"
Change component parameters: Designator = "R82"; Footprint = "res_smd"; UniqueID = "\KVRIRKUI"
Change component parameters. Clean all parameters for all variants
Change component parameters (AddParameter): Name = ""; Value = "100"; VariantName = "[No Variations]"
Change component parameters: Designator = "R56"; Footprint = "res_smd"; UniqueID = "\MBUAGLYI"
Change component parameters. Clean all parameters for all variants
Change component parameters (AddParameter): Name = ""; Value = "100"; VariantName = "[No Variations]"
Change component parameters: Designator = "R66"; Footprint = "res_smd"; UniqueID = "\WEIWJGAI"
Change component parameters. Clean all parameters for all variants
Change component parameters (AddParameter): Name = ""; Value = "100"; VariantName = "[No Variations]"
Change component parameters: Designator = "R68"; Footprint = "res_smd"; UniqueID = "\QBXWACSW"
Change component parameters. Clean all parameters for all variants
Change component parameters (AddParameter): Name = ""; Value = "100"; VariantName = "[No Variations]"
Change component parameters: Designator = "R79"; Footprint = "res_smd"; UniqueID = "\SAKLBGDM"
Change component parameters. Clean all parameters for all variants
Change component parameters (AddParameter): Name = ""; Value = "1meg"; VariantName = "[No Variations]"
Change component parameters: Designator = "R81"; Footprint = "res_smd"; UniqueID = "\PAKBVPEO"
Change component parameters. Clean all parameters for all variants
Change component parameters (AddParameter): Name = ""; Value = "1meg"; VariantName = "[No Variations]"
Change component parameters: Designator = "R84"; Footprint = "res_smd"; UniqueID = "\OXXEAYYU"
Change component parameters. Clean all parameters for all variants
Change component parameters (AddParameter): Name = ""; Value = "10k"; VariantName = "[No Variations]"
Change component parameters: Designator = "C84"; Footprint = "C0805"; UniqueID = "\PGCWSDKW"
Change component parameters. Clean all parameters for all variants
Change component parameters (AddParameter): Name = "LatestRevisionDate"; Value = "29-May-2009"; VariantName = "[No Variations]"
Change component parameters (AddParameter): Name = "LatestRevisionNote"; Value = "IPC-7351 Footprint Added."; VariantName = "[No Variations]"
Change component parameters (AddParameter): Name = "PackageDescription"; Value = "Chip Capacitor"; VariantName = "[No Variations]"
Change component parameters (AddParameter): Name = "PackageReference"; Value = "C0805"; VariantName = "[No Variations]"
Change component parameters (AddParameter): Name = "Published"; Value = "8-Jun-2000"; VariantName = "[No Variations]"
Change component parameters (AddParameter): Name = "Publisher"; Value = "Altium Limited"; VariantName = "[No Variations]"
Change component parameters (AddParameter): Name = "Value"; Value = "0.1uF/ 16V"; VariantName = "[No Variations]"
Change component parameters: Designator = "C89"; Footprint = "C0805"; UniqueID = "\AMFNERNC"
Change component parameters. Clean all parameters for all variants
Change component parameters (AddParameter): Name = "LatestRevisionDate"; Value = "29-May-2009"; VariantName = "[No Variations]"
Change component parameters (AddParameter): Name = "LatestRevisionNote"; Value = "IPC-7351 Footprint Added."; VariantName = "[No Variations]"
Change component parameters (AddParameter): Name = "PackageDescription"; Value = "Chip Capacitor"; VariantName = "[No Variations]"
Change component parameters (AddParameter): Name = "PackageReference"; Value = "C0805"; VariantName = "[No Variations]"
Change component parameters (AddParameter): Name = "Published"; Value = "8-Jun-2000"; VariantName = "[No Variations]"
Change component parameters (AddParameter): Name = "Publisher"; Value = "Altium Limited"; VariantName = "[No Variations]"
Change component parameters (AddParameter): Name = "Value"; Value = "0.1uF/ 16V"; VariantName = "[No Variations]"
Change component parameters: Designator = "C94"; Footprint = "C1206"; UniqueID = "\RISYQXRT"
Change component parameters. Clean all parameters for all variants
Change component parameters (AddParameter): Name = "LatestRevisionDate"; Value = "29-May-2009"; VariantName = "[No Variations]"
Change component parameters (AddParameter): Name = "LatestRevisionNote"; Value = "IPC-7351 Footprint Added."; VariantName = "[No Variations]"
Change component parameters (AddParameter): Name = "PackageDescription"; Value = "Chip Capacitor"; VariantName = "[No Variations]"
Change component parameters (AddParameter): Name = "PackageReference"; Value = "C1206"; VariantName = "[No Variations]"
Change component parameters (AddParameter): Name = "Published"; Value = "8-Jun-2000"; VariantName = "[No Variations]"
Change component parameters (AddParameter): Name = "Publisher"; Value = "Altium Limited"; VariantName = "[No Variations]"
Change component parameters (AddParameter): Name = "Value"; Value = "10uF"; VariantName = "[No Variations]"
Change component parameters: Designator = "C95"; Footprint = "C1206"; UniqueID = "\XPVEKTIV"
Change component parameters. Clean all parameters for all variants
Change component parameters (AddParameter): Name = "LatestRevisionDate"; Value = "29-May-2009"; VariantName = "[No Variations]"
Change component parameters (AddParameter): Name = "LatestRevisionNote"; Value = "IPC-7351 Footprint Added."; VariantName = "[No Variations]"
Change component parameters (AddParameter): Name = "PackageDescription"; Value = "Chip Capacitor"; VariantName = "[No Variations]"
Change component parameters (AddParameter): Name = "PackageReference"; Value = "C1206"; VariantName = "[No Variations]"
Change component parameters (AddParameter): Name = "Published"; Value = "8-Jun-2000"; VariantName = "[No Variations]"
Change component parameters (AddParameter): Name = "Publisher"; Value = "Altium Limited"; VariantName = "[No Variations]"
Change component parameters (AddParameter): Name = "Value"; Value = "1nF"; VariantName = "[No Variations]"
Change component parameters: Designator = "C99"; Footprint = "Cap Tantal 3216"; UniqueID = "\TAKKPAIM"
Change component parameters. Clean all parameters for all variants
Change component parameters (AddParameter): Name = "LatestRevisionDate"; Value = "17-Jul-2002"; VariantName = "[No Variations]"
Change component parameters (AddParameter): Name = "LatestRevisionNote"; Value = "Re-released for DXP Platform."; VariantName = "[No Variations]"
Change component parameters (AddParameter): Name = "PackageReference"; Value = "RB7.6-15"; VariantName = "[No Variations]"
Change component parameters (AddParameter): Name = "Published"; Value = "8-Jun-2000"; VariantName = "[No Variations]"
Change component parameters (AddParameter): Name = "Publisher"; Value = "Altium Limited"; VariantName = "[No Variations]"
Change component parameters (AddParameter): Name = "Value"; Value = "22uF"; VariantName = "[No Variations]"
Change component parameters: Designator = "C100"; Footprint = "Capacitor 0805"; UniqueID = "\NKCNJBKQ"
Change component parameters. Clean all parameters for all variants
Change component parameters (AddParameter): Name = "LatestRevisionDate"; Value = "17-Jul-2002"; VariantName = "[No Variations]"
Change component parameters (AddParameter): Name = "LatestRevisionNote"; Value = "Re-released for DXP Platform."; VariantName = "[No Variations]"
Change component parameters (AddParameter): Name = "PackageReference"; Value = "RAD-0.3"; VariantName = "[No Variations]"
Change component parameters (AddParameter): Name = "Published"; Value = "8-Jun-2000"; VariantName = "[No Variations]"
Change component parameters (AddParameter): Name = "Publisher"; Value = "Altium Limited"; VariantName = "[No Variations]"
Change component parameters (AddParameter): Name = "Value"; Value = "470nF"; VariantName = "[No Variations]"
Change component parameters: Designator = "C92"; Footprint = "C1206"; UniqueID = "\FVVNQROH"
Change component parameters. Clean all parameters for all variants
Change component parameters (AddParameter): Name = "LatestRevisionDate"; Value = "29-May-2009"; VariantName = "[No Variations]"
Change component parameters (AddParameter): Name = "LatestRevisionNote"; Value = "IPC-7351 Footprint Added."; VariantName = "[No Variations]"
Change component parameters (AddParameter): Name = "PackageDescription"; Value = "Chip Capacitor"; VariantName = "[No Variations]"
Change component parameters (AddParameter): Name = "PackageReference"; Value = "C1206"; VariantName = "[No Variations]"
Change component parameters (AddParameter): Name = "Published"; Value = "8-Jun-2000"; VariantName = "[No Variations]"
Change component parameters (AddParameter): Name = "Publisher"; Value = "Altium Limited"; VariantName = "[No Variations]"
Change component parameters (AddParameter): Name = "Value"; Value = "1nF"; VariantName = "[No Variations]"
Change component parameters: Designator = "C93"; Footprint = "C1206"; UniqueID = "\OOFEKWCP"
Change component parameters. Clean all parameters for all variants
Change component parameters (AddParameter): Name = "LatestRevisionDate"; Value = "29-May-2009"; VariantName = "[No Variations]"
Change component parameters (AddParameter): Name = "LatestRevisionNote"; Value = "IPC-7351 Footprint Added."; VariantName = "[No Variations]"
Change component parameters (AddParameter): Name = "PackageDescription"; Value = "Chip Capacitor"; VariantName = "[No Variations]"
Change component parameters (AddParameter): Name = "PackageReference"; Value = "C1206"; VariantName = "[No Variations]"
Change component parameters (AddParameter): Name = "Published"; Value = "8-Jun-2000"; VariantName = "[No Variations]"
Change component parameters (AddParameter): Name = "Publisher"; Value = "Altium Limited"; VariantName = "[No Variations]"
Change component parameters (AddParameter): Name = "Value"; Value = "50uF"; VariantName = "[No Variations]"
Change component parameters: Designator = "C96"; Footprint = "Capacitor 0805"; UniqueID = "\GRUUBFGL"
Change component parameters. Clean all parameters for all variants
Change component parameters (AddParameter): Name = "LatestRevisionDate"; Value = "17-Jul-2002"; VariantName = "[No Variations]"
Change component parameters (AddParameter): Name = "LatestRevisionNote"; Value = "Re-released for DXP Platform."; VariantName = "[No Variations]"
Change component parameters (AddParameter): Name = "PackageReference"; Value = "RAD-0.3"; VariantName = "[No Variations]"
Change component parameters (AddParameter): Name = "Published"; Value = "8-Jun-2000"; VariantName = "[No Variations]"
Change component parameters (AddParameter): Name = "Publisher"; Value = "Altium Limited"; VariantName = "[No Variations]"
Change component parameters (AddParameter): Name = "Value"; Value = "470nF"; VariantName = "[No Variations]"
Change component parameters: Designator = "C97"; Footprint = "Capacitor 0805"; UniqueID = "\RWILWCDH"
Change component parameters. Clean all parameters for all variants
Change component parameters (AddParameter): Name = "LatestRevisionDate"; Value = "17-Jul-2002"; VariantName = "[No Variations]"
Change component parameters (AddParameter): Name = "LatestRevisionNote"; Value = "Re-released for DXP Platform."; VariantName = "[No Variations]"
Change component parameters (AddParameter): Name = "PackageReference"; Value = "RAD-0.3"; VariantName = "[No Variations]"
Change component parameters (AddParameter): Name = "Published"; Value = "8-Jun-2000"; VariantName = "[No Variations]"
Change component parameters (AddParameter): Name = "Publisher"; Value = "Altium Limited"; VariantName = "[No Variations]"
Change component parameters (AddParameter): Name = "Value"; Value = "470nF"; VariantName = "[No Variations]"
Change component parameters: Designator = "C98"; Footprint = "Cap Tantal 3216"; UniqueID = "\OWPLHOWT"
Change component parameters. Clean all parameters for all variants
Change component parameters (AddParameter): Name = "LatestRevisionDate"; Value = "17-Jul-2002"; VariantName = "[No Variations]"
Change component parameters (AddParameter): Name = "LatestRevisionNote"; Value = "Re-released for DXP Platform."; VariantName = "[No Variations]"
Change component parameters (AddParameter): Name = "PackageReference"; Value = "RB7.6-15"; VariantName = "[No Variations]"
Change component parameters (AddParameter): Name = "Published"; Value = "8-Jun-2000"; VariantName = "[No Variations]"
Change component parameters (AddParameter): Name = "Publisher"; Value = "Altium Limited"; VariantName = "[No Variations]"
Change component parameters (AddParameter): Name = "Value"; Value = "22uF"; VariantName = "[No Variations]"
Change component parameters: Designator = "C36"; Footprint = "Cap_SMD"; UniqueID = "\EEWIOBWO"
Change component parameters. Clean all parameters for all variants
Change component parameters (AddParameter): Name = ""; Value = "470nF"; VariantName = "[No Variations]"
Change component parameters: Designator = "C37"; Footprint = "Cap_SMD"; UniqueID = "\QXCEKWLV"
Change component parameters. Clean all parameters for all variants
Change component parameters (AddParameter): Name = ""; Value = "470nF"; VariantName = "[No Variations]"
Change component parameters: Designator = "C81"; Footprint = "Cap_SMD"; UniqueID = "\YVHNCLOV"
Change component parameters. Clean all parameters for all variants
Change component parameters (AddParameter): Name = ""; Value = "470nF"; VariantName = "[No Variations]"
Added Component: Designator=4(REF52.5)
Add component. Clean all parameters for all variants
Added Component: Designator=C38(Cap_SMD)
Add component. Clean all parameters for all variants
Add component (AddParameter): Name = ""; Value = "470nF"; VariantName = "[No Variations]"
Added Component: Designator=C39(Cap_SMD)
Add component. Clean all parameters for all variants
Add component (AddParameter): Name = ""; Value = "470nF"; VariantName = "[No Variations]"
Added Component: Designator=C40(Cap_SMD)
Add component. Clean all parameters for all variants
Add component (AddParameter): Name = ""; Value = "470nF"; VariantName = "[No Variations]"
Added Component: Designator=C44(Cap_SMD)
Add component. Clean all parameters for all variants
Add component (AddParameter): Name = ""; Value = "470nF"; VariantName = "[No Variations]"
Added Component: Designator=C45(Cap_SMD)
Add component. Clean all parameters for all variants
Add component (AddParameter): Name = ""; Value = "470nF"; VariantName = "[No Variations]"
Added Component: Designator=C46(Cap_SMD)
Add component. Clean all parameters for all variants
Add component (AddParameter): Name = ""; Value = "470nF"; VariantName = "[No Variations]"
Added Component: Designator=C50(Cap_SMD)
Add component. Clean all parameters for all variants
Add component (AddParameter): Name = ""; Value = "470nF"; VariantName = "[No Variations]"
Added Component: Designator=C51(Cap_SMD)
Add component. Clean all parameters for all variants
Add component (AddParameter): Name = ""; Value = "470nF"; VariantName = "[No Variations]"
Added Component: Designator=C68(C1206)
Add component. Clean all parameters for all variants
Add component (AddParameter): Name = "LatestRevisionDate"; Value = "29-May-2009"; VariantName = "[No Variations]"
Add component (AddParameter): Name = "LatestRevisionNote"; Value = "IPC-7351 Footprint Added."; VariantName = "[No Variations]"
Add component (AddParameter): Name = "PackageDescription"; Value = "Chip Capacitor"; VariantName = "[No Variations]"
Add component (AddParameter): Name = "PackageReference"; Value = "C1206"; VariantName = "[No Variations]"
Add component (AddParameter): Name = "Published"; Value = "8-Jun-2000"; VariantName = "[No Variations]"
Add component (AddParameter): Name = "Publisher"; Value = "Altium Limited"; VariantName = "[No Variations]"
Add component (AddParameter): Name = "Value"; Value = "0.22uF/25V"; VariantName = "[No Variations]"
Added Component: Designator=C69(C0805)
Add component. Clean all parameters for all variants
Add component (AddParameter): Name = "LatestRevisionDate"; Value = "29-May-2009"; VariantName = "[No Variations]"
Add component (AddParameter): Name = "LatestRevisionNote"; Value = "IPC-7351 Footprint Added."; VariantName = "[No Variations]"
Add component (AddParameter): Name = "PackageDescription"; Value = "Chip Capacitor"; VariantName = "[No Variations]"
Add component (AddParameter): Name = "PackageReference"; Value = "C0805"; VariantName = "[No Variations]"
Add component (AddParameter): Name = "Published"; Value = "8-Jun-2000"; VariantName = "[No Variations]"
Add component (AddParameter): Name = "Publisher"; Value = "Altium Limited"; VariantName = "[No Variations]"
Add component (AddParameter): Name = "Value"; Value = "1uF/25V"; VariantName = "[No Variations]"
Added Component: Designator=C101(Capacitor 0805)
Add component. Clean all parameters for all variants
Add component (AddParameter): Name = "LatestRevisionDate"; Value = "17-Jul-2002"; VariantName = "[No Variations]"
Add component (AddParameter): Name = "LatestRevisionNote"; Value = "Re-released for DXP Platform."; VariantName = "[No Variations]"
Add component (AddParameter): Name = "PackageReference"; Value = "RAD-0.3"; VariantName = "[No Variations]"
Add component (AddParameter): Name = "Published"; Value = "8-Jun-2000"; VariantName = "[No Variations]"
Add component (AddParameter): Name = "Publisher"; Value = "Altium Limited"; VariantName = "[No Variations]"
Add component (AddParameter): Name = "Value"; Value = "470nF"; VariantName = "[No Variations]"
Added Component: Designator=D13(3.2X1.6X1.1)
Add component. Clean all parameters for all variants
Add component (AddParameter): Name = "LatestRevisionDate"; Value = "17-Jul-2002"; VariantName = "[No Variations]"
Add component (AddParameter): Name = "LatestRevisionNote"; Value = "Re-released for DXP Platform."; VariantName = "[No Variations]"
Add component (AddParameter): Name = "PackageDescription"; Value = "SM LED; 2 Flat Leads"; VariantName = "[No Variations]"
Add component (AddParameter): Name = "PackageReference"; Value = "3.2X1.6X1.1"; VariantName = "[No Variations]"
Add component (AddParameter): Name = "PackageVersion"; Value = "Feb-2002"; VariantName = "[No Variations]"
Add component (AddParameter): Name = "Published"; Value = "8-Jun-2000"; VariantName = "[No Variations]"
Add component (AddParameter): Name = "Publisher"; Value = "Altium Limited"; VariantName = "[No Variations]"
Added Component: Designator=D14(3.2X1.6X1.1)
Add component. Clean all parameters for all variants
Add component (AddParameter): Name = "LatestRevisionDate"; Value = "17-Jul-2002"; VariantName = "[No Variations]"
Add component (AddParameter): Name = "LatestRevisionNote"; Value = "Re-released for DXP Platform."; VariantName = "[No Variations]"
Add component (AddParameter): Name = "PackageDescription"; Value = "SM LED; 2 Flat Leads"; VariantName = "[No Variations]"
Add component (AddParameter): Name = "PackageReference"; Value = "3.2X1.6X1.1"; VariantName = "[No Variations]"
Add component (AddParameter): Name = "PackageVersion"; Value = "Feb-2002"; VariantName = "[No Variations]"
Add component (AddParameter): Name = "Published"; Value = "8-Jun-2000"; VariantName = "[No Variations]"
Add component (AddParameter): Name = "Publisher"; Value = "Altium Limited"; VariantName = "[No Variations]"
Added Component: Designator=digitalopt1(SO8 TS27l2)
Add component. Clean all parameters for all variants
Added Component: Designator=digitalopt2(SO8 TS27l2)
Add component. Clean all parameters for all variants
Added Component: Designator=Jumper2(Header1*3)
Add component. Clean all parameters for all variants
Added Component: Designator=Latch2(SR latch)
Add component. Clean all parameters for all variants
Added Component: Designator=Not1(Inverter)
Add component. Clean all parameters for all variants
Added Component: Designator=R47(res_smd)
Add component. Clean all parameters for all variants
Add component (AddParameter): Name = ""; Value = "22k"; VariantName = "[No Variations]"
Added Component: Designator=R48(res_smd)
Add component. Clean all parameters for all variants
Add component (AddParameter): Name = ""; Value = "10k"; VariantName = "[No Variations]"
Added Component: Designator=R69(res_smd)
Add component. Clean all parameters for all variants
Add component (AddParameter): Name = ""; Value = "10k"; VariantName = "[No Variations]"
Added Component: Designator=R75(res_smd)
Add component. Clean all parameters for all variants
Add component (AddParameter): Name = ""; Value = "10k"; VariantName = "[No Variations]"
Added Component: Designator=R77(res_smd)
Add component. Clean all parameters for all variants
Add component (AddParameter): Name = ""; Value = "10k"; VariantName = "[No Variations]"
Added Component: Designator=R80(res_smd)
Add component. Clean all parameters for all variants
Add component (AddParameter): Name = ""; Value = "10"; VariantName = "[No Variations]"
Added Component: Designator=TP46(Test Point)
Add component. Clean all parameters for all variants
Added Component: Designator=TP48(Test Point)
Add component. Clean all parameters for all variants
Added Component: Designator=TP51(Test Point)
Add component. Clean all parameters for all variants
Added Component: Designator=ZD9(Zener Diode)
Add component. Clean all parameters for all variants
Added Component: Designator=ZD12(Zener Diode)
Add component. Clean all parameters for all variants
Added Component: Designator=ZD13(Zener Diode)
Add component. Clean all parameters for all variants
Added Pin To Net: NetName=Net3_9 Pin=2-5
Added Pin To Net: NetName=Net3_8 Pin=2-6
Added Pin To Net: NetName=GND Pin=3-1
Added Pin To Net: NetName=GND Pin=3-4
Added Pin To Net: NetName=Net2_14 Pin=3-5
Added Pin To Net: NetName=Net3_6 Pin=3-7
Added Pin To Net: NetName=Net2_14 Pin=4-2
Added Pin To Net: NetName=GND Pin=4-4
Added Pin To Net: NetName=Net3_6 Pin=4-6
Added Pin To Net: NetName=GND_SS1 Pin=C36-2
Added Pin To Net: NetName=GND Pin=C37-1
Added Pin To Net: NetName=GND Pin=C38-1
Added Pin To Net: NetName=Net2_14 Pin=C38-2
Added Pin To Net: NetName=NetC73_1 Pin=C39-1
Added Pin To Net: NetName=GND_SS1 Pin=C39-2
Added Pin To Net: NetName=GND Pin=C41-2
Added Pin To Net: NetName=GND Pin=C42-2
Added Pin To Net: NetName=GND Pin=C43-2
Added Pin To Net: NetName=GND_SS2 Pin=C44-1
Added Pin To Net: NetName=GND Pin=C45-1
Added Pin To Net: NetName=Net2_14 Pin=C45-2
Added Pin To Net: NetName=GND Pin=C46-1
Added Pin To Net: NetName=Net2_14 Pin=C46-2
Added Pin To Net: NetName=GND_SS2 Pin=C51-2
Added Pin To Net: NetName=NetC38_1 Pin=C52-1
Added Pin To Net: NetName=GND Pin=C52-2
Added Pin To Net: NetName=NetC38_1 Pin=C53-1
Added Pin To Net: NetName=GND Pin=C53-2
Added Pin To Net: NetName=GND Pin=C54-2
Added Pin To Net: NetName=GND Pin=C68-1
Added Pin To Net: NetName=NetC52_1 Pin=C68-2
Added Pin To Net: NetName=NetC38_1 Pin=C69-1
Added Pin To Net: NetName=GND Pin=C69-2
Added Pin To Net: NetName=Net2_14 Pin=C73-1
Added Pin To Net: NetName=Net2_14 Pin=C77-2
Added Pin To Net: NetName=Net2_14 Pin=C84-1
Added Pin To Net: NetName=GND Pin=C84-2
Added Pin To Net: NetName=GND Pin=C88-2
Added Pin To Net: NetName=Net2_14 Pin=C89-1
Added Pin To Net: NetName=GND Pin=C89-2
Added Pin To Net: NetName=GND Pin=C91-1
Added Pin To Net: NetName=Net2_14 Pin=C91-2
Added Pin To Net: NetName=GND Pin=C92-1
Added Pin To Net: NetName=GND Pin=C93-1
Added Pin To Net: NetName=Net3_6 Pin=C93-2
Added Pin To Net: NetName=GND Pin=C94-1
Added Pin To Net: NetName=Net3_6 Pin=C94-2
Added Pin To Net: NetName=GND Pin=C95-1
Added Pin To Net: NetName=Net2_14 Pin=C95-2
Added Pin To Net: NetName=GND_SS2 Pin=C96-1
Added Pin To Net: NetName=NetC59_2 Pin=C96-2
Added Pin To Net: NetName=GND_SS1 Pin=C97-1
Added Pin To Net: NetName=NetC54_2 Pin=C97-2
Added Pin To Net: NetName=GND_SS2 Pin=C98-2
Added Pin To Net: NetName=GND_SS1 Pin=C99-2
Added Pin To Net: NetName=GND_SS2 Pin=C100-1
Added Pin To Net: NetName=GND_SS1 Pin=C101-1
Added Pin To Net: NetName=GND Pin=Con1-0
Added Pin To Net: NetName=GND Pin=Con1-1
Added Pin To Net: NetName=GND Pin=Con1-2
Added Pin To Net: NetName=GND Pin=Con1-3
Added Pin To Net: NetName=GND Pin=Con2-0
Added Pin To Net: NetName=GND Pin=Con2-1
Added Pin To Net: NetName=GND Pin=Con2-2
Added Pin To Net: NetName=GND Pin=Con2-3
Added Pin To Net: NetName=GND Pin=Con5-0
Added Pin To Net: NetName=GND Pin=Con5-1
Added Pin To Net: NetName=GND Pin=Con5-2
Added Pin To Net: NetName=GND Pin=Con5-3
Added Pin To Net: NetName=GND Pin=Con6-0
Added Pin To Net: NetName=GND Pin=Con6-1
Added Pin To Net: NetName=GND Pin=Con6-2
Added Pin To Net: NetName=GND Pin=Con6-3
Added Pin To Net: NetName=GND Pin=D13-2
Added Pin To Net: NetName=GND Pin=D14-2
Added Pin To Net: NetName=Net2_14 Pin=digitalopt1-1
Added Pin To Net: NetName=GND Pin=digitalopt1-4
Added Pin To Net: NetName=GND_SS1 Pin=digitalopt1-5
Added Pin To Net: NetName=NetC73_1 Pin=digitalopt1-7
Added Pin To Net: NetName=Net2_14 Pin=digitalopt2-1
Added Pin To Net: NetName=GND Pin=digitalopt2-4
Added Pin To Net: NetName=GND_SS2 Pin=digitalopt2-5
Added Pin To Net: NetName=Net2_14 Pin=digitalopt3-1
Added Pin To Net: NetName=GND Pin=GaN1-SS
Added Pin To Net: NetName=GND Pin=GaN2-SS
Added Pin To Net: NetName=GND Pin=GaN5-SS
Added Pin To Net: NetName=GND Pin=GaN5-S
Added Pin To Net: NetName=GND Pin=GaN6-SS
Added Pin To Net: NetName=GND Pin=GaN6-S
Added Pin To Net: NetName=GND_SS2 Pin=GaN7-S
Added Pin To Net: NetName=GND_SS2 Pin=GaN8-S
Added Pin To Net: NetName=GND Pin=Gate_Driver1-4
Added Pin To Net: NetName=GND Pin=Gate_Driver1-4
Added Pin To Net: NetName=GND Pin=Gate_Driver1-5
Added Pin To Net: NetName=NetC73_1 Pin=Gate_Driver2-3
Added Pin To Net: NetName=NetC38_1 Pin=Gate_Driver3-1
Added Pin To Net: NetName=GND Pin=Gate_Driver3-4
Added Pin To Net: NetName=GND Pin=Gate_Driver3-4
Added Pin To Net: NetName=GND Pin=Gate_Driver3-5
Added Pin To Net: NetName=NetC38_1 Pin=Gate_Driver3-8
Added Pin To Net: NetName=Net2_14 Pin=Jumper2-1
Added Pin To Net: NetName=Net2_14 Pin=Latch1-16
Added Pin To Net: NetName=NetLatch1_3 Pin=Latch2-3
Added Pin To Net: NetName=NetDZ1_1 Pin=Latch2-4
Added Pin To Net: NetName=GND Pin=Latch2-8
Added Pin To Net: NetName=Net3_9 Pin=Latch2-14
Added Pin To Net: NetName=NetLatch1_3 Pin=Latch2-15
Added Pin To Net: NetName=Net2_14 Pin=Latch2-16
Added Pin To Net: NetName=Netdigitalopt1_2 Pin=Not1-2
Added Pin To Net: NetName=GND Pin=Not1-3
Added Pin To Net: NetName=Net2_14 Pin=Not1-5
Added Pin To Net: NetName=GND Pin=P1-5
Added Pin To Net: NetName=GND Pin=P1-6
Added Pin To Net: NetName=NetC38_1 Pin=R47-1
Added Pin To Net: NetName=GND Pin=R48-2
Added Pin To Net: NetName=Net2_14 Pin=R50-2
Added Pin To Net: NetName=Net2_14 Pin=R54-2
Added Pin To Net: NetName=Net2_14 Pin=R69-2
Added Pin To Net: NetName=Net3_8 Pin=R72-2
Added Pin To Net: NetName=GND Pin=R79-1
Added Pin To Net: NetName=Net3_9 Pin=R79-2
Added Pin To Net: NetName=NetDZ1_1 Pin=R81-1
Added Pin To Net: NetName=GND Pin=R81-2
Added Pin To Net: NetName=GND Pin=Rdis1-2
Added Pin To Net: NetName=GND Pin=Rdis2-2
Added Pin To Net: NetName=GND Pin=Rdis5-2
Added Pin To Net: NetName=GND Pin=Rdis6-2
Added Pin To Net: NetName=Net3_6 Pin=TP42-1
Added Pin To Net: NetName=GND_SS2 Pin=TP50-1
Added Pin To Net: NetName=GND_SS1 Pin=TP51-1
Added Pin To Net: NetName=GND_SS2 Pin=U4-2
Added Pin To Net: NetName=GND_SS2 Pin=U4-2
Added Pin To Net: NetName=NetC59_2 Pin=U4-3
Added Pin To Net: NetName=GND_SS1 Pin=U5-2
Added Pin To Net: NetName=GND_SS1 Pin=U5-2
Added Pin To Net: NetName=NetC54_2 Pin=U5-3
Added Pin To Net: NetName=GND Pin=XC3-2
Added Pin To Net: NetName=NetC52_1 Pin=XC3-3
Added Pin To Net: NetName=NetC52_1 Pin=XC3-5
Added Pin To Net: NetName=GND Pin=ZD1-2
Added Pin To Net: NetName=GND Pin=ZD2-2
Added Pin To Net: NetName=GND Pin=ZD5-2
Added Pin To Net: NetName=GND Pin=ZD6-2
Added Pin To Net: NetName=NetC74_2 Pin=ZD9-1
Added Pin To Net: NetName=GND Pin=ZD9-2
Added Pin To Net: NetName=GND Pin=ZD12-1
Added Pin To Net: NetName=GND Pin=ZD13-2
Change Net Name : Old Net Name=Net2_14 New Net Name=+5V_P
Change Net Name : Old Net Name=Net3_8 New Net Name=Net2_6
Change Net Name : Old Net Name=Net3_9 New Net Name=Net2_5
Change Net Name : Old Net Name=NetC38_1 New Net Name=NetC41_1
Change Net Name : Old Net Name=NetC40_1 New Net Name=NetC43_1
Change Net Name : Old Net Name=NetC43_1 New Net Name=NetC47_1
Change Net Name : Old Net Name=NetC45_1 New Net Name=NetC49_1
Change Net Name : Old Net Name=NetC48_1 New Net Name=NetC54_1
Change Net Name : Old Net Name=NetC49_1 New Net Name=NetC55_1
Change Net Name : Old Net Name=NetC51_1 New Net Name=NetC57_1
Change Net Name : Old Net Name=NetC52_1 New Net Name=NetC58_1
Change Net Name : Old Net Name=NetC53_1 New Net Name=NetC59_1
Change Net Name : Old Net Name=NetC53_2 New Net Name=NetC59_2
Change Net Name : Old Net Name=NetC54_2 New Net Name=NetC60_2
Change Net Name : Old Net Name=NetC58_1 New Net Name=NetC64_1
Change Net Name : Old Net Name=NetC58_2 New Net Name=NetC64_2
Change Net Name : Old Net Name=NetC59_2 New Net Name=NetC65_2
Change Net Name : Old Net Name=NetC69_1 New Net Name=NetC75_1
Change Net Name : Old Net Name=NetC73_1 New Net Name=NetC39_1
Change Net Name : Old Net Name=NetC80_1 New Net Name=NetC83_1
Change Net Name : Old Net Name=NetC101_1 New Net Name=NetC102_1
Change Net Name : Old Net Name=NetC106_2 New Net Name=-5V_P
Change Net Name : Old Net Name=Netdigitalopt1_2 New Net Name=Netdigitalopt3_2
Change Net Name : Old Net Name=NetFB10_1 New Net Name=NetFB15_1
Change Net Name : Old Net Name=NetFB10_2 New Net Name=NetFB15_2
Change Net Name : Old Net Name=NetFB11_2 New Net Name=NetFB9_2
Change Net Name : Old Net Name=NetFB12_2 New Net Name=NetFB10_2
Change Net Name : Old Net Name=NetFB15_2 New Net Name=NetFB12_2
Change Net Name : Old Net Name=NetFB16_1 New Net Name=NetFB11_1
Change Net Name : Old Net Name=NetFB16_2 New Net Name=NetFB11_2
Change Net Name : Old Net Name=NetMax1_1 New Net Name=NetMax2_1
Change Net Name : Old Net Name=NetMax1_2 New Net Name=NetMax2_2
Change Net Name : Old Net Name=NetMax1_5 New Net Name=NetMax2_5
Change Net Name : Old Net Name=NetMax3_1 New Net Name=NetMax1_1
Change Net Name : Old Net Name=NetMax3_2 New Net Name=NetMax1_2
Change Net Name : Old Net Name=NetR51_1 New Net Name=NetR50_1
Change Net Name : Old Net Name=NetR67_1 New Net Name=NetR57_1
Change Net Name : Old Net Name=NetR68_1 New Net Name=NetR58_1
Change Net Name : Old Net Name=NetR69_1 New Net Name=NetR59_1
Change Net Name : Old Net Name=NetR72_1 New Net Name=NetR62_1
Change Net Name : Old Net Name=NetR73_1 New Net Name=NetR63_1
Change Net Name : Old Net Name=NetR74_1 New Net Name=NetR64_1
Added Pin To Net: NetName=5V_SS1 Pin=C36-1
Added Pin To Net: NetName=5V_SS1 Pin=C99-1
Added Pin To Net: NetName=5V_SS1 Pin=C101-2
Added Pin To Net: NetName=5V_SS1 Pin=digitalopt1-8
Added Pin To Net: NetName=5V_SS1 Pin=TP49-1
Added Pin To Net: NetName=5V_SS1 Pin=U5-1
Added Net: Name=5V_SS1
Added Pin To Net: NetName=5V_SS2 Pin=C44-2
Added Pin To Net: NetName=5V_SS2 Pin=C98-1
Added Pin To Net: NetName=5V_SS2 Pin=C100-2
Added Pin To Net: NetName=5V_SS2 Pin=digitalopt2-8
Added Pin To Net: NetName=5V_SS2 Pin=TP48-1
Added Pin To Net: NetName=5V_SS2 Pin=U4-1
Added Net: Name=5V_SS2
Added Pin To Net: NetName=Net3_2 Pin=3-2
Added Pin To Net: NetName=Net3_2 Pin=FB13-1
Added Pin To Net: NetName=Net3_2 Pin=TP41-1
Added Net: Name=Net3_2
Added Pin To Net: NetName=Net3_3 Pin=3-3
Added Pin To Net: NetName=Net3_3 Pin=FB14-1
Added Pin To Net: NetName=Net3_3 Pin=TP46-1
Added Net: Name=Net3_3
Added Pin To Net: NetName=Net3_8 Pin=3-8
Added Pin To Net: NetName=Net3_8 Pin=R82-2
Added Net: Name=Net3_8
Added Pin To Net: NetName=NetC51_1 Pin=C51-1
Added Pin To Net: NetName=NetC51_1 Pin=digitalopt2-7
Added Pin To Net: NetName=NetC51_1 Pin=Gate_Driver4-3
Added Net: Name=NetC51_1
Added Pin To Net: NetName=NetC88_1 Pin=C88-1
Added Pin To Net: NetName=NetC88_1 Pin=C90-2
Added Pin To Net: NetName=NetC88_1 Pin=FB13-2
Added Pin To Net: NetName=NetC88_1 Pin=R76-1
Added Pin To Net: NetName=NetC88_1 Pin=ZD12-2
Added Net: Name=NetC88_1
Added Pin To Net: NetName=NetC90_1 Pin=C90-1
Added Pin To Net: NetName=NetC90_1 Pin=C92-2
Added Pin To Net: NetName=NetC90_1 Pin=FB14-2
Added Pin To Net: NetName=NetC90_1 Pin=R80-1
Added Pin To Net: NetName=NetC90_1 Pin=ZD13-1
Added Net: Name=NetC90_1
Added Pin To Net: NetName=NetD13_1 Pin=D13-1
Added Pin To Net: NetName=NetD13_1 Pin=R75-2
Added Net: Name=NetD13_1
Added Pin To Net: NetName=NetD14_1 Pin=D14-1
Added Pin To Net: NetName=NetD14_1 Pin=R77-2
Added Net: Name=NetD14_1
Added Pin To Net: NetName=Netdigitalopt1_2 Pin=digitalopt1-2
Added Pin To Net: NetName=Netdigitalopt1_2 Pin=digitalopt2-2
Added Pin To Net: NetName=Netdigitalopt1_2 Pin=Gate_Driver1-3
Added Pin To Net: NetName=Netdigitalopt1_2 Pin=Gate_Driver3-3
Added Pin To Net: NetName=Netdigitalopt1_2 Pin=Jumper2-2
Added Net: Name=Netdigitalopt1_2
Added Pin To Net: NetName=NetJumper2_3 Pin=Jumper2-3
Added Pin To Net: NetName=NetJumper2_3 Pin=Not1-4
Added Pin To Net: NetName=NetJumper2_3 Pin=R69-1
Added Net: Name=NetJumper2_3
Added Pin To Net: NetName=NetLatch2_1 Pin=Latch2-1
Added Pin To Net: NetName=NetLatch2_1 Pin=R75-1
Added Net: Name=NetLatch2_1
Added Pin To Net: NetName=NetLatch2_2 Pin=Latch2-2
Added Pin To Net: NetName=NetLatch2_2 Pin=R77-1
Added Net: Name=NetLatch2_2
Added Pin To Net: NetName=NetLatch2_5 Pin=Latch2-5
Added Pin To Net: NetName=NetLatch2_5 Pin=R84-1
Added Net: Name=NetLatch2_5
Added Pin To Net: NetName=NetP1_7 Pin=P1-7
Added Pin To Net: NetName=NetP1_7 Pin=P1-8
Added Pin To Net: NetName=NetP1_7 Pin=R21-2
Added Net: Name=NetP1_7
Added Pin To Net: NetName=NetP1_9 Pin=P1-9
Added Pin To Net: NetName=NetP1_9 Pin=P1-10
Added Pin To Net: NetName=NetP1_9 Pin=R31-2
Added Net: Name=NetP1_9
Added Pin To Net: NetName=NetR47_2 Pin=R47-2
Added Pin To Net: NetName=NetR47_2 Pin=R48-1
Added Pin To Net: NetName=NetR47_2 Pin=XC3-4
Added Net: Name=NetR47_2
Added Pin To Net: NetName=NetR76_2 Pin=R76-2
Added Pin To Net: NetName=NetR76_2 Pin=TP40-1
Added Net: Name=NetR76_2
Added Pin To Net: NetName=NetR80_2 Pin=R80-2
Added Pin To Net: NetName=NetR80_2 Pin=TP45-1
Added Net: Name=NetR80_2
Added Pin To Net: NetName=NetRsense1_3 Pin=Rsense1-3
Added Net: Name=NetRsense1_3
Added Pin To Net: NetName=NetRsense1_4 Pin=Rsense1-4
Added Net: Name=NetRsense1_4
Added Member To Class: ClassName=Protection_logic Member=Component 4 REF5025AIDR
Added Member To Class: ClassName=Gate_Drivers Member=Component C52 100nF
Added Member To Class: ClassName=Gate_Drivers Member=Component C53 22uF
Added Member To Class: ClassName=Gate_Drivers Member=Component C54 100nF
Added Member To Class: ClassName=Gate_Drivers Member=Component C55 100nF
Added Member To Class: ClassName=Gate_Drivers Member=Component C56 22uF
Added Member To Class: ClassName=Gate_Drivers Member=Component C57 100nF
Added Member To Class: ClassName=Power_Supply Member=Component C68 Cap Semi
Added Member To Class: ClassName=Power_Supply Member=Component C69 Cap Pol3
Added Member To Class: ClassName=Protection_logic Member=Component C89 Cap Pol3
Added Member To Class: ClassName=Protection_logic Member=Component C92 16V
Added Member To Class: ClassName=Protection_logic Member=Component C93 16V
Added Member To Class: ClassName=Protection_logic Member=Component C94 16V
Added Member To Class: ClassName=Protection_logic Member=Component C95 16V
Added Member To Class: ClassName=Protection_logic Member=Component D13 LED2
Added Member To Class: ClassName=Protection_logic Member=Component D14 LED2
Added Member To Class: ClassName=Gate_Drivers Member=Component digitalopt1 Dig opto SI8421BB-D-IS
Added Member To Class: ClassName=Gate_Drivers Member=Component digitalopt2 Dig opto SI8421BB-D-IS
Added Member To Class: ClassName=Protection_logic Member=Component Jumper2 p_jumper
Added Member To Class: ClassName=Protection_logic Member=Component Latch2 SR NOR Latch
Added Member To Class: ClassName=Protection_logic Member=Component Not1 SN74LVC1G04-EP
Added Member To Class: ClassName=Power_Supply Member=Component R47 res_smd
Added Member To Class: ClassName=Power_Supply Member=Component R48 res_smd
Added Member To Class: ClassName=Protection_logic Member=Component TP40 Test Point
Added Member To Class: ClassName=Protection_logic Member=Component TP43 Test Point
Added Member To Class: ClassName=Power_Supply2 Member=Component TP48 Test point
Added Member To Class: ClassName=Power_Supply2 Member=Component TP49 Test point
Added Member To Class: ClassName=Power_Supply2 Member=Component TP50 Test point
Added Member To Class: ClassName=Power_Supply2 Member=Component TP51 Test point
Added Member To Class: ClassName=Power_Supply Member=Component XC3 XC6216C202PR-G
Added Member To Class: ClassName=Protection_logic Member=Component ZD12 8.2 v
Added Member To Class: ClassName=Protection_logic Member=Component ZD13 8.2 v
Added Member To Class: ClassName=Protection_logic Member=Component ZD14 8.2 v
