Change Component Designator: Old Designator=C3 New Designator=C5
Change Component Designator: Old Designator=C3 New Designator=C6
Change Component Designator: Old Designator=C3 New Designator=C7
Change Component Designator: Old Designator=C5 New Designator=C8
Change Component Designator: Old Designator=C6 New Designator=C9
Change Component Designator: Old Designator=C7 New Designator=C10
Change Component Designator: Old Designator=C7 New Designator=C11
Change Component Designator: Old Designator=C7 New Designator=C12
Change Component Designator: Old Designator=C7 New Designator=C14
Change Component Designator: Old Designator=C7 New Designator=C15
Change Component Designator: Old Designator=C8 New Designator=C13
Change Component Designator: Old Designator=C9 New Designator=C16
Change Component Designator: Old Designator=C12 New Designator=C17
Change Component Designator: Old Designator=C13 New Designator=C18
Change Component Designator: Old Designator=C14 New Designator=C19
Change Component Designator: Old Designator=C15 New Designator=C20
Change Component Designator: Old Designator=C16 New Designator=C21
Change Component Designator: Old Designator=C17 New Designator=C22
Change Component Designator: Old Designator=C18 New Designator=C23
Change Component Designator: Old Designator=C19 New Designator=C24
Change Component Designator: Old Designator=C20 New Designator=C25
Change Component Designator: Old Designator=C21 New Designator=C26
Change Component Designator: Old Designator=C22 New Designator=C27
Change Component Designator: Old Designator=C23 New Designator=C28
Change Component Designator: Old Designator=C24 New Designator=C29
Change Component Designator: Old Designator=C25 New Designator=C30
Change Component Designator: Old Designator=C26 New Designator=C31
Change Component Designator: Old Designator=C27 New Designator=C32
Change Component Designator: Old Designator=C28 New Designator=C33
Change Component Designator: Old Designator=C29 New Designator=C34
Change Component Designator: Old Designator=C30 New Designator=C35
Change Component Designator: Old Designator=C31 New Designator=C36
Change Component Designator: Old Designator=Current_Sense2 New Designator=Current_Sense1
Change Component Designator: Old Designator=Current_Sense3 New Designator=Current_Sense2
Change Component Designator: Old Designator=Current_Sense4 New Designator=Current_Sense3
Change Component Designator: Old Designator=Current_Sense5 New Designator=Current_Sense4
Change Component Designator: Old Designator=GaN5 New Designator=GaN7
Change Component Designator: Old Designator=GaN6 New Designator=GaN8
Change Component Designator: Old Designator=GaN7 New Designator=GaN5
Change Component Designator: Old Designator=GaN8 New Designator=GaN6
Change Component Designator: Old Designator=Rsense1 New Designator=Rsense2
Change Component Designator: Old Designator=TP6 New Designator=TP5
Change Component Designator: Old Designator=TP7 New Designator=TP6
Change Component Designator: Old Designator=TP8 New Designator=TP7
Change Component Designator: Old Designator=TP9 New Designator=TP8
Change Component Designator: Old Designator=TP10 New Designator=TP9
Change Component Designator: Old Designator=TP11 New Designator=TP10
Change Component Designator: Old Designator=TP12 New Designator=TP11
Change Component Designator: Old Designator=TP13 New Designator=TP12
Change Component Designator: Old Designator=TP14 New Designator=TP13
Change Component Designator: Old Designator=TP15 New Designator=TP14
Change Component Designator: Old Designator=TP16 New Designator=TP15
Change Component Designator: Old Designator=TP17 New Designator=TP16
Change Component Designator: Old Designator=TP18 New Designator=TP17
Change Component Designator: Old Designator=TP19 New Designator=TP18
Change Component Designator: Old Designator=TP20 New Designator=TP19
