Removed Pin From Net: NetName=Vin1 Pin=C5-+
Removed Pin From Net: NetName=GND Pin=C5--
Removed Pin From Net: NetName=Vin1 Pin=C6-+
Removed Pin From Net: NetName=GND Pin=C6--
Removed Pin From Net: NetName=Vin2 Pin=C7-+
Removed Pin From Net: NetName=GND Pin=C7--
Removed Pin From Net: NetName=Vin2 Pin=C8-+
Removed Pin From Net: NetName=GND Pin=C8--
Removed Pin From Net: NetName=NetP2_15 Pin=R1-1
Removed Pin From Net: NetName=NetP2_15 Pin=R2-2
Removed Member From Class: ClassName=Power_Board Member=C5
Removed Member From Class: ClassName=Power_Board Member=C6
Removed Member From Class: ClassName=Power_Board Member=C7
Removed Member From Class: ClassName=Power_Board Member=C8
Change Component Comment : Designator=Cd3 Old Comment=Cd New Comment=15uF
Change Component Comment : Designator=Aux2 Old Comment=Grid sensor New Comment=Grid Input for sense
Change Component Comment : Designator=RSP3 Old Comment=Res_Rd New Comment=15 ohm
Added Component: Designator=C?(Cap_3300uF_35mm height)
Add component. Clean all parameters for all variants
Added Component: Designator=C?(Cap_3300uF_35mm height)
Add component. Clean all parameters for all variants
Added Component: Designator=C?(Cap_3300uF_35mm height)
Add component. Clean all parameters for all variants
Added Component: Designator=C?(Cap_3300uF_35mm height)
Add component. Clean all parameters for all variants
Added Component: Designator=P1(HDR2X15)
Add component. Clean all parameters for all variants
Add component (AddParameter): Name = "LatestRevisionDate"; Value = "17-Jul-2002"; VariantName = "[No Variations]"
Add component (AddParameter): Name = "LatestRevisionNote"; Value = "Re-released for DXP Platform."; VariantName = "[No Variations]"
Add component (AddParameter): Name = "Publisher"; Value = "Altium Limited"; VariantName = "[No Variations]"
Added Component: Designator=P2(HDR2X16)
Add component. Clean all parameters for all variants
Add component (AddParameter): Name = "LatestRevisionDate"; Value = "17-Jul-2002"; VariantName = "[No Variations]"
Add component (AddParameter): Name = "LatestRevisionNote"; Value = "Re-released for DXP Platform."; VariantName = "[No Variations]"
Add component (AddParameter): Name = "Publisher"; Value = "Altium Limited"; VariantName = "[No Variations]"
Added Component: Designator=P?(HDR2X6)
Add component. Clean all parameters for all variants
Add component (AddParameter): Name = "LatestRevisionDate"; Value = "17-Jul-2002"; VariantName = "[No Variations]"
Add component (AddParameter): Name = "LatestRevisionNote"; Value = "Re-released for DXP Platform."; VariantName = "[No Variations]"
Add component (AddParameter): Name = "Publisher"; Value = "Altium Limited"; VariantName = "[No Variations]"
Added Component: Designator=P?(HDR2X4)
Add component. Clean all parameters for all variants
Add component (AddParameter): Name = "LatestRevisionDate"; Value = "17-Jul-2002"; VariantName = "[No Variations]"
Add component (AddParameter): Name = "LatestRevisionNote"; Value = "Re-released for DXP Platform."; VariantName = "[No Variations]"
Add component (AddParameter): Name = "Publisher"; Value = "Altium Limited"; VariantName = "[No Variations]"
Added Pin To Net: NetName=Vin1 Pin=C?-+
Added Pin To Net: NetName=Vin1 Pin=C?-+
Added Pin To Net: NetName=Vin2 Pin=C?-+
Added Pin To Net: NetName=Vin2 Pin=C?-+
Added Pin To Net: NetName=GND Pin=C?--
Added Pin To Net: NetName=GND Pin=C?--
Added Pin To Net: NetName=GND Pin=C?--
Added Pin To Net: NetName=GND Pin=C?--
Added Pin To Net: NetName=NetP1_1 Pin=P1-1
Added Pin To Net: NetName=NetP1_1 Pin=P1-2
Added Pin To Net: NetName=NetP1_3 Pin=P1-3
Added Pin To Net: NetName=NetP1_3 Pin=P1-4
Added Pin To Net: NetName=GND Pin=P1-5
Added Pin To Net: NetName=GND Pin=P1-6
Added Pin To Net: NetName=NetP1_9 Pin=P1-9
Added Pin To Net: NetName=NetP1_9 Pin=P1-10
Added Pin To Net: NetName=NetC30_1 Pin=P1-11
Added Pin To Net: NetName=NetC30_1 Pin=P1-12
Added Pin To Net: NetName=NetP1_13 Pin=P1-13
Added Pin To Net: NetName=NetP1_13 Pin=P1-14
Added Pin To Net: NetName=GND_SS1 Pin=P1-15
Added Pin To Net: NetName=GND_SS1 Pin=P1-16
Added Pin To Net: NetName=NetC31_2 Pin=P1-17
Added Pin To Net: NetName=NetC31_2 Pin=P1-18
Added Pin To Net: NetName=NetP1_19 Pin=P1-19
Added Pin To Net: NetName=NetP1_19 Pin=P1-20
Added Pin To Net: NetName=GND_SS2 Pin=P1-21
Added Pin To Net: NetName=GND_SS2 Pin=P1-22
Added Pin To Net: NetName=NetC35_2 Pin=P1-23
Added Pin To Net: NetName=NetC35_2 Pin=P1-24
Added Pin To Net: NetName=DSP_5V Pin=P2-1
Added Pin To Net: NetName=DSP_5V Pin=P2-2
Added Pin To Net: NetName=DSP_GND Pin=P2-3
Added Pin To Net: NetName=DSP_GND Pin=P2-4
Added Pin To Net: NetName=NetCurrent_Sense3_7 Pin=P2-5
Added Pin To Net: NetName=NetCurrent_Sense3_7 Pin=P2-6
Added Pin To Net: NetName=NetCurrent_Sense4_7 Pin=P2-7
Added Pin To Net: NetName=NetCurrent_Sense4_7 Pin=P2-8
Added Pin To Net: NetName=NetCurrent_Sense1_7 Pin=P2-9
Added Pin To Net: NetName=NetCurrent_Sense1_7 Pin=P2-10
Added Pin To Net: NetName=NetCurrent_Sense2_7 Pin=P2-11
Added Pin To Net: NetName=NetCurrent_Sense2_7 Pin=P2-12
Added Pin To Net: NetName=DSP_GND Pin=P2-13
Added Pin To Net: NetName=DSP_GND Pin=P2-14
Added Pin To Net: NetName=NetP2_15 Pin=P2-15
Added Pin To Net: NetName=NetP2_15 Pin=P2-16
Added Pin To Net: NetName=GND_S Pin=P2-19
Added Pin To Net: NetName=GND_S Pin=P2-20
Added Pin To Net: NetName=GND_S Pin=P2-25
Added Pin To Net: NetName=GND_S Pin=P2-26
Added Pin To Net: NetName=GND Pin=P2-29
Added Pin To Net: NetName=GND Pin=P2-30
Added Pin To Net: NetName=NetP2_15 Pin=R39-2
Added Pin To Net: NetName=NetP1_7 Pin=P1-7
Added Pin To Net: NetName=NetP1_7 Pin=P1-8
Added Pin To Net: NetName=NetP1_7 Pin=R50-2
Added Net: Name=NetP1_7
Added Pin To Net: NetName=NetP2_17 Pin=P2-17
Added Pin To Net: NetName=NetP2_17 Pin=P2-18
Added Pin To Net: NetName=NetP2_17 Pin=R44-2
Added Net: Name=NetP2_17
Added Pin To Net: NetName=NetP2_21 Pin=P2-21
Added Pin To Net: NetName=NetP2_21 Pin=P2-22
Added Pin To Net: NetName=NetP2_21 Pin=R7-1
Added Pin To Net: NetName=NetP2_21 Pin=R10-2
Added Net: Name=NetP2_21
Added Pin To Net: NetName=NetP2_23 Pin=P2-23
Added Pin To Net: NetName=NetP2_23 Pin=P2-24
Added Pin To Net: NetName=NetP2_23 Pin=R1-1
Added Pin To Net: NetName=NetP2_23 Pin=R2-2
Added Net: Name=NetP2_23
Added Pin To Net: NetName=NetP2_27 Pin=P2-27
Added Pin To Net: NetName=NetP2_27 Pin=R31-2
Added Pin To Net: NetName=NetP2_27 Pin=R32-1
Added Net: Name=NetP2_27
Added Pin To Net: NetName=NetP2_28 Pin=P2-28
Added Pin To Net: NetName=NetP2_28 Pin=R5-1
Added Pin To Net: NetName=NetP2_28 Pin=R6-2
Added Net: Name=NetP2_28
Added Member To Class: ClassName=Power_Board Member=Component C? 3300uF
Added Member To Class: ClassName=Power_Board Member=Component C? 3300uF
Added Member To Class: ClassName=Power_Board Member=Component C? 3300uF
Added Member To Class: ClassName=Power_Board Member=Component C? 3300uF
Added Member To Class: ClassName=Power_Board Member=Component P1 Signals from DSP
Added Member To Class: ClassName=Power_Board Member=Component P2 Signals to DSP
Added Member To Class: ClassName=Power_Board Member=Component P? Signals to Output Board
Added Member To Class: ClassName=Power_Board Member=Component P? Signals to Input Board
