Change Component Designator: Old Designator=C58 New Designator=C95
Change Component Designator: Old Designator=C59 New Designator=C96
Change Component Designator: Old Designator=C60 New Designator=C97
Change Component Designator: Old Designator=C61 New Designator=C98
Change Component Designator: Old Designator=C62 New Designator=C99
Change Component Designator: Old Designator=C63 New Designator=C100
Change Component Designator: Old Designator=C64 New Designator=C101
Change Component Designator: Old Designator=C65 New Designator=C102
Change Component Designator: Old Designator=C66 New Designator=C103
Change Component Designator: Old Designator=C67 New Designator=C104
Change Component Designator: Old Designator=C102 New Designator=C105
Change Component Designator: Old Designator=C103 New Designator=C106
Change Component Designator: Old Designator=C104 New Designator=C107
Change Component Designator: Old Designator=C105 New Designator=C108
Change Component Designator: Old Designator=C106 New Designator=C109
Change Component Designator: Old Designator=C107 New Designator=C110
Change Component Designator: Old Designator=C108 New Designator=C111
Change Component Designator: Old Designator=CM1 New Designator=CM3
Change Component Designator: Old Designator=CM2 New Designator=CM4
Change Component Designator: Old Designator=MEJ1 New Designator=MEJ3
Change Component Designator: Old Designator=MEJ2 New Designator=MEJ4
Change Component Designator: Old Designator=R41 New Designator=R85
Change Component Designator: Old Designator=R42 New Designator=R86
Change Component Designator: Old Designator=R43 New Designator=R87
Change Component Designator: Old Designator=R44 New Designator=R88
Change Component Designator: Old Designator=R45 New Designator=R89
Change Component Designator: Old Designator=R46 New Designator=R90
Change Component Designator: Old Designator=TP24 New Designator=TP48
Change Component Designator: Old Designator=TP25 New Designator=TP49
Change Component Designator: Old Designator=TP26 New Designator=TP50
Change Component Designator: Old Designator=TP27 New Designator=TP51
Change Component Designator: Old Designator=U6 New Designator=U4
Change Component Designator: Old Designator=U7 New Designator=U5
Change Component Designator: Old Designator=XC1 New Designator=XC4
Change Component Designator: Old Designator=XC2 New Designator=XC5
