Removed Pin From Net: NetName=NetDZ1_1 Pin=DZ1-1
Removed Pin From Net: NetName=GND Pin=DZ1-2
Removed Pin From Net: NetName=GND Pin=DZ4-2
Removed Pin From Net: NetName=NetDZ9_1 Pin=DZ9-1
Removed Pin From Net: NetName=GND Pin=DZ9-2
Removed Member From Class: ClassName=Protection_logic Member=DZ1
Removed Member From Class: ClassName=Protection_logic Member=DZ4
Removed Member From Class: ClassName=Protection_logic Member=DZ9
Added Component: Designator=C66(C1206)
Add component. Clean all parameters for all variants
Add component (AddParameter): Name = "LatestRevisionDate"; Value = "29-May-2009"; VariantName = "[No Variations]"
Add component (AddParameter): Name = "LatestRevisionNote"; Value = "IPC-7351 Footprint Added."; VariantName = "[No Variations]"
Add component (AddParameter): Name = "PackageDescription"; Value = "Chip Capacitor"; VariantName = "[No Variations]"
Add component (AddParameter): Name = "PackageReference"; Value = "C1206"; VariantName = "[No Variations]"
Add component (AddParameter): Name = "Published"; Value = "8-Jun-2000"; VariantName = "[No Variations]"
Add component (AddParameter): Name = "Publisher"; Value = "Altium Limited"; VariantName = "[No Variations]"
Add component (AddParameter): Name = "Value"; Value = "1nF"; VariantName = "[No Variations]"
Added Component: Designator=R57(res_smd)
Add component. Clean all parameters for all variants
Add component (AddParameter): Name = ""; Value = "3.3k"; VariantName = "[No Variations]"
Added Component: Designator=ZD1(Zener Diode)
Add component. Clean all parameters for all variants
Added Component: Designator=ZD1(Zener Diode)
Add component. Clean all parameters for all variants
Added Component: Designator=ZD1(Zener Diode)
Add component. Clean all parameters for all variants
Added Pin To Net: NetName=NetR89_2 Pin=C66-1
Added Pin To Net: NetName=NetC85_1 Pin=C66-2
Added Pin To Net: NetName=NetMax3_1 Pin=R57-1
Added Pin To Net: NetName=GND Pin=R57-2
Added Pin To Net: NetName=NetMax4_1 Pin=R81-1
Added Pin To Net: NetName=NetDZ1_1 Pin=ZD1-1
Added Pin To Net: NetName=NetDZ9_1 Pin=ZD1-1
Added Pin To Net: NetName=GND Pin=ZD1-2
Added Pin To Net: NetName=GND Pin=ZD1-2
Added Pin To Net: NetName=GND Pin=ZD1-2
Change Net Name : Old Net Name=NetC85_1 New Net Name=NetC66_2
Change Net Name : Old Net Name=NetDZ1_1 New Net Name=NetFB10_1
Change Net Name : Old Net Name=NetDZ9_1 New Net Name=NetFB17_1
Change Net Name : Old Net Name=NetR89_2 New Net Name=NetC66_1
Added Pin To Net: NetName=NetFB16_1 Pin=FB16-1
Added Pin To Net: NetName=NetFB16_1 Pin=Max3-3
Added Pin To Net: NetName=NetFB16_1 Pin=ZD1-1
Added Net: Name=NetFB16_1
Added Member To Class: ClassName=Protection_logic Member=Component C66 16V
Added Member To Class: ClassName=Protection_logic Member=Component R57 res_smd
Added Member To Class: ClassName=Protection_logic Member=Component ZD1 8.2 v
Added Member To Class: ClassName=Protection_logic Member=Component ZD1 8.2 v
Added Member To Class: ClassName=Protection_logic Member=Component ZD1 8.2 v
