Change Component Designator: Old Designator=C86 New Designator=C?
Change Component Designator: Old Designator=C87 New Designator=C?
Change Component Designator: Old Designator=C88 New Designator=C?
Change Component Designator: Old Designator=C89 New Designator=C?
Change Component Designator: Old Designator=C90 New Designator=C?
Change Component Designator: Old Designator=C91 New Designator=C?
Change Component Designator: Old Designator=C92 New Designator=C?
Change Component Designator: Old Designator=C93 New Designator=C?
Change Component Designator: Old Designator=C94 New Designator=C?
Change Component Designator: Old Designator=C95 New Designator=C?
Change Component Designator: Old Designator=C96 New Designator=C?
Change Component Designator: Old Designator=C97 New Designator=C?
Change Component Designator: Old Designator=C98 New Designator=C?
Change Component Designator: Old Designator=C99 New Designator=C?
Change Component Designator: Old Designator=C100 New Designator=C?
Change Component Designator: Old Designator=C101 New Designator=C?
Change Component Designator: Old Designator=C102 New Designator=C?
Change Component Designator: Old Designator=C103 New Designator=C?
Change Component Designator: Old Designator=C104 New Designator=C?
Change Component Designator: Old Designator=C105 New Designator=C?
Change Component Designator: Old Designator=C106 New Designator=C?
Change Component Designator: Old Designator=C107 New Designator=C?
Change Component Designator: Old Designator=C108 New Designator=C?
Change Component Designator: Old Designator=CM3 New Designator=CM?
Change Component Designator: Old Designator=CM4 New Designator=CM?
Change Component Designator: Old Designator=MEJ3 New Designator=MEJ?
Change Component Designator: Old Designator=MEJ4 New Designator=MEJ?
Change Component Designator: Old Designator=NMH1 New Designator=NMH?
Change Component Designator: Old Designator=R90 New Designator=R?
Change Component Designator: Old Designator=R91 New Designator=R?
Change Component Designator: Old Designator=R92 New Designator=R?
Change Component Designator: Old Designator=R93 New Designator=R?
Change Component Designator: Old Designator=R94 New Designator=R?
Change Component Designator: Old Designator=R95 New Designator=R?
Change Component Designator: Old Designator=TP64 New Designator=TP?
Change Component Designator: Old Designator=TP65 New Designator=TP?
Change Component Designator: Old Designator=TP66 New Designator=TP?
Change Component Designator: Old Designator=TP67 New Designator=TP?
Change Component Designator: Old Designator=TP68 New Designator=TP?
Change Component Designator: Old Designator=TP69 New Designator=TP?
Change Component Designator: Old Designator=TP70 New Designator=TP?
Change Component Designator: Old Designator=TP71 New Designator=TP?
Change Component Designator: Old Designator=TP72 New Designator=TP?
Change Component Designator: Old Designator=TP73 New Designator=TP?
Change Component Designator: Old Designator=TP74 New Designator=TP?
Change Component Designator: Old Designator=U4 New Designator=U?
Change Component Designator: Old Designator=U5 New Designator=U?
Change Component Designator: Old Designator=U6 New Designator=U?
Change Component Designator: Old Designator=U7 New Designator=U?
Change Component Designator: Old Designator=XC3 New Designator=XC?
Change Component Designator: Old Designator=XC4 New Designator=XC?
