Change Component Designator: Old Designator=1 New Designator=?
Change Component Designator: Old Designator=C1 New Designator=C?
Change Component Designator: Old Designator=C2 New Designator=C?
Change Component Designator: Old Designator=C3 New Designator=C?
Change Component Designator: Old Designator=C4 New Designator=C?
Change Component Designator: Old Designator=C5 New Designator=C?
Change Component Designator: Old Designator=C6 New Designator=C?
Change Component Designator: Old Designator=C7 New Designator=C?
Change Component Designator: Old Designator=C8 New Designator=C?
Change Component Designator: Old Designator=C9 New Designator=C?
Change Component Designator: Old Designator=C10 New Designator=C?
Change Component Designator: Old Designator=C11 New Designator=C?
Change Component Designator: Old Designator=C12 New Designator=C?
Change Component Designator: Old Designator=C13 New Designator=C?
Change Component Designator: Old Designator=C14 New Designator=C?
Change Component Designator: Old Designator=C15 New Designator=C?
Change Component Designator: Old Designator=C16 New Designator=C?
Change Component Designator: Old Designator=C17 New Designator=C?
Change Component Designator: Old Designator=C18 New Designator=C?
Change Component Designator: Old Designator=C19 New Designator=C?
Change Component Designator: Old Designator=C20 New Designator=C?
Change Component Designator: Old Designator=C21 New Designator=C?
Change Component Designator: Old Designator=C22 New Designator=C?
Change Component Designator: Old Designator=C23 New Designator=C?
Change Component Designator: Old Designator=C24 New Designator=C?
Change Component Designator: Old Designator=C25 New Designator=C?
Change Component Designator: Old Designator=C26 New Designator=C?
Change Component Designator: Old Designator=C27 New Designator=C?
Change Component Designator: Old Designator=C28 New Designator=C?
Change Component Designator: Old Designator=C29 New Designator=C?
Change Component Designator: Old Designator=C30 New Designator=C?
Change Component Designator: Old Designator=C31 New Designator=C?
Change Component Designator: Old Designator=C32 New Designator=C?
Change Component Designator: Old Designator=C33 New Designator=C?
Change Component Designator: Old Designator=C34 New Designator=C?
Change Component Designator: Old Designator=C35 New Designator=C?
Change Component Designator: Old Designator=C36 New Designator=C?
Change Component Designator: Old Designator=Cd1 New Designator=Cd?
Change Component Designator: Old Designator=Cd2 New Designator=Cd?
Change Component Designator: Old Designator=Cd3 New Designator=Cd?
Change Component Designator: Old Designator=Cd4 New Designator=Cd?
Change Component Designator: Old Designator=CP1 New Designator=CP?
Change Component Designator: Old Designator=CP2 New Designator=CP?
Change Component Designator: Old Designator=CP3 New Designator=CP?
Change Component Designator: Old Designator=CP4 New Designator=CP?
Change Component Designator: Old Designator=Cs1 New Designator=Cs?
Change Component Designator: Old Designator=Cs2 New Designator=Cs?
Change Component Designator: Old Designator=Cs3 New Designator=Cs?
Change Component Designator: Old Designator=Cs4 New Designator=Cs?
Change Component Designator: Old Designator=Csnub1 New Designator=Csnub?
Change Component Designator: Old Designator=Csnub2 New Designator=Csnub?
Change Component Designator: Old Designator=Current_Sense1 New Designator=Current_Sense?
Change Component Designator: Old Designator=Current_Sense2 New Designator=Current_Sense?
Change Component Designator: Old Designator=Current_Sense3 New Designator=Current_Sense?
Change Component Designator: Old Designator=Current_Sense4 New Designator=Current_Sense?
Change Component Designator: Old Designator=D1 New Designator=D?
Change Component Designator: Old Designator=D2 New Designator=D?
Change Component Designator: Old Designator=D3 New Designator=D?
Change Component Designator: Old Designator=D4 New Designator=D?
Change Component Designator: Old Designator=GaN1 New Designator=GaN?
Change Component Designator: Old Designator=GaN2 New Designator=GaN?
Change Component Designator: Old Designator=GaN3 New Designator=GaN?
Change Component Designator: Old Designator=GaN4 New Designator=GaN?
Change Component Designator: Old Designator=GaN5 New Designator=GaN?
Change Component Designator: Old Designator=GaN6 New Designator=GaN?
Change Component Designator: Old Designator=GaN7 New Designator=GaN?
Change Component Designator: Old Designator=GaN8 New Designator=GaN?
Change Component Designator: Old Designator=Grid1 New Designator=Grid?
Change Component Designator: Old Designator=Heat Sink1 New Designator=Heat Sink?
Change Component Designator: Old Designator=Jumper1 New Designator=Jumper?
Change Component Designator: Old Designator=L1 New Designator=L?
Change Component Designator: Old Designator=L2 New Designator=L?
Change Component Designator: Old Designator=L_snub1 New Designator=L_snub?
Change Component Designator: Old Designator=L_snub2 New Designator=L_snub?
Change Component Designator: Old Designator=Load1 New Designator=Load?
Change Component Designator: Old Designator=Logic supply1 New Designator=Logic supply?
Change Component Designator: Old Designator=Ls1 New Designator=Ls?
Change Component Designator: Old Designator=Ls2 New Designator=Ls?
Change Component Designator: Old Designator=P1 New Designator=P?
Change Component Designator: Old Designator=P2 New Designator=P?
Change Component Designator: Old Designator=P3 New Designator=P?
Change Component Designator: Old Designator=P4 New Designator=P?
Change Component Designator: Old Designator=R1 New Designator=R?
Change Component Designator: Old Designator=R2 New Designator=R?
Change Component Designator: Old Designator=R3 New Designator=R?
Change Component Designator: Old Designator=R4 New Designator=R?
Change Component Designator: Old Designator=R5 New Designator=R?
Change Component Designator: Old Designator=R6 New Designator=R?
Change Component Designator: Old Designator=R7 New Designator=R?
Change Component Designator: Old Designator=R8 New Designator=R?
Change Component Designator: Old Designator=R9 New Designator=R?
Change Component Designator: Old Designator=R10 New Designator=R?
Change Component Designator: Old Designator=R11 New Designator=R?
Change Component Designator: Old Designator=R12 New Designator=R?
Change Component Designator: Old Designator=R13 New Designator=R?
Change Component Designator: Old Designator=R14 New Designator=R?
Change Component Designator: Old Designator=R15 New Designator=R?
Change Component Designator: Old Designator=R16 New Designator=R?
Change Component Designator: Old Designator=R17 New Designator=R?
Change Component Designator: Old Designator=R18 New Designator=R?
Change Component Designator: Old Designator=R19 New Designator=R?
Change Component Designator: Old Designator=R20 New Designator=R?
Change Component Designator: Old Designator=Rsense1 New Designator=Rsense?
Change Component Designator: Old Designator=Rsense2 New Designator=Rsense?
Change Component Designator: Old Designator=RSP1 New Designator=RSP?
Change Component Designator: Old Designator=RSP2 New Designator=RSP?
Change Component Designator: Old Designator=RSP3 New Designator=RSP?
Change Component Designator: Old Designator=RSP4 New Designator=RSP?
Change Component Designator: Old Designator=T1 New Designator=T?
Change Component Designator: Old Designator=T2 New Designator=T?
Change Component Designator: Old Designator=TP1 New Designator=TP?
Change Component Designator: Old Designator=TP2 New Designator=TP?
Change Component Designator: Old Designator=TP3 New Designator=TP?
Change Component Designator: Old Designator=TP4 New Designator=TP?
Change Component Designator: Old Designator=TP5 New Designator=TP?
Change Component Designator: Old Designator=TP6 New Designator=TP?
Change Component Designator: Old Designator=TP7 New Designator=TP?
Change Component Designator: Old Designator=TP8 New Designator=TP?
Change Component Designator: Old Designator=TP9 New Designator=TP?
Change Component Designator: Old Designator=TP10 New Designator=TP?
Change Component Designator: Old Designator=TP11 New Designator=TP?
Change Component Designator: Old Designator=TP12 New Designator=TP?
Change Component Designator: Old Designator=TP13 New Designator=TP?
Change Component Designator: Old Designator=TP14 New Designator=TP?
Change Component Designator: Old Designator=TP15 New Designator=TP?
Change Component Designator: Old Designator=TP16 New Designator=TP?
Change Component Designator: Old Designator=TP17 New Designator=TP?
Change Component Designator: Old Designator=TP18 New Designator=TP?
Change Component Designator: Old Designator=TP19 New Designator=TP?
Change Component Designator: Old Designator=U1 New Designator=U?
Change Component Designator: Old Designator=U2 New Designator=U?
