Removed Pin From Net: NetName=NetD32_2 Pin=Latch1-4
Removed Pin From Net: NetName=NetD32_2 Pin=R71-1
Removed Pin From Net: NetName=NetD32_2 Pin=TP53-1
Added Component: Designator=P5(3 row header)
Add component. Clean all parameters for all variants
Added Pin To Net: NetName=NetD15_2 Pin=P5-1
Added Pin To Net: NetName=NetD16_2 Pin=P5-2
Added Pin To Net: NetName=NetD22_2 Pin=P5-3
Added Pin To Net: NetName=NetD23_2 Pin=P5-4
Added Pin To Net: NetName=NetD17_2 Pin=P5-5
Added Pin To Net: NetName=NetD18_2 Pin=P5-6
Added Pin To Net: NetName=NetD27_2 Pin=P5-7
Added Pin To Net: NetName=NetD28_2 Pin=P5-8
Added Pin To Net: NetName=NetD31_2 Pin=P5-9
Added Pin To Net: NetName=NetLatch4_6 Pin=P5-10
Added Pin To Net: NetName=NetD44_1 Pin=P5-11
Added Pin To Net: NetName=NetD42_1 Pin=P5-12
Added Pin To Net: NetName=NetD41_1 Pin=P5-13
Added Pin To Net: NetName=NetD40_1 Pin=P5-14
Added Pin To Net: NetName=NetD39_1 Pin=P5-15
Added Pin To Net: NetName=NetD38_1 Pin=P5-16
Added Pin To Net: NetName=NetD37_1 Pin=P5-17
Added Pin To Net: NetName=NetD36_1 Pin=P5-18
Added Pin To Net: NetName=NetD33_1 Pin=P5-19
Added Pin To Net: NetName=NetD32_1 Pin=P5-20
Added Pin To Net: NetName=GND Pin=P5-21
Added Pin To Net: NetName=GND Pin=P5-22
Added Pin To Net: NetName=GND Pin=P5-23
Added Pin To Net: NetName=GND Pin=P5-24
Added Pin To Net: NetName=GND Pin=P5-25
Added Pin To Net: NetName=GND Pin=P5-26
Added Pin To Net: NetName=GND Pin=P5-27
Added Pin To Net: NetName=GND Pin=P5-28
Added Pin To Net: NetName=GND Pin=P5-29
Added Pin To Net: NetName=GND Pin=P5-30
Added Pin To Net: NetName=NetLatch1_4 Pin=Latch1-4
Added Pin To Net: NetName=NetLatch1_4 Pin=R71-1
Added Pin To Net: NetName=NetLatch1_4 Pin=TP53-1
Added Net: Name=NetLatch1_4
Added Member To Class: ClassName=Protection_logic Member=Component P5 3 pin header
Added Member To Class: ClassName=Protection_logic Member=Component R78 res_smd
