Change Component Designator: Old Designator=? New Designator=1
Change Component Designator: Old Designator=C? New Designator=C1
Change Component Designator: Old Designator=C? New Designator=C2
Change Component Designator: Old Designator=C? New Designator=C3
Change Component Designator: Old Designator=C? New Designator=C4
Change Component Designator: Old Designator=C? New Designator=C5
Change Component Designator: Old Designator=C? New Designator=C6
Change Component Designator: Old Designator=C? New Designator=C7
Change Component Designator: Old Designator=C? New Designator=C8
Change Component Designator: Old Designator=C? New Designator=C9
Change Component Designator: Old Designator=C? New Designator=C10
Change Component Designator: Old Designator=C? New Designator=C11
Change Component Designator: Old Designator=C? New Designator=C12
Change Component Designator: Old Designator=C? New Designator=C13
Change Component Designator: Old Designator=C? New Designator=C14
Change Component Designator: Old Designator=C? New Designator=C15
Change Component Designator: Old Designator=C? New Designator=C16
Change Component Designator: Old Designator=C? New Designator=C17
Change Component Designator: Old Designator=C? New Designator=C18
Change Component Designator: Old Designator=C? New Designator=C19
Change Component Designator: Old Designator=C? New Designator=C20
Change Component Designator: Old Designator=C? New Designator=C21
Change Component Designator: Old Designator=C? New Designator=C22
Change Component Designator: Old Designator=C? New Designator=C23
Change Component Designator: Old Designator=C? New Designator=C24
Change Component Designator: Old Designator=C? New Designator=C25
Change Component Designator: Old Designator=C? New Designator=C26
Change Component Designator: Old Designator=C? New Designator=C27
Change Component Designator: Old Designator=C? New Designator=C28
Change Component Designator: Old Designator=C? New Designator=C29
Change Component Designator: Old Designator=C? New Designator=C30
Change Component Designator: Old Designator=C? New Designator=C31
Change Component Designator: Old Designator=C? New Designator=C32
Change Component Designator: Old Designator=C? New Designator=C33
Change Component Designator: Old Designator=C? New Designator=C34
Change Component Designator: Old Designator=C? New Designator=C35
Change Component Designator: Old Designator=Cd? New Designator=Cd1
Change Component Designator: Old Designator=Cd? New Designator=Cd2
Change Component Designator: Old Designator=Cd? New Designator=Cd3
Change Component Designator: Old Designator=Cd? New Designator=Cd4
Change Component Designator: Old Designator=CP? New Designator=CP1
Change Component Designator: Old Designator=CP? New Designator=CP2
Change Component Designator: Old Designator=CP? New Designator=CP3
Change Component Designator: Old Designator=CP? New Designator=CP4
Change Component Designator: Old Designator=Cs? New Designator=Cs1
Change Component Designator: Old Designator=Cs? New Designator=Cs2
Change Component Designator: Old Designator=Cs? New Designator=Cs3
Change Component Designator: Old Designator=Cs? New Designator=Cs4
Change Component Designator: Old Designator=Csnub? New Designator=Csnub1
Change Component Designator: Old Designator=Csnub? New Designator=Csnub2
Change Component Designator: Old Designator=Current_Sense? New Designator=Current_Sense1
Change Component Designator: Old Designator=Current_Sense? New Designator=Current_Sense2
Change Component Designator: Old Designator=Current_Sense? New Designator=Current_Sense3
Change Component Designator: Old Designator=Current_Sense? New Designator=Current_Sense4
Change Component Designator: Old Designator=D? New Designator=D1
Change Component Designator: Old Designator=D? New Designator=D2
Change Component Designator: Old Designator=D? New Designator=D3
Change Component Designator: Old Designator=D? New Designator=D4
Change Component Designator: Old Designator=GaN? New Designator=GaN1
Change Component Designator: Old Designator=GaN? New Designator=GaN2
Change Component Designator: Old Designator=GaN? New Designator=GaN3
Change Component Designator: Old Designator=GaN? New Designator=GaN4
Change Component Designator: Old Designator=GaN? New Designator=GaN5
Change Component Designator: Old Designator=GaN? New Designator=GaN6
Change Component Designator: Old Designator=GaN? New Designator=GaN7
Change Component Designator: Old Designator=GaN? New Designator=GaN8
Change Component Designator: Old Designator=Grid? New Designator=Grid1
Change Component Designator: Old Designator=Heat Sink? New Designator=Heat Sink1
Change Component Designator: Old Designator=Jumper? New Designator=Jumper1
Change Component Designator: Old Designator=L? New Designator=L1
Change Component Designator: Old Designator=L? New Designator=L2
Change Component Designator: Old Designator=L_snub? New Designator=L_snub1
Change Component Designator: Old Designator=L_snub? New Designator=L_snub2
Change Component Designator: Old Designator=Load? New Designator=Load1
Change Component Designator: Old Designator=Logic supply? New Designator=Logic supply1
Change Component Designator: Old Designator=Ls? New Designator=Ls1
Change Component Designator: Old Designator=Ls? New Designator=Ls2
Change Component Designator: Old Designator=P? New Designator=P1
Change Component Designator: Old Designator=P? New Designator=P2
Change Component Designator: Old Designator=P? New Designator=P3
Change Component Designator: Old Designator=R? New Designator=R1
Change Component Designator: Old Designator=R? New Designator=R2
Change Component Designator: Old Designator=R? New Designator=R3
Change Component Designator: Old Designator=R? New Designator=R4
Change Component Designator: Old Designator=R? New Designator=R5
Change Component Designator: Old Designator=R? New Designator=R6
Change Component Designator: Old Designator=R? New Designator=R7
Change Component Designator: Old Designator=R? New Designator=R8
Change Component Designator: Old Designator=R? New Designator=R9
Change Component Designator: Old Designator=R? New Designator=R10
Change Component Designator: Old Designator=R? New Designator=R11
Change Component Designator: Old Designator=R? New Designator=R12
Change Component Designator: Old Designator=R? New Designator=R13
Change Component Designator: Old Designator=R? New Designator=R14
Change Component Designator: Old Designator=R? New Designator=R15
Change Component Designator: Old Designator=R? New Designator=R16
Change Component Designator: Old Designator=R? New Designator=R17
Change Component Designator: Old Designator=R? New Designator=R18
Change Component Designator: Old Designator=R? New Designator=R19
Change Component Designator: Old Designator=R? New Designator=R20
Change Component Designator: Old Designator=Rsense? New Designator=Rsense1
Change Component Designator: Old Designator=RSP? New Designator=RSP1
Change Component Designator: Old Designator=RSP? New Designator=RSP2
Change Component Designator: Old Designator=RSP? New Designator=RSP3
Change Component Designator: Old Designator=RSP? New Designator=RSP4
Change Component Designator: Old Designator=T? New Designator=T1
Change Component Designator: Old Designator=T? New Designator=T2
Change Component Designator: Old Designator=TP? New Designator=TP1
Change Component Designator: Old Designator=TP? New Designator=TP2
Change Component Designator: Old Designator=TP? New Designator=TP3
Change Component Designator: Old Designator=TP? New Designator=TP4
Change Component Designator: Old Designator=TP? New Designator=TP5
Change Component Designator: Old Designator=TP? New Designator=TP6
Change Component Designator: Old Designator=TP? New Designator=TP7
Change Component Designator: Old Designator=TP? New Designator=TP8
Change Component Designator: Old Designator=TP? New Designator=TP9
Change Component Designator: Old Designator=TP? New Designator=TP10
Change Component Designator: Old Designator=TP? New Designator=TP11
Change Component Designator: Old Designator=TP? New Designator=TP12
Change Component Designator: Old Designator=TP? New Designator=TP13
Change Component Designator: Old Designator=TP? New Designator=TP14
Change Component Designator: Old Designator=TP? New Designator=TP15
Change Component Designator: Old Designator=TP? New Designator=TP16
Change Component Designator: Old Designator=TP? New Designator=TP17
Change Component Designator: Old Designator=TP? New Designator=TP18
Change Component Designator: Old Designator=TP? New Designator=TP19
Change Component Designator: Old Designator=U? New Designator=U1
Change Component Designator: Old Designator=U? New Designator=U2
