Change Component Designator: Old Designator=C51 New Designator=C78
Change Component Designator: Old Designator=C51 New Designator=C83
Change Component Designator: Old Designator=C52 New Designator=C79
Change Component Designator: Old Designator=C52 New Designator=C84
Change Component Designator: Old Designator=C53 New Designator=C80
Change Component Designator: Old Designator=C53 New Designator=C85
Change Component Designator: Old Designator=C54 New Designator=C81
Change Component Designator: Old Designator=C54 New Designator=C86
Change Component Designator: Old Designator=C55 New Designator=C82
Change Component Designator: Old Designator=C55 New Designator=C87
Change Component Designator: Old Designator=C61 New Designator=C88
Change Component Designator: Old Designator=C62 New Designator=C89
Change Component Designator: Old Designator=C63 New Designator=C90
Change Component Designator: Old Designator=C64 New Designator=C91
Change Component Designator: Old Designator=C65 New Designator=C92
Change Component Designator: Old Designator=C66 New Designator=C93
Change Component Designator: Old Designator=C67 New Designator=C94
Change Component Designator: Old Designator=CM2 New Designator=CM3
Change Component Designator: Old Designator=CM2 New Designator=CM4
Change Component Designator: Old Designator=MEJ2 New Designator=MEJ3
Change Component Designator: Old Designator=MEJ2 New Designator=MEJ4
Change Component Designator: Old Designator=R44 New Designator=R85
Change Component Designator: Old Designator=R44 New Designator=R88
Change Component Designator: Old Designator=R45 New Designator=R86
Change Component Designator: Old Designator=R45 New Designator=R89
Change Component Designator: Old Designator=R46 New Designator=R87
Change Component Designator: Old Designator=R46 New Designator=R90
Change Component Designator: Old Designator=TP31 New Designator=TP60
Change Component Designator: Old Designator=TP31 New Designator=TP62
Change Component Designator: Old Designator=TP32 New Designator=TP61
Change Component Designator: Old Designator=TP32 New Designator=TP63
Change Component Designator: Old Designator=TP35 New Designator=TP64
Change Component Designator: Old Designator=TP36 New Designator=TP65
Change Component Designator: Old Designator=TP37 New Designator=TP66
Change Component Designator: Old Designator=U3 New Designator=U4
Change Component Designator: Old Designator=U4 New Designator=U5
Change Component Designator: Old Designator=XC2 New Designator=XC3
Change Component Designator: Old Designator=XC2 New Designator=XC4
