Removed Member From Class: ClassName=Power_Board Member=C36
Removed Member From Class: ClassName=Protection_logic Member=ZD1
Change Component Designator: OldDesignator=C10 NewDesignator=C14
Change Component Designator: OldDesignator=C11 NewDesignator=C15
Change Component Designator: OldDesignator=C13 NewDesignator=C10
Change Component Designator: OldDesignator=C14 NewDesignator=C11
Change Component Designator: OldDesignator=C15 NewDesignator=C12
Change Component Designator: OldDesignator=C16 NewDesignator=C13
Change Component Designator: OldDesignator=C17 NewDesignator=C16
Change Component Designator: OldDesignator=C18 NewDesignator=C17
Change Component Designator: OldDesignator=C19 NewDesignator=C18
Change Component Designator: OldDesignator=C20 NewDesignator=C19
Change Component Designator: OldDesignator=C21 NewDesignator=C20
Change Component Designator: OldDesignator=C22 NewDesignator=C21
Change Component Designator: OldDesignator=C23 NewDesignator=C22
Change Component Designator: OldDesignator=C24 NewDesignator=C23
Change Component Designator: OldDesignator=C25 NewDesignator=C24
Change Component Designator: OldDesignator=C26 NewDesignator=C25
Change Component Designator: OldDesignator=C27 NewDesignator=C26
Change Component Designator: OldDesignator=C28 NewDesignator=C27
Change Component Designator: OldDesignator=C29 NewDesignator=C28
Change Component Designator: OldDesignator=C30 NewDesignator=C29
Change Component Designator: OldDesignator=C31 NewDesignator=C30
Change Component Designator: OldDesignator=C32 NewDesignator=C31
Change Component Designator: OldDesignator=C33 NewDesignator=C32
Change Component Designator: OldDesignator=C34 NewDesignator=C33
Change Component Designator: OldDesignator=C35 NewDesignator=C34
Change Component Designator: OldDesignator=C36 NewDesignator=C35
Change Component Designator: OldDesignator=C37 NewDesignator=C36
Change Component Designator: OldDesignator=C38 NewDesignator=C37
Change Component Designator: OldDesignator=C39 NewDesignator=C38
Change Component Designator: OldDesignator=C40 NewDesignator=C39
Change Component Designator: OldDesignator=C41 NewDesignator=C40
Change Component Designator: OldDesignator=C42 NewDesignator=C41
Change Component Designator: OldDesignator=C43 NewDesignator=C42
Change Component Designator: OldDesignator=C44 NewDesignator=C43
Change Component Designator: OldDesignator=C45 NewDesignator=C44
Change Component Designator: OldDesignator=C46 NewDesignator=C45
Change Component Designator: OldDesignator=C47 NewDesignator=C46
Change Component Designator: OldDesignator=C48 NewDesignator=C47
Change Component Designator: OldDesignator=C49 NewDesignator=C48
Change Component Designator: OldDesignator=C50 NewDesignator=C49
Change Component Designator: OldDesignator=C51 NewDesignator=C50
Change Component Designator: OldDesignator=C52 NewDesignator=C51
Change Component Designator: OldDesignator=C53 NewDesignator=C52
Change Component Designator: OldDesignator=C54 NewDesignator=C53
Change Component Designator: OldDesignator=C55 NewDesignator=C54
Change Component Designator: OldDesignator=C56 NewDesignator=C55
Change Component Designator: OldDesignator=C57 NewDesignator=C56
Change Component Designator: OldDesignator=C58 NewDesignator=C57
Change Component Designator: OldDesignator=C59 NewDesignator=C58
Change Component Designator: OldDesignator=C60 NewDesignator=C59
Change Component Designator: OldDesignator=C61 NewDesignator=C60
Change Component Designator: OldDesignator=C62 NewDesignator=C61
Change Component Designator: OldDesignator=C63 NewDesignator=C62
Change Component Designator: OldDesignator=C64 NewDesignator=C63
Change Component Designator: OldDesignator=C65 NewDesignator=C64
Change Component Designator: OldDesignator=C66 NewDesignator=C65
Change Component Designator: OldDesignator=C66 NewDesignator=C84
Change Component Designator: OldDesignator=C67 NewDesignator=C66
Change Component Designator: OldDesignator=C68 NewDesignator=C67
Change Component Designator: OldDesignator=C69 NewDesignator=C68
Change Component Designator: OldDesignator=C70 NewDesignator=C69
Change Component Designator: OldDesignator=C71 NewDesignator=C70
Change Component Designator: OldDesignator=C72 NewDesignator=C71
Change Component Designator: OldDesignator=C73 NewDesignator=C72
Change Component Designator: OldDesignator=C74 NewDesignator=C73
Change Component Designator: OldDesignator=C75 NewDesignator=C74
Change Component Designator: OldDesignator=C76 NewDesignator=C75
Change Component Designator: OldDesignator=C77 NewDesignator=C76
Change Component Designator: OldDesignator=C78 NewDesignator=C77
Change Component Designator: OldDesignator=C79 NewDesignator=C78
Change Component Designator: OldDesignator=C80 NewDesignator=C79
Change Component Designator: OldDesignator=C81 NewDesignator=C80
Change Component Designator: OldDesignator=C82 NewDesignator=C81
Change Component Designator: OldDesignator=C83 NewDesignator=C82
Change Component Designator: OldDesignator=C84 NewDesignator=C83
Change Component Designator: OldDesignator=DZ2 NewDesignator=DZ1
Change Component Designator: OldDesignator=DZ3 NewDesignator=DZ2
Change Component Designator: OldDesignator=DZ5 NewDesignator=DZ3
Change Component Designator: OldDesignator=DZ6 NewDesignator=DZ4
Change Component Designator: OldDesignator=DZ7 NewDesignator=DZ5
Change Component Designator: OldDesignator=DZ8 NewDesignator=DZ6
Change Component Designator: OldDesignator=DZ10 NewDesignator=DZ7
Change Component Designator: OldDesignator=R57 NewDesignator=R62
Change Component Designator: OldDesignator=R62 NewDesignator=R63
Change Component Designator: OldDesignator=R63 NewDesignator=R64
Change Component Designator: OldDesignator=R64 NewDesignator=R65
Change Component Designator: OldDesignator=R65 NewDesignator=R66
Change Component Designator: OldDesignator=R66 NewDesignator=R67
Change Component Designator: OldDesignator=R67 NewDesignator=R68
Change Component Designator: OldDesignator=R68 NewDesignator=R69
Change Component Designator: OldDesignator=R69 NewDesignator=R70
Change Component Designator: OldDesignator=R70 NewDesignator=R71
Change Component Designator: OldDesignator=R71 NewDesignator=R72
Change Component Designator: OldDesignator=R72 NewDesignator=R73
Change Component Designator: OldDesignator=R73 NewDesignator=R74
Change Component Designator: OldDesignator=R74 NewDesignator=R75
Change Component Designator: OldDesignator=R75 NewDesignator=R76
Change Component Designator: OldDesignator=R76 NewDesignator=R77
Change Component Designator: OldDesignator=R77 NewDesignator=R78
Change Component Designator: OldDesignator=R78 NewDesignator=R79
Change Component Designator: OldDesignator=R79 NewDesignator=R80
Change Component Designator: OldDesignator=R80 NewDesignator=R81
Change Component Designator: OldDesignator=R81 NewDesignator=R82
Change Component Designator: OldDesignator=R82 NewDesignator=R83
Change Component Designator: OldDesignator=R83 NewDesignator=R84
Change Component Designator: OldDesignator=R84 NewDesignator=R85
Change Component Designator: OldDesignator=R85 NewDesignator=R86
Change Component Designator: OldDesignator=R86 NewDesignator=R87
Change Component Designator: OldDesignator=R87 NewDesignator=R88
Change Component Designator: OldDesignator=R88 NewDesignator=R89
Change Component Designator: OldDesignator=R89 NewDesignator=R90
Change Component Designator: OldDesignator=R90 NewDesignator=R91
Change Component Designator: OldDesignator=R91 NewDesignator=R92
Change Component Designator: OldDesignator=R92 NewDesignator=R93
Change Component Designator: OldDesignator=R93 NewDesignator=R94
Change Component Designator: OldDesignator=R94 NewDesignator=R95
Change Component Designator: OldDesignator=R95 NewDesignator=R96
Change Component Designator: OldDesignator=TP23 NewDesignator=TP22
Change Component Designator: OldDesignator=TP24 NewDesignator=TP23
Change Component Designator: OldDesignator=TP26 NewDesignator=TP24
Change Component Designator: OldDesignator=TP28 NewDesignator=TP25
Change Component Designator: OldDesignator=TP30 NewDesignator=TP26
Change Component Designator: OldDesignator=TP31 NewDesignator=TP27
Change Component Designator: OldDesignator=TP32 NewDesignator=TP28
Change Component Designator: OldDesignator=TP33 NewDesignator=TP29
Change Component Designator: OldDesignator=TP34 NewDesignator=TP30
Change Component Designator: OldDesignator=TP35 NewDesignator=TP31
Change Component Designator: OldDesignator=TP36 NewDesignator=TP32
Change Component Designator: OldDesignator=TP37 NewDesignator=TP33
Change Component Designator: OldDesignator=TP38 NewDesignator=TP34
Change Component Designator: OldDesignator=TP39 NewDesignator=TP35
Change Component Designator: OldDesignator=TP40 NewDesignator=TP36
Change Component Designator: OldDesignator=TP41 NewDesignator=TP37
Change Component Designator: OldDesignator=TP42 NewDesignator=TP38
Change Component Designator: OldDesignator=TP43 NewDesignator=TP39
Change Component Designator: OldDesignator=TP44 NewDesignator=TP40
Change Component Designator: OldDesignator=TP45 NewDesignator=TP41
Change Component Designator: OldDesignator=TP46 NewDesignator=TP42
Change Component Designator: OldDesignator=TP47 NewDesignator=TP43
Change Component Designator: OldDesignator=TP48 NewDesignator=TP45
Change Component Designator: OldDesignator=TP49 NewDesignator=TP44
Change Component Designator: OldDesignator=TP50 NewDesignator=TP46
Change Component Designator: OldDesignator=TP51 NewDesignator=TP47
Change Component Designator: OldDesignator=TP52 NewDesignator=TP48
Change Component Designator: OldDesignator=TP53 NewDesignator=TP49
Change Component Designator: OldDesignator=TP54 NewDesignator=TP50
Change Component Designator: OldDesignator=TP55 NewDesignator=TP51
Change Component Designator: OldDesignator=TP56 NewDesignator=TP52
Change Component Designator: OldDesignator=TP57 NewDesignator=TP53
Change Component Designator: OldDesignator=TP58 NewDesignator=TP54
Change Component Designator: OldDesignator=TP59 NewDesignator=TP55
Change Component Designator: OldDesignator=TP60 NewDesignator=TP56
Change Component Designator: OldDesignator=TP61 NewDesignator=TP57
Change Component Designator: OldDesignator=TP62 NewDesignator=TP58
Change Component Designator: OldDesignator=TP63 NewDesignator=TP59
Change Component Designator: OldDesignator=TP64 NewDesignator=TP60
Change Component Designator: OldDesignator=TP65 NewDesignator=TP61
Change Component Designator: OldDesignator=TP66 NewDesignator=TP62
Change Component Designator: OldDesignator=TP67 NewDesignator=TP63
Change Component Designator: OldDesignator=TP68 NewDesignator=TP64
Change Component Designator: OldDesignator=TP69 NewDesignator=TP65
Change Component Designator: OldDesignator=TP70 NewDesignator=TP66
Change Component Designator: OldDesignator=TP71 NewDesignator=TP67
Change Component Designator: OldDesignator=TP72 NewDesignator=TP68
Change Component Designator: OldDesignator=TP73 NewDesignator=TP69
Change Component Designator: OldDesignator=TP74 NewDesignator=TP70
Change Component Designator: OldDesignator=ZD1 NewDesignator=ZD9
Change Component Designator: OldDesignator=ZD1 NewDesignator=ZD10
Change Component Designator: OldDesignator=ZD1 NewDesignator=ZD11
Change Net Name : Old Net Name=NetC16_1 New Net Name=NetC13_1
Change Net Name : Old Net Name=NetC18_1 New Net Name=NetC17_1
Change Net Name : Old Net Name=NetC20_1 New Net Name=NetC19_1
Change Net Name : Old Net Name=NetC21_1 New Net Name=NetC20_1
Change Net Name : Old Net Name=NetC21_2 New Net Name=NetC20_2
Change Net Name : Old Net Name=NetC22_1 New Net Name=NetC21_1
Change Net Name : Old Net Name=NetC22_2 New Net Name=NetC21_2
Change Net Name : Old Net Name=NetC25_1 New Net Name=NetC24_1
Change Net Name : Old Net Name=NetC28_1 New Net Name=NetC27_1
Change Net Name : Old Net Name=NetC30_1 New Net Name=NetC29_1
Change Net Name : Old Net Name=NetC31_1 New Net Name=NetC30_1
Change Net Name : Old Net Name=NetC31_2 New Net Name=NetC30_2
Change Net Name : Old Net Name=NetC32_1 New Net Name=NetC31_1
Change Net Name : Old Net Name=NetC32_2 New Net Name=NetC31_2
Change Net Name : Old Net Name=NetC35_1 New Net Name=NetC34_1
Change Net Name : Old Net Name=NetC39_1 New Net Name=NetC38_1
Change Net Name : Old Net Name=NetC41_1 New Net Name=NetC40_1
Change Net Name : Old Net Name=NetC44_1 New Net Name=NetC43_1
Change Net Name : Old Net Name=NetC46_1 New Net Name=NetC45_1
Change Net Name : Old Net Name=NetC47_1 New Net Name=NetC46_1
Change Net Name : Old Net Name=NetC49_1 New Net Name=NetC48_1
Change Net Name : Old Net Name=NetC50_1 New Net Name=NetC49_1
Change Net Name : Old Net Name=NetC52_1 New Net Name=NetC51_1
Change Net Name : Old Net Name=NetC53_1 New Net Name=NetC52_1
Change Net Name : Old Net Name=NetC54_1 New Net Name=NetC53_1
Change Net Name : Old Net Name=NetC54_2 New Net Name=NetC53_2
Change Net Name : Old Net Name=NetC55_2 New Net Name=NetC54_2
Change Net Name : Old Net Name=NetC59_1 New Net Name=NetC58_1
Change Net Name : Old Net Name=NetC59_2 New Net Name=NetC58_2
Change Net Name : Old Net Name=NetC60_2 New Net Name=NetC59_2
Change Net Name : Old Net Name=NetC66_1 New Net Name=NetC65_1
Change Net Name : Old Net Name=NetC66_1 New Net Name=NetC84_1
Change Net Name : Old Net Name=NetC66_2 New Net Name=NetC84_2
Change Net Name : Old Net Name=NetC68_1 New Net Name=NetC67_1
Change Net Name : Old Net Name=NetC68_2 New Net Name=NetC67_2
Change Net Name : Old Net Name=NetC70_1 New Net Name=NetC69_1
Change Net Name : Old Net Name=NetC74_1 New Net Name=NetC73_1
Change Net Name : Old Net Name=NetC75_1 New Net Name=NetC74_1
Change Net Name : Old Net Name=NetC75_2 New Net Name=NetC74_2
Change Net Name : Old Net Name=NetC81_1 New Net Name=NetC80_1
Change Net Name : Old Net Name=NetDZ2_1 New Net Name=NetDZ1_1
Change Net Name : Old Net Name=NetDZ3_1 New Net Name=NetDZ2_1
Change Net Name : Old Net Name=NetR66_1 New Net Name=NetR67_1
Change Net Name : Old Net Name=NetR67_1 New Net Name=NetR68_1
Change Net Name : Old Net Name=NetR68_1 New Net Name=NetR69_1
Change Net Name : Old Net Name=NetR71_1 New Net Name=NetR72_1
Change Net Name : Old Net Name=NetR72_1 New Net Name=NetR73_1
Change Net Name : Old Net Name=NetR73_1 New Net Name=NetR74_1
Change Net Name : Old Net Name=NetR90_2 New Net Name=NetR91_2
Change Net Name : Old Net Name=NetR93_2 New Net Name=NetR94_2
Added Member To Class: ClassName=Power_Board Member=Component C15 Output_cap
Added Member To Class: ClassName=Protection_logic Member=Component C84 16V
Added Member To Class: ClassName=Protection_logic Member=Component R90 res_smd
Added Member To Class: ClassName=Protection_logic Member=Component ZD9 8.2 v
Added Member To Class: ClassName=Protection_logic Member=Component ZD10 8.2 v
Added Member To Class: ClassName=Protection_logic Member=Component ZD11 8.2 v
