Change Component Designator: Old Designator=? New Designator=2
Change Component Designator: Old Designator=? New Designator=3
Change Component Designator: Old Designator=? New Designator=4
Change Component Designator: Old Designator=C? New Designator=C73
Change Component Designator: Old Designator=C? New Designator=C74
Change Component Designator: Old Designator=C? New Designator=C75
Change Component Designator: Old Designator=C? New Designator=C76
Change Component Designator: Old Designator=C? New Designator=C77
Change Component Designator: Old Designator=C? New Designator=C78
Change Component Designator: Old Designator=C? New Designator=C79
Change Component Designator: Old Designator=C? New Designator=C80
Change Component Designator: Old Designator=C? New Designator=C81
Change Component Designator: Old Designator=C? New Designator=C82
Change Component Designator: Old Designator=C? New Designator=C83
Change Component Designator: Old Designator=C? New Designator=C84
Change Component Designator: Old Designator=C? New Designator=C85
Change Component Designator: Old Designator=C? New Designator=C86
Change Component Designator: Old Designator=C? New Designator=C87
Change Component Designator: Old Designator=C? New Designator=C88
Change Component Designator: Old Designator=C? New Designator=C89
Change Component Designator: Old Designator=C? New Designator=C90
Change Component Designator: Old Designator=C? New Designator=C91
Change Component Designator: Old Designator=C? New Designator=C92
Change Component Designator: Old Designator=C? New Designator=C93
Change Component Designator: Old Designator=C? New Designator=C94
Change Component Designator: Old Designator=D? New Designator=D13
Change Component Designator: Old Designator=D? New Designator=D14
Change Component Designator: Old Designator=digitalopt? New Designator=digitalopt3
Change Component Designator: Old Designator=DZ? New Designator=DZ1
Change Component Designator: Old Designator=DZ? New Designator=DZ2
Change Component Designator: Old Designator=DZ? New Designator=DZ3
Change Component Designator: Old Designator=FB? New Designator=FB9
Change Component Designator: Old Designator=FB? New Designator=FB10
Change Component Designator: Old Designator=FB? New Designator=FB11
Change Component Designator: Old Designator=FB? New Designator=FB12
Change Component Designator: Old Designator=FB? New Designator=FB13
Change Component Designator: Old Designator=FB? New Designator=FB14
Change Component Designator: Old Designator=FB? New Designator=FB15
Change Component Designator: Old Designator=Jumper? New Designator=Jumper2
Change Component Designator: Old Designator=Latch? New Designator=Latch1
Change Component Designator: Old Designator=Latch? New Designator=Latch2
Change Component Designator: Old Designator=Max? New Designator=Max1
Change Component Designator: Old Designator=Max? New Designator=Max2
Change Component Designator: Old Designator=Not? New Designator=Not1
Change Component Designator: Old Designator=Pot? New Designator=Pot1
Change Component Designator: Old Designator=Pot? New Designator=Pot2
Change Component Designator: Old Designator=Pot? New Designator=Pot3
Change Component Designator: Old Designator=R? New Designator=R49
Change Component Designator: Old Designator=R? New Designator=R50
Change Component Designator: Old Designator=R? New Designator=R51
Change Component Designator: Old Designator=R? New Designator=R52
Change Component Designator: Old Designator=R? New Designator=R53
Change Component Designator: Old Designator=R? New Designator=R54
Change Component Designator: Old Designator=R? New Designator=R55
Change Component Designator: Old Designator=R? New Designator=R56
Change Component Designator: Old Designator=R? New Designator=R57
Change Component Designator: Old Designator=R? New Designator=R58
Change Component Designator: Old Designator=R? New Designator=R59
Change Component Designator: Old Designator=R? New Designator=R60
Change Component Designator: Old Designator=R? New Designator=R61
Change Component Designator: Old Designator=R? New Designator=R62
Change Component Designator: Old Designator=R? New Designator=R63
Change Component Designator: Old Designator=R? New Designator=R64
Change Component Designator: Old Designator=R? New Designator=R65
Change Component Designator: Old Designator=R? New Designator=R66
Change Component Designator: Old Designator=R? New Designator=R67
Change Component Designator: Old Designator=R? New Designator=R68
Change Component Designator: Old Designator=R? New Designator=R69
Change Component Designator: Old Designator=R? New Designator=R70
Change Component Designator: Old Designator=R? New Designator=R71
Change Component Designator: Old Designator=R? New Designator=R72
Change Component Designator: Old Designator=R? New Designator=R73
Change Component Designator: Old Designator=R? New Designator=R74
Change Component Designator: Old Designator=R? New Designator=R75
Change Component Designator: Old Designator=R? New Designator=R76
Change Component Designator: Old Designator=R? New Designator=R77
Change Component Designator: Old Designator=R? New Designator=R78
Change Component Designator: Old Designator=R? New Designator=R79
Change Component Designator: Old Designator=R? New Designator=R80
Change Component Designator: Old Designator=R? New Designator=R81
Change Component Designator: Old Designator=R? New Designator=R82
Change Component Designator: Old Designator=R? New Designator=R83
Change Component Designator: Old Designator=R? New Designator=R84
Change Component Designator: Old Designator=R? New Designator=R85
Change Component Designator: Old Designator=SW? New Designator=SW1
Change Component Designator: Old Designator=TP? New Designator=TP30
Change Component Designator: Old Designator=TP? New Designator=TP31
Change Component Designator: Old Designator=TP? New Designator=TP32
Change Component Designator: Old Designator=TP? New Designator=TP33
Change Component Designator: Old Designator=TP? New Designator=TP34
Change Component Designator: Old Designator=TP? New Designator=TP35
Change Component Designator: Old Designator=TP? New Designator=TP36
Change Component Designator: Old Designator=TP? New Designator=TP37
Change Component Designator: Old Designator=TP? New Designator=TP38
Change Component Designator: Old Designator=TP? New Designator=TP39
Change Component Designator: Old Designator=TP? New Designator=TP40
Change Component Designator: Old Designator=TP? New Designator=TP41
Change Component Designator: Old Designator=TP? New Designator=TP42
Change Component Designator: Old Designator=TP? New Designator=TP43
Change Component Designator: Old Designator=TP? New Designator=TP44
Change Component Designator: Old Designator=TP? New Designator=TP45
Change Component Designator: Old Designator=TP? New Designator=TP46
Change Component Designator: Old Designator=TP? New Designator=TP47
Change Component Designator: Old Designator=U? New Designator=U3
Change Component Designator: Old Designator=U? New Designator=U3
Change Component Designator: Old Designator=U? New Designator=U3
Change Component Designator: Old Designator=U? New Designator=U3
Change Component Designator: Old Designator=ZD? New Designator=ZD9
Change Component Designator: Old Designator=ZD? New Designator=ZD10
Change Component Designator: Old Designator=ZD? New Designator=ZD11
Change Component Designator: Old Designator=ZD? New Designator=ZD12
