Change Component Designator: Old Designator=? New Designator=2
Change Component Designator: Old Designator=? New Designator=3
Change Component Designator: Old Designator=C28 New Designator=C66
Change Component Designator: Old Designator=C28 New Designator=C77
Change Component Designator: Old Designator=C68 New Designator=C69
Change Component Designator: Old Designator=C69 New Designator=C62
Change Component Designator: Old Designator=C70 New Designator=C63
Change Component Designator: Old Designator=C70 New Designator=C76
Change Component Designator: Old Designator=C75 New Designator=C70
Change Component Designator: Old Designator=C75 New Designator=C72
Change Component Designator: Old Designator=C76 New Designator=C71
Change Component Designator: Old Designator=C77 New Designator=C64
Change Component Designator: Old Designator=C77 New Designator=C65
Change Component Designator: Old Designator=C77 New Designator=C67
Change Component Designator: Old Designator=C77 New Designator=C68
Change Component Designator: Old Designator=C77 New Designator=C73
Change Component Designator: Old Designator=C78 New Designator=C74
Change Component Designator: Old Designator=DZ2 New Designator=DZ1
Change Component Designator: Old Designator=DZ2 New Designator=DZ3
Change Component Designator: Old Designator=DZ2 New Designator=DZ4
Change Component Designator: Old Designator=DZ2 New Designator=DZ5
Change Component Designator: Old Designator=DZ2 New Designator=DZ6
Change Component Designator: Old Designator=DZ2 New Designator=DZ7
Change Component Designator: Old Designator=DZ2 New Designator=DZ8
Change Component Designator: Old Designator=FB11 New Designator=FB10
Change Component Designator: Old Designator=FB11 New Designator=FB12
Change Component Designator: Old Designator=FB12 New Designator=FB11
Change Component Designator: Old Designator=FB12 New Designator=FB13
Change Component Designator: Old Designator=FB13 New Designator=FB14
Change Component Designator: Old Designator=FB14 New Designator=FB9
Change Component Designator: Old Designator=FB14 New Designator=FB15
Change Component Designator: Old Designator=FB14 New Designator=FB16
Change Component Designator: Old Designator=Max1 New Designator=Max2
Change Component Designator: Old Designator=Max1 New Designator=Max4
Change Component Designator: Old Designator=Max1 New Designator=Max5
Change Component Designator: Old Designator=Max2 New Designator=Max3
Change Component Designator: Old Designator=Pot1 New Designator=Pot4
Change Component Designator: Old Designator=Pot2 New Designator=Pot5
Change Component Designator: Old Designator=R49 New Designator=R47
Change Component Designator: Old Designator=R49 New Designator=R69
Change Component Designator: Old Designator=R49 New Designator=R76
Change Component Designator: Old Designator=R49 New Designator=R77
Change Component Designator: Old Designator=R49 New Designator=R81
Change Component Designator: Old Designator=R50 New Designator=R48
Change Component Designator: Old Designator=R51 New Designator=R49
Change Component Designator: Old Designator=R51 New Designator=R78
Change Component Designator: Old Designator=R52 New Designator=R50
Change Component Designator: Old Designator=R53 New Designator=R51
Change Component Designator: Old Designator=R53 New Designator=R79
Change Component Designator: Old Designator=R54 New Designator=R53
Change Component Designator: Old Designator=R57 New Designator=R54
Change Component Designator: Old Designator=R59 New Designator=R56
Change Component Designator: Old Designator=R59 New Designator=R84
Change Component Designator: Old Designator=R60 New Designator=R58
Change Component Designator: Old Designator=R62 New Designator=R59
Change Component Designator: Old Designator=R62 New Designator=R61
Change Component Designator: Old Designator=R64 New Designator=R57
Change Component Designator: Old Designator=R64 New Designator=R62
Change Component Designator: Old Designator=R64 New Designator=R83
Change Component Designator: Old Designator=R65 New Designator=R64
Change Component Designator: Old Designator=R66 New Designator=R65
Change Component Designator: Old Designator=R67 New Designator=R52
Change Component Designator: Old Designator=R67 New Designator=R66
Change Component Designator: Old Designator=R67 New Designator=R80
Change Component Designator: Old Designator=R68 New Designator=R67
Change Component Designator: Old Designator=R69 New Designator=R68
Change Component Designator: Old Designator=R72 New Designator=R55
Change Component Designator: Old Designator=R72 New Designator=R82
Change Component Designator: Old Designator=TP37 New Designator=TP56
Change Component Designator: Old Designator=TP38 New Designator=TP34
Change Component Designator: Old Designator=TP40 New Designator=TP36
Change Component Designator: Old Designator=TP40 New Designator=TP55
Change Component Designator: Old Designator=TP41 New Designator=TP38
Change Component Designator: Old Designator=TP41 New Designator=TP57
Change Component Designator: Old Designator=TP42 New Designator=TP35
Change Component Designator: Old Designator=TP42 New Designator=TP39
Change Component Designator: Old Designator=TP42 New Designator=TP40
Change Component Designator: Old Designator=TP42 New Designator=TP43
Change Component Designator: Old Designator=TP42 New Designator=TP45
Change Component Designator: Old Designator=TP42 New Designator=TP48
Change Component Designator: Old Designator=TP42 New Designator=TP49
Change Component Designator: Old Designator=TP42 New Designator=TP50
Change Component Designator: Old Designator=TP42 New Designator=TP51
Change Component Designator: Old Designator=TP42 New Designator=TP52
Change Component Designator: Old Designator=TP42 New Designator=TP53
Change Component Designator: Old Designator=TP42 New Designator=TP54
Change Component Designator: Old Designator=TP42 New Designator=TP58
Change Component Designator: Old Designator=TP42 New Designator=TP59
Change Component Designator: Old Designator=TP43 New Designator=TP41
Change Component Designator: Old Designator=TP45 New Designator=TP46
Change Component Designator: Old Designator=TP46 New Designator=TP47
Change Component Designator: Old Designator=U5 New Designator=U3
Change Component Part ID : Designator=U3 Old Part ID =2 New Part ID =1
Change Component Designator: Old Designator=U5 New Designator=U3
Change Component Part ID : Designator=U3 Old Part ID =3 New Part ID =2
