Change Component Designator: Old Designator=2 New Designator=?
Change Component Designator: Old Designator=3 New Designator=?
Change Component Designator: Old Designator=4 New Designator=?
Change Component Designator: Old Designator=C73 New Designator=C?
Change Component Designator: Old Designator=C74 New Designator=C?
Change Component Designator: Old Designator=C75 New Designator=C?
Change Component Designator: Old Designator=C76 New Designator=C?
Change Component Designator: Old Designator=C77 New Designator=C?
Change Component Designator: Old Designator=C78 New Designator=C?
Change Component Designator: Old Designator=C79 New Designator=C?
Change Component Designator: Old Designator=C80 New Designator=C?
Change Component Designator: Old Designator=C81 New Designator=C?
Change Component Designator: Old Designator=C82 New Designator=C?
Change Component Designator: Old Designator=C83 New Designator=C?
Change Component Designator: Old Designator=C84 New Designator=C?
Change Component Designator: Old Designator=C85 New Designator=C?
Change Component Designator: Old Designator=C86 New Designator=C?
Change Component Designator: Old Designator=C87 New Designator=C?
Change Component Designator: Old Designator=C88 New Designator=C?
Change Component Designator: Old Designator=C89 New Designator=C?
Change Component Designator: Old Designator=C90 New Designator=C?
Change Component Designator: Old Designator=C91 New Designator=C?
Change Component Designator: Old Designator=C92 New Designator=C?
Change Component Designator: Old Designator=C93 New Designator=C?
Change Component Designator: Old Designator=C94 New Designator=C?
Change Component Designator: Old Designator=C95 New Designator=C?
Change Component Designator: Old Designator=D13 New Designator=D?
Change Component Designator: Old Designator=D14 New Designator=D?
Change Component Designator: Old Designator=digitalopt3 New Designator=digitalopt?
Change Component Designator: Old Designator=DZ1 New Designator=DZ?
Change Component Designator: Old Designator=DZ2 New Designator=DZ?
Change Component Designator: Old Designator=DZ3 New Designator=DZ?
Change Component Designator: Old Designator=FB9 New Designator=FB?
Change Component Designator: Old Designator=FB10 New Designator=FB?
Change Component Designator: Old Designator=FB11 New Designator=FB?
Change Component Designator: Old Designator=FB12 New Designator=FB?
Change Component Designator: Old Designator=FB13 New Designator=FB?
Change Component Designator: Old Designator=FB14 New Designator=FB?
Change Component Designator: Old Designator=FB15 New Designator=FB?
Change Component Designator: Old Designator=Jumper2 New Designator=Jumper?
Change Component Designator: Old Designator=Latch1 New Designator=Latch?
Change Component Designator: Old Designator=Latch2 New Designator=Latch?
Change Component Designator: Old Designator=Max1 New Designator=Max?
Change Component Designator: Old Designator=Max2 New Designator=Max?
Change Component Designator: Old Designator=Not1 New Designator=Not?
Change Component Designator: Old Designator=Pot1 New Designator=Pot?
Change Component Designator: Old Designator=Pot2 New Designator=Pot?
Change Component Designator: Old Designator=Pot3 New Designator=Pot?
Change Component Designator: Old Designator=R49 New Designator=R?
Change Component Designator: Old Designator=R50 New Designator=R?
Change Component Designator: Old Designator=R51 New Designator=R?
Change Component Designator: Old Designator=R52 New Designator=R?
Change Component Designator: Old Designator=R53 New Designator=R?
Change Component Designator: Old Designator=R54 New Designator=R?
Change Component Designator: Old Designator=R55 New Designator=R?
Change Component Designator: Old Designator=R56 New Designator=R?
Change Component Designator: Old Designator=R57 New Designator=R?
Change Component Designator: Old Designator=R58 New Designator=R?
Change Component Designator: Old Designator=R59 New Designator=R?
Change Component Designator: Old Designator=R60 New Designator=R?
Change Component Designator: Old Designator=R61 New Designator=R?
Change Component Designator: Old Designator=R62 New Designator=R?
Change Component Designator: Old Designator=R63 New Designator=R?
Change Component Designator: Old Designator=R64 New Designator=R?
Change Component Designator: Old Designator=R65 New Designator=R?
Change Component Designator: Old Designator=R66 New Designator=R?
Change Component Designator: Old Designator=R67 New Designator=R?
Change Component Designator: Old Designator=R68 New Designator=R?
Change Component Designator: Old Designator=R69 New Designator=R?
Change Component Designator: Old Designator=R70 New Designator=R?
Change Component Designator: Old Designator=R71 New Designator=R?
Change Component Designator: Old Designator=R72 New Designator=R?
Change Component Designator: Old Designator=R73 New Designator=R?
Change Component Designator: Old Designator=R74 New Designator=R?
Change Component Designator: Old Designator=R75 New Designator=R?
Change Component Designator: Old Designator=R76 New Designator=R?
Change Component Designator: Old Designator=R77 New Designator=R?
Change Component Designator: Old Designator=R78 New Designator=R?
Change Component Designator: Old Designator=R79 New Designator=R?
Change Component Designator: Old Designator=R80 New Designator=R?
Change Component Designator: Old Designator=R81 New Designator=R?
Change Component Designator: Old Designator=R82 New Designator=R?
Change Component Designator: Old Designator=R83 New Designator=R?
Change Component Designator: Old Designator=R84 New Designator=R?
Change Component Designator: Old Designator=SW1 New Designator=SW?
Change Component Designator: Old Designator=TP30 New Designator=TP?
Change Component Designator: Old Designator=TP31 New Designator=TP?
Change Component Designator: Old Designator=TP32 New Designator=TP?
Change Component Designator: Old Designator=TP33 New Designator=TP?
Change Component Designator: Old Designator=TP34 New Designator=TP?
Change Component Designator: Old Designator=TP35 New Designator=TP?
Change Component Designator: Old Designator=TP36 New Designator=TP?
Change Component Designator: Old Designator=TP37 New Designator=TP?
Change Component Designator: Old Designator=TP38 New Designator=TP?
Change Component Designator: Old Designator=TP39 New Designator=TP?
Change Component Designator: Old Designator=TP40 New Designator=TP?
Change Component Designator: Old Designator=TP41 New Designator=TP?
Change Component Designator: Old Designator=TP42 New Designator=TP?
Change Component Designator: Old Designator=TP43 New Designator=TP?
Change Component Designator: Old Designator=TP44 New Designator=TP?
Change Component Designator: Old Designator=TP45 New Designator=TP?
Change Component Designator: Old Designator=TP46 New Designator=TP?
Change Component Designator: Old Designator=TP47 New Designator=TP?
Change Component Designator: Old Designator=U3 New Designator=U?
Change Component Designator: Old Designator=U3 New Designator=U?
Change Component Designator: Old Designator=U3 New Designator=U?
Change Component Designator: Old Designator=U3 New Designator=U?
Change Component Designator: Old Designator=ZD9 New Designator=ZD?
Change Component Designator: Old Designator=ZD10 New Designator=ZD?
Change Component Designator: Old Designator=ZD11 New Designator=ZD?
Change Component Designator: Old Designator=ZD12 New Designator=ZD?
Change Component Designator: Old Designator=ZD13 New Designator=ZD?
Change Component Designator: Old Designator=ZD14 New Designator=ZD?
