Change Component Designator: Old Designator=C25 New Designator=C70
Change Component Designator: Old Designator=C34 New Designator=C75
Change Component Designator: Old Designator=C34 New Designator=C80
Change Component Designator: Old Designator=C45 New Designator=C71
Change Component Designator: Old Designator=C45 New Designator=C77
Change Component Designator: Old Designator=C71 New Designator=C76
Change Component Designator: Old Designator=C72 New Designator=C81
Change Component Designator: Old Designator=C73 New Designator=C72
Change Component Designator: Old Designator=C73 New Designator=C78
Change Component Designator: Old Designator=C73 New Designator=C82
Change Component Designator: Old Designator=C74 New Designator=C79
Change Component Designator: Old Designator=C74 New Designator=C83
Change Component Designator: Old Designator=C79 New Designator=C73
Change Component Designator: Old Designator=C80 New Designator=C84
Change Component Designator: Old Designator=D1 New Designator=D13
Change Component Designator: Old Designator=D1 New Designator=D17
Change Component Designator: Old Designator=D15 New Designator=D14
Change Component Designator: Old Designator=D15 New Designator=D16
Change Component Designator: Old Designator=D16 New Designator=D15
Change Component Designator: Old Designator=D16 New Designator=D18
Change Component Designator: Old Designator=D31 New Designator=D19
Change Component Designator: Old Designator=FB2 New Designator=FB9
Change Component Designator: Old Designator=FB2 New Designator=FB10
Change Component Designator: Old Designator=FB2 New Designator=FB11
Change Component Designator: Old Designator=FB2 New Designator=FB12
Change Component Designator: Old Designator=FB2 New Designator=FB13
Change Component Designator: Old Designator=Jumper1 New Designator=Jumper2
Change Component Designator: Old Designator=Max2 New Designator=Max1
Change Component Designator: Old Designator=Max9 New Designator=Max3
Change Component Designator: Old Designator=Pot1 New Designator=Pot3
Change Component Designator: Old Designator=Pot2 New Designator=Pot4
Change Component Designator: Old Designator=Pot9 New Designator=Pot5
Change Component Designator: Old Designator=R9 New Designator=R59
Change Component Designator: Old Designator=R9 New Designator=R69
Change Component Designator: Old Designator=R11 New Designator=R61
Change Component Designator: Old Designator=R11 New Designator=R71
Change Component Designator: Old Designator=R19 New Designator=R56
Change Component Designator: Old Designator=R20 New Designator=R85
Change Component Designator: Old Designator=R63 New Designator=R49
Change Component Designator: Old Designator=R64 New Designator=R60
Change Component Designator: Old Designator=R64 New Designator=R67
Change Component Designator: Old Designator=R65 New Designator=R51
Change Component Designator: Old Designator=R65 New Designator=R64
Change Component Designator: Old Designator=R66 New Designator=R50
Change Component Designator: Old Designator=R68 New Designator=R53
Change Component Designator: Old Designator=R68 New Designator=R65
Change Component Designator: Old Designator=R69 New Designator=R52
Change Component Designator: Old Designator=R70 New Designator=R54
Change Component Designator: Old Designator=R70 New Designator=R66
Change Component Designator: Old Designator=R73 New Designator=R62
Change Component Designator: Old Designator=R73 New Designator=R70
Change Component Designator: Old Designator=R74 New Designator=R55
Change Component Designator: Old Designator=R74 New Designator=R58
Change Component Designator: Old Designator=R124 New Designator=R73
Change Component Designator: Old Designator=R126 New Designator=R74
Change Component Designator: Old Designator=R127 New Designator=R75
Change Component Designator: Old Designator=R129 New Designator=R72
Change Component Designator: Old Designator=R132 New Designator=R76
Change Component Designator: Old Designator=R133 New Designator=R77
Change Component Designator: Old Designator=R134 New Designator=R78
Change Component Designator: Old Designator=R135 New Designator=R79
Change Component Designator: Old Designator=R136 New Designator=R57
Change Component Designator: Old Designator=R136 New Designator=R68
Change Component Designator: Old Designator=R136 New Designator=R80
Change Component Designator: Old Designator=R137 New Designator=R81
Change Component Designator: Old Designator=R138 New Designator=R82
Change Component Designator: Old Designator=R139 New Designator=R83
Change Component Designator: Old Designator=R140 New Designator=R84
Change Component Designator: Old Designator=TP22 New Designator=TP39
Change Component Designator: Old Designator=TP25 New Designator=TP41
Change Component Designator: Old Designator=TP25 New Designator=TP45
Change Component Designator: Old Designator=TP25 New Designator=TP48
Change Component Designator: Old Designator=TP25 New Designator=TP51
Change Component Designator: Old Designator=TP38 New Designator=TP42
Change Component Designator: Old Designator=TP38 New Designator=TP46
Change Component Designator: Old Designator=TP39 New Designator=TP40
Change Component Designator: Old Designator=TP39 New Designator=TP43
Change Component Designator: Old Designator=TP39 New Designator=TP44
Change Component Designator: Old Designator=TP39 New Designator=TP47
Change Component Designator: Old Designator=TP51 New Designator=TP49
Change Component Designator: Old Designator=TP52 New Designator=TP50
Change Component Designator: Old Designator=U3 New Designator=U5
Change Component Part ID : Designator=U5 Old Part ID =1 New Part ID =2
Change Component Designator: Old Designator=U3 New Designator=U5
Change Component Part ID : Designator=U5 Old Part ID =2 New Part ID =3
Change Component Designator: Old Designator=U3 New Designator=U5
Change Component Part ID : Designator=U5 Old Part ID =3 New Part ID =4
Change Component Designator: Old Designator=U3 New Designator=U5
Change Component Part ID : Designator=U5 Old Part ID =4 New Part ID =1
