Change Component Designator: Old Designator=? New Designator=2
Change Component Designator: Old Designator=C70 New Designator=C69
Change Component Designator: Old Designator=C71 New Designator=C70
Change Component Designator: Old Designator=C72 New Designator=C71
Change Component Designator: Old Designator=C73 New Designator=C72
Change Component Designator: Old Designator=C74 New Designator=C73
Change Component Designator: Old Designator=C75 New Designator=C74
Change Component Designator: Old Designator=C76 New Designator=C68
Change Component Designator: Old Designator=C81 New Designator=C75
Change Component Designator: Old Designator=C82 New Designator=C76
Change Component Designator: Old Designator=C83 New Designator=C77
Change Component Designator: Old Designator=C84 New Designator=C78
Change Component Designator: Old Designator=FB12 New Designator=FB11
Change Component Designator: Old Designator=FB12 New Designator=FB13
Change Component Designator: Old Designator=FB13 New Designator=FB14
Change Component Designator: Old Designator=Max3 New Designator=Max2
Change Component Designator: Old Designator=Pot5 New Designator=Pot3
Change Component Designator: Old Designator=R49 New Designator=R59
Change Component Designator: Old Designator=R54 New Designator=R53
Change Component Designator: Old Designator=R55 New Designator=R54
Change Component Designator: Old Designator=R56 New Designator=R55
Change Component Designator: Old Designator=R57 New Designator=R56
Change Component Designator: Old Designator=R58 New Designator=R57
Change Component Designator: Old Designator=R59 New Designator=R58
Change Component Designator: Old Designator=R72 New Designator=R63
Change Component Designator: Old Designator=R73 New Designator=R64
Change Component Designator: Old Designator=R74 New Designator=R65
Change Component Designator: Old Designator=R76 New Designator=R66
Change Component Designator: Old Designator=R77 New Designator=R67
Change Component Designator: Old Designator=R78 New Designator=R68
Change Component Designator: Old Designator=R79 New Designator=R69
Change Component Designator: Old Designator=R80 New Designator=R70
Change Component Designator: Old Designator=R81 New Designator=R71
Change Component Designator: Old Designator=R82 New Designator=R72
Change Component Designator: Old Designator=R83 New Designator=R73
Change Component Designator: Old Designator=R84 New Designator=R74
Change Component Designator: Old Designator=R85 New Designator=R75
Change Component Designator: Old Designator=TP39 New Designator=TP38
Change Component Designator: Old Designator=TP40 New Designator=TP39
Change Component Designator: Old Designator=TP41 New Designator=TP40
Change Component Designator: Old Designator=TP42 New Designator=TP41
Change Component Designator: Old Designator=TP43 New Designator=TP42
Change Component Designator: Old Designator=TP48 New Designator=TP43
Change Component Designator: Old Designator=TP49 New Designator=TP44
Change Component Designator: Old Designator=TP50 New Designator=TP45
Change Component Designator: Old Designator=TP51 New Designator=TP46
Change Component Part ID : Designator=U5 Old Part ID =3 New Part ID =2
Change Component Part ID : Designator=U5 Old Part ID =4 New Part ID =3
