Change Component Designator: Old Designator=C66 New Designator=C65
Change Component Designator: Old Designator=C66 New Designator=C84
Change Component Designator: Old Designator=C67 New Designator=C66
Change Component Designator: Old Designator=C68 New Designator=C67
Change Component Designator: Old Designator=C69 New Designator=C68
Change Component Designator: Old Designator=C70 New Designator=C69
Change Component Designator: Old Designator=C71 New Designator=C70
Change Component Designator: Old Designator=C72 New Designator=C71
Change Component Designator: Old Designator=C73 New Designator=C72
Change Component Designator: Old Designator=C74 New Designator=C73
Change Component Designator: Old Designator=C75 New Designator=C74
Change Component Designator: Old Designator=C76 New Designator=C75
Change Component Designator: Old Designator=C77 New Designator=C76
Change Component Designator: Old Designator=C78 New Designator=C77
Change Component Designator: Old Designator=C79 New Designator=C78
Change Component Designator: Old Designator=C80 New Designator=C79
Change Component Designator: Old Designator=C81 New Designator=C80
Change Component Designator: Old Designator=C82 New Designator=C81
Change Component Designator: Old Designator=C83 New Designator=C82
Change Component Designator: Old Designator=C84 New Designator=C83
Change Component Designator: Old Designator=DZ2 New Designator=DZ1
Change Component Designator: Old Designator=DZ3 New Designator=DZ2
Change Component Designator: Old Designator=DZ5 New Designator=DZ3
Change Component Designator: Old Designator=DZ6 New Designator=DZ4
Change Component Designator: Old Designator=DZ7 New Designator=DZ5
Change Component Designator: Old Designator=DZ8 New Designator=DZ6
Change Component Designator: Old Designator=DZ10 New Designator=DZ7
Change Component Designator: Old Designator=R57 New Designator=R62
Change Component Designator: Old Designator=R62 New Designator=R63
Change Component Designator: Old Designator=R63 New Designator=R64
Change Component Designator: Old Designator=R64 New Designator=R65
Change Component Designator: Old Designator=R65 New Designator=R66
Change Component Designator: Old Designator=R66 New Designator=R67
Change Component Designator: Old Designator=R67 New Designator=R68
Change Component Designator: Old Designator=R68 New Designator=R69
Change Component Designator: Old Designator=R69 New Designator=R70
Change Component Designator: Old Designator=R70 New Designator=R71
Change Component Designator: Old Designator=R71 New Designator=R72
Change Component Designator: Old Designator=R72 New Designator=R73
Change Component Designator: Old Designator=R73 New Designator=R74
Change Component Designator: Old Designator=R74 New Designator=R75
Change Component Designator: Old Designator=R75 New Designator=R76
Change Component Designator: Old Designator=R76 New Designator=R77
Change Component Designator: Old Designator=R77 New Designator=R78
Change Component Designator: Old Designator=R78 New Designator=R79
Change Component Designator: Old Designator=R79 New Designator=R80
Change Component Designator: Old Designator=R80 New Designator=R81
Change Component Designator: Old Designator=R81 New Designator=R82
Change Component Designator: Old Designator=R82 New Designator=R83
Change Component Designator: Old Designator=R83 New Designator=R84
Change Component Designator: Old Designator=R84 New Designator=R85
Change Component Designator: Old Designator=R85 New Designator=R86
Change Component Designator: Old Designator=R86 New Designator=R87
Change Component Designator: Old Designator=R87 New Designator=R88
Change Component Designator: Old Designator=R88 New Designator=R89
Change Component Designator: Old Designator=R89 New Designator=R90
Change Component Designator: Old Designator=TP36 New Designator=TP32
Change Component Designator: Old Designator=TP37 New Designator=TP33
Change Component Designator: Old Designator=TP38 New Designator=TP34
Change Component Designator: Old Designator=TP39 New Designator=TP35
Change Component Designator: Old Designator=TP40 New Designator=TP36
Change Component Designator: Old Designator=TP41 New Designator=TP37
Change Component Designator: Old Designator=TP42 New Designator=TP38
Change Component Designator: Old Designator=TP43 New Designator=TP39
Change Component Designator: Old Designator=TP44 New Designator=TP40
Change Component Designator: Old Designator=TP45 New Designator=TP41
Change Component Designator: Old Designator=TP46 New Designator=TP42
Change Component Designator: Old Designator=TP47 New Designator=TP43
Change Component Designator: Old Designator=TP48 New Designator=TP45
Change Component Designator: Old Designator=TP49 New Designator=TP44
Change Component Designator: Old Designator=TP50 New Designator=TP46
Change Component Designator: Old Designator=TP51 New Designator=TP47
Change Component Designator: Old Designator=TP52 New Designator=TP48
Change Component Designator: Old Designator=TP53 New Designator=TP49
Change Component Designator: Old Designator=TP54 New Designator=TP50
Change Component Designator: Old Designator=TP55 New Designator=TP51
Change Component Designator: Old Designator=TP56 New Designator=TP52
Change Component Designator: Old Designator=TP57 New Designator=TP53
Change Component Designator: Old Designator=TP58 New Designator=TP54
Change Component Designator: Old Designator=TP59 New Designator=TP55
Change Component Designator: Old Designator=TP60 New Designator=TP56
Change Component Designator: Old Designator=TP61 New Designator=TP57
Change Component Designator: Old Designator=TP62 New Designator=TP58
Change Component Designator: Old Designator=TP63 New Designator=TP59
Change Component Designator: Old Designator=ZD1 New Designator=ZD9
Change Component Designator: Old Designator=ZD1 New Designator=ZD11
Change Component Designator: Old Designator=ZD2 New Designator=ZD10
